0 verbose cli C:\Program Files\nodejs\node.exe C:\Users\asepr\AppData\Roaming\npm\node_modules\npm\bin\npm-cli.js
1 info using npm@10.2.5
2 info using node@v20.10.0
3 timing npm:load:whichnode Completed in 12ms
4 timing config:load:defaults Completed in 13ms
5 timing config:load:file:C:\Users\asepr\AppData\Roaming\npm\node_modules\npm\npmrc Completed in 8ms
6 timing config:load:builtin Completed in 9ms
7 timing config:load:cli Completed in 8ms
8 timing config:load:env Completed in 2ms
9 timing config:load:file:C:\Users\asepr\GreetInc\.npmrc Completed in 1ms
10 timing config:load:project Completed in 6ms
11 timing config:load:file:C:\Users\asepr\.npmrc Completed in 1ms
12 timing config:load:user Completed in 1ms
13 timing config:load:file:C:\Users\asepr\AppData\Roaming\npm\etc\npmrc Completed in 0ms
14 timing config:load:global Completed in 2ms
15 timing config:load:setEnvs Completed in 3ms
16 timing config:load Completed in 46ms
17 timing npm:load:configload Completed in 46ms
18 timing config:load:flatten Completed in 9ms
19 timing npm:load:mkdirpcache Completed in 2ms
20 timing npm:load:mkdirplogs Completed in 2ms
21 verbose title npm start
22 verbose argv "start" "--cache" "clear"
23 timing npm:load:setTitle Completed in 3ms
24 timing npm:load:display Completed in 3ms
25 verbose logfile logs-max:10 dir:C:\Users\asepr\GreetInc\clear\_logs\2024-01-12T10_55_02_426Z-
26 verbose logfile C:\Users\asepr\GreetInc\clear\_logs\2024-01-12T10_55_02_426Z-debug-0.log
27 timing npm:load:logFile Completed in 43ms
28 timing npm:load:timers Completed in 0ms
29 timing npm:load:configScope Completed in 0ms
30 timing npm:load Completed in 255ms
31 silly logfile done cleaning log files
32 http fetch GET 200 https://registry.npmjs.org/npm 10184ms
33 http fetch GET 200 https://registry.npmjs.org/npm 15367ms
34 timing command:run-script Completed in 353915ms
35 timing command:start Completed in 354029ms
36 notice
36 notice New [33mminor[39m version of npm available! [31m10.2.5[39m -> [32m10.3.0[39m
36 notice Changelog: [36mhttps://github.com/npm/cli/releases/tag/v10.3.0[39m
36 notice Run [32mnpm install -g npm@10.3.0[39m to update!
36 notice
37 verbose exit 0
38 timing npm Completed in 354801ms
39 info ok
