#
# There is insufficient memory for the Java Runtime Environment to continue.
# Native memory allocation (malloc) failed to allocate 976896 bytes for Chunk::new
# Possible reasons:
#   The system is out of physical RAM or swap space
#   The process is running with CompressedOops enabled, and the Java Heap may be blocking the growth of the native heap
# Possible solutions:
#   Reduce memory load on the system
#   Increase physical memory or swap space
#   Check if swap backing store is full
#   Decrease Java heap size (-Xmx/-Xms)
#   Decrease number of Java threads
#   Decrease Java thread stack sizes (-Xss)
#   Set larger code cache with -XX:ReservedCodeCacheSize=
#   JVM is running with Unscaled Compressed Oops mode in which the Java heap is
#     placed in the first 4GB address space. The Java Heap base address is the
#     maximum limit for the native heap growth. Please use -XX:HeapBaseMinAddress
#     to set the Java Heap base and to place the Java Heap above 4GB virtual address.
# This output file may be truncated or incomplete.
#
#  Out of Memory Error (arena.cpp:189), pid=23752, tid=29392
#
# JRE version: Java(TM) SE Runtime Environment (17.0.9+11) (build 17.0.9+11-LTS-201)
# Java VM: Java HotSpot(TM) 64-Bit Server VM (17.0.9+11-LTS-201, mixed mode, sharing, tiered, compressed oops, compressed class ptrs, g1 gc, windows-amd64)
# No core dump will be written. Minidumps are not enabled by default on client versions of Windows
#

---------------  S U M M A R Y ------------

Command Line: -XX:MaxMetaspaceSize=512m --add-opens=java.base/java.util=ALL-UNNAMED --add-opens=java.base/java.lang=ALL-UNNAMED --add-opens=java.base/java.lang.invoke=ALL-UNNAMED --add-opens=java.prefs/java.util.prefs=ALL-UNNAMED --add-opens=java.base/java.nio.charset=ALL-UNNAMED --add-opens=java.base/java.net=ALL-UNNAMED --add-opens=java.base/java.util.concurrent.atomic=ALL-UNNAMED -Xmx2048m -Dfile.encoding=windows-1252 -Duser.country=ID -Duser.language=en -Duser.variant -javaagent:C:\Users\asepr\.gradle\wrapper\dists\gradle-8.3-all\6en3ugtfdg5xnpx44z4qbwgas\gradle-8.3\lib\agents\gradle-instrumentation-agent-8.3.jar org.gradle.launcher.daemon.bootstrap.GradleDaemon 8.3

Host: AMD Ryzen 5 5500U with Radeon Graphics         , 12 cores, 5G,  Windows 11 , 64 bit Build 22621 (10.0.22621.3235)
Time: Fri Mar 15 14:17:38 2024 SE Asia Standard Time elapsed time: 5.843351 seconds (0d 0h 0m 5s)

---------------  T H R E A D  ---------------

Current thread (0x0000022db8e04b50):  JavaThread "C2 CompilerThread0" daemon [_thread_in_native, id=29392, stack(0x00000091e3000000,0x00000091e3100000)]


Current CompileTask:
C2:   5843 2457   !   4       java.net.URLClassLoader::findClass (47 bytes)

Stack: [0x00000091e3000000,0x00000091e3100000]
Native frames: (J=compiled Java code, j=interpreted, Vv=VM code, C=native code)
V  [jvm.dll+0x678a4a]
V  [jvm.dll+0x7d9cfd]
V  [jvm.dll+0x7db60e]
V  [jvm.dll+0x7dbc73]
V  [jvm.dll+0x245e1f]
V  [jvm.dll+0xaaafb]
V  [jvm.dll+0xab09c]
V  [jvm.dll+0x2ab7ef]
V  [jvm.dll+0x5812e5]
V  [jvm.dll+0x220c52]
V  [jvm.dll+0x22102f]
V  [jvm.dll+0x219f86]
V  [jvm.dll+0x217459]
V  [jvm.dll+0x1a3bc0]
V  [jvm.dll+0x2272de]
V  [jvm.dll+0x22548b]
V  [jvm.dll+0x78f58c]
V  [jvm.dll+0x78998a]
V  [jvm.dll+0x677875]
C  [ucrtbase.dll+0x29363]
C  [KERNEL32.DLL+0x1257d]
C  [ntdll.dll+0x5aa58]


---------------  P R O C E S S  ---------------

Threads class SMR info:
_java_thread_list=0x0000022ddab80100, length=25, elements={
0x0000022d9a7ef8d0, 0x0000022db8de4c30, 0x0000022db8de5ab0, 0x0000022db8dfb5a0,
0x0000022db8dfc160, 0x0000022db8e00c40, 0x0000022db8e03610, 0x0000022db8e04b50,
0x0000022db8e061b0, 0x0000022db8e155d0, 0x0000022db8dce190, 0x0000022dd8213770,
0x0000022dd98a58b0, 0x0000022dd98185f0, 0x0000022dd98180a0, 0x0000022dd979b070,
0x0000022dd9a274e0, 0x0000022dd97a94a0, 0x0000022dd97a9ec0, 0x0000022dd97a99b0,
0x0000022dd97aa3d0, 0x0000022dd97a8570, 0x0000022dd97ab810, 0x0000022dd97aa8e0,
0x0000022dd97aadf0
}

Java Threads: ( => current thread )
  0x0000022d9a7ef8d0 JavaThread "main" [_thread_blocked, id=34136, stack(0x00000091e2300000,0x00000091e2400000)]
  0x0000022db8de4c30 JavaThread "Reference Handler" daemon [_thread_blocked, id=29740, stack(0x00000091e2a00000,0x00000091e2b00000)]
  0x0000022db8de5ab0 JavaThread "Finalizer" daemon [_thread_blocked, id=21692, stack(0x00000091e2b00000,0x00000091e2c00000)]
  0x0000022db8dfb5a0 JavaThread "Signal Dispatcher" daemon [_thread_blocked, id=35580, stack(0x00000091e2c00000,0x00000091e2d00000)]
  0x0000022db8dfc160 JavaThread "Attach Listener" daemon [_thread_blocked, id=7744, stack(0x00000091e2d00000,0x00000091e2e00000)]
  0x0000022db8e00c40 JavaThread "Service Thread" daemon [_thread_blocked, id=4252, stack(0x00000091e2e00000,0x00000091e2f00000)]
  0x0000022db8e03610 JavaThread "Monitor Deflation Thread" daemon [_thread_blocked, id=14448, stack(0x00000091e2f00000,0x00000091e3000000)]
=>0x0000022db8e04b50 JavaThread "C2 CompilerThread0" daemon [_thread_in_native, id=29392, stack(0x00000091e3000000,0x00000091e3100000)]
  0x0000022db8e061b0 JavaThread "C1 CompilerThread0" daemon [_thread_blocked, id=35616, stack(0x00000091e3100000,0x00000091e3200000)]
  0x0000022db8e155d0 JavaThread "Sweeper thread" daemon [_thread_blocked, id=12564, stack(0x00000091e3200000,0x00000091e3300000)]
  0x0000022db8dce190 JavaThread "Common-Cleaner" daemon [_thread_blocked, id=31696, stack(0x00000091e3300000,0x00000091e3400000)]
  0x0000022dd8213770 JavaThread "Notification Thread" daemon [_thread_blocked, id=33860, stack(0x00000091e3400000,0x00000091e3500000)]
  0x0000022dd98a58b0 JavaThread "Daemon health stats" [_thread_blocked, id=34640, stack(0x00000091e3a00000,0x00000091e3b00000)]
  0x0000022dd98185f0 JavaThread "Incoming local TCP Connector on port 51977" [_thread_in_native, id=12744, stack(0x00000091e3b00000,0x00000091e3c00000)]
  0x0000022dd98180a0 JavaThread "Daemon periodic checks" [_thread_blocked, id=34700, stack(0x00000091e3c00000,0x00000091e3d00000)]
  0x0000022dd979b070 JavaThread "Daemon" [_thread_blocked, id=31052, stack(0x00000091e3d00000,0x00000091e3e00000)]
  0x0000022dd9a274e0 JavaThread "Handler for socket connection from /127.0.0.1:51977 to /127.0.0.1:51978" [_thread_in_native, id=13124, stack(0x00000091e3e00000,0x00000091e3f00000)]
  0x0000022dd97a94a0 JavaThread "Cancel handler" [_thread_blocked, id=14144, stack(0x00000091e3f00000,0x00000091e4000000)]
  0x0000022dd97a9ec0 JavaThread "Daemon worker" [_thread_in_native, id=10084, stack(0x00000091e4000000,0x00000091e4100000)]
  0x0000022dd97a99b0 JavaThread "Asynchronous log dispatcher for DefaultDaemonConnection: socket connection from /127.0.0.1:51977 to /127.0.0.1:51978" [_thread_blocked, id=3620, stack(0x00000091e4100000,0x00000091e4200000)]
  0x0000022dd97aa3d0 JavaThread "Stdin handler" [_thread_blocked, id=34620, stack(0x00000091e4200000,0x00000091e4300000)]
  0x0000022dd97a8570 JavaThread "Daemon client event forwarder" [_thread_blocked, id=14828, stack(0x00000091e4300000,0x00000091e4400000)]
  0x0000022dd97ab810 JavaThread "Cache worker for journal cache (C:\Users\asepr\.gradle\caches\journal-1)" [_thread_blocked, id=33516, stack(0x00000091e4900000,0x00000091e4a00000)]
  0x0000022dd97aa8e0 JavaThread "File lock request listener" [_thread_in_native, id=34236, stack(0x00000091e4a00000,0x00000091e4b00000)]
  0x0000022dd97aadf0 JavaThread "Cache worker for file hash cache (C:\Users\asepr\.gradle\caches\8.3\fileHashes)" [_thread_blocked, id=27164, stack(0x00000091e4b00000,0x00000091e4c00000)]

Other Threads:
  0x0000022db8de2c00 VMThread "VM Thread" [stack: 0x00000091e2900000,0x00000091e2a00000] [id=17608]
  0x0000022dd8214260 WatcherThread [stack: 0x00000091e3500000,0x00000091e3600000] [id=21528]
  0x0000022d9a849c70 GCTaskThread "GC Thread#0" [stack: 0x00000091e2400000,0x00000091e2500000] [id=25848]
  0x0000022dd8a99610 GCTaskThread "GC Thread#1" [stack: 0x00000091e3600000,0x00000091e3700000] [id=14560]
  0x0000022dd8a44470 GCTaskThread "GC Thread#2" [stack: 0x00000091e3700000,0x00000091e3800000] [id=19912]
  0x0000022dd8bb0850 GCTaskThread "GC Thread#3" [stack: 0x00000091e3800000,0x00000091e3900000] [id=6676]
  0x0000022dd8d58750 GCTaskThread "GC Thread#4" [stack: 0x00000091e3900000,0x00000091e3a00000] [id=33012]
  0x0000022dd9ffeaa0 GCTaskThread "GC Thread#5" [stack: 0x00000091e4400000,0x00000091e4500000] [id=14132]
  0x0000022dda260580 GCTaskThread "GC Thread#6" [stack: 0x00000091e4500000,0x00000091e4600000] [id=35524]
  0x0000022dda260840 GCTaskThread "GC Thread#7" [stack: 0x00000091e4600000,0x00000091e4700000] [id=29084]
  0x0000022dda261080 GCTaskThread "GC Thread#8" [stack: 0x00000091e4700000,0x00000091e4800000] [id=25224]
  0x0000022dda2618c0 GCTaskThread "GC Thread#9" [stack: 0x00000091e4800000,0x00000091e4900000] [id=33324]
  0x0000022d9a85abc0 ConcurrentGCThread "G1 Main Marker" [stack: 0x00000091e2500000,0x00000091e2600000] [id=35556]
  0x0000022d9a85b5d0 ConcurrentGCThread "G1 Conc#0" [stack: 0x00000091e2600000,0x00000091e2700000] [id=30676]
  0x0000022d9a8a5b10 ConcurrentGCThread "G1 Refine#0" [stack: 0x00000091e2700000,0x00000091e2800000] [id=14112]
  0x0000022d9a8a6540 ConcurrentGCThread "G1 Service" [stack: 0x00000091e2800000,0x00000091e2900000] [id=15820]

Threads with active compile tasks:
C2 CompilerThread0     5900 2457   !   4       java.net.URLClassLoader::findClass (47 bytes)

VM state: not at safepoint (normal execution)

VM Mutex/Monitor currently owned by a thread: None

Heap address: 0x0000000080000000, size: 2048 MB, Compressed Oops mode: 32-bit

CDS archive(s) mapped at: [0x0000022db9000000-0x0000022db9bd0000-0x0000022db9bd0000), size 12386304, SharedBaseAddress: 0x0000022db9000000, ArchiveRelocationMode: 1.
Compressed class space mapped at: 0x0000022dba000000-0x0000022dd4000000, reserved size: 436207616
Narrow klass base: 0x0000022db9000000, Narrow klass shift: 0, Narrow klass range: 0x100000000

GC Precious Log:
 CPUs: 12 total, 12 available
 Memory: 6005M
 Large Page Support: Disabled
 NUMA Support: Disabled
 Compressed Oops: Enabled (32-bit)
 Heap Region Size: 1M
 Heap Min Capacity: 8M
 Heap Initial Capacity: 94M
 Heap Max Capacity: 2G
 Pre-touch: Disabled
 Parallel Workers: 10
 Concurrent Workers: 3
 Concurrent Refinement Workers: 10
 Periodic GC: Disabled

Heap:
 garbage-first heap   total 96256K, used 56443K [0x0000000080000000, 0x0000000100000000)
  region size 1024K, 44 young (45056K), 7 survivors (7168K)
 Metaspace       used 17947K, committed 18304K, reserved 491520K
  class space    used 2616K, committed 2816K, reserved 425984K

Heap Regions: E=young(eden), S=young(survivor), O=old, HS=humongous(starts), HC=humongous(continues), CS=collection set, F=free, OA=open archive, CA=closed archive, TAMS=top-at-mark-start (previous, next)
|   0|0x0000000080000000, 0x0000000080100000, 0x0000000080100000|100%|HS|  |TAMS 0x0000000080000000, 0x0000000080000000| Complete 
|   1|0x0000000080100000, 0x0000000080200000, 0x0000000080200000|100%|HC|  |TAMS 0x0000000080100000, 0x0000000080100000| Complete 
|   2|0x0000000080200000, 0x0000000080300000, 0x0000000080300000|100%|HC|  |TAMS 0x0000000080200000, 0x0000000080200000| Complete 
|   3|0x0000000080300000, 0x0000000080400000, 0x0000000080400000|100%|HC|  |TAMS 0x0000000080300000, 0x0000000080300000| Complete 
|   4|0x0000000080400000, 0x0000000080500000, 0x0000000080500000|100%| O|  |TAMS 0x0000000080400000, 0x0000000080400000| Untracked 
|   5|0x0000000080500000, 0x0000000080600000, 0x0000000080600000|100%| O|  |TAMS 0x0000000080500000, 0x0000000080500000| Untracked 
|   6|0x0000000080600000, 0x0000000080700000, 0x0000000080700000|100%| O|  |TAMS 0x0000000080600000, 0x0000000080600000| Untracked 
|   7|0x0000000080700000, 0x0000000080800000, 0x0000000080800000|100%| O|  |TAMS 0x0000000080700000, 0x0000000080700000| Untracked 
|   8|0x0000000080800000, 0x0000000080900000, 0x0000000080900000|100%| O|  |TAMS 0x0000000080800000, 0x0000000080800000| Untracked 
|   9|0x0000000080900000, 0x0000000080a00000, 0x0000000080a00000|100%| O|  |TAMS 0x0000000080900000, 0x0000000080900000| Untracked 
|  10|0x0000000080a00000, 0x0000000080b00000, 0x0000000080b00000|100%| O|  |TAMS 0x0000000080a00000, 0x0000000080a00000| Untracked 
|  11|0x0000000080b00000, 0x0000000080b00000, 0x0000000080c00000|  0%| F|  |TAMS 0x0000000080b00000, 0x0000000080b00000| Untracked 
|  12|0x0000000080c00000, 0x0000000080d00000, 0x0000000080d00000|100%| O|  |TAMS 0x0000000080c00000, 0x0000000080c00000| Untracked 
|  13|0x0000000080d00000, 0x0000000080d1ec00, 0x0000000080e00000| 12%| O|  |TAMS 0x0000000080d00000, 0x0000000080d00000| Untracked 
|  14|0x0000000080e00000, 0x0000000080e00000, 0x0000000080f00000|  0%| F|  |TAMS 0x0000000080e00000, 0x0000000080e00000| Untracked 
|  15|0x0000000080f00000, 0x0000000080f00000, 0x0000000081000000|  0%| F|  |TAMS 0x0000000080f00000, 0x0000000080f00000| Untracked 
|  16|0x0000000081000000, 0x0000000081000000, 0x0000000081100000|  0%| F|  |TAMS 0x0000000081000000, 0x0000000081000000| Untracked 
|  17|0x0000000081100000, 0x0000000081100000, 0x0000000081200000|  0%| F|  |TAMS 0x0000000081100000, 0x0000000081100000| Untracked 
|  18|0x0000000081200000, 0x0000000081200000, 0x0000000081300000|  0%| F|  |TAMS 0x0000000081200000, 0x0000000081200000| Untracked 
|  19|0x0000000081300000, 0x0000000081300000, 0x0000000081400000|  0%| F|  |TAMS 0x0000000081300000, 0x0000000081300000| Untracked 
|  20|0x0000000081400000, 0x0000000081400000, 0x0000000081500000|  0%| F|  |TAMS 0x0000000081400000, 0x0000000081400000| Untracked 
|  21|0x0000000081500000, 0x0000000081500000, 0x0000000081600000|  0%| F|  |TAMS 0x0000000081500000, 0x0000000081500000| Untracked 
|  22|0x0000000081600000, 0x0000000081600000, 0x0000000081700000|  0%| F|  |TAMS 0x0000000081600000, 0x0000000081600000| Untracked 
|  23|0x0000000081700000, 0x0000000081700000, 0x0000000081800000|  0%| F|  |TAMS 0x0000000081700000, 0x0000000081700000| Untracked 
|  24|0x0000000081800000, 0x0000000081800000, 0x0000000081900000|  0%| F|  |TAMS 0x0000000081800000, 0x0000000081800000| Untracked 
|  25|0x0000000081900000, 0x0000000081900000, 0x0000000081a00000|  0%| F|  |TAMS 0x0000000081900000, 0x0000000081900000| Untracked 
|  26|0x0000000081a00000, 0x0000000081a00000, 0x0000000081b00000|  0%| F|  |TAMS 0x0000000081a00000, 0x0000000081a00000| Untracked 
|  27|0x0000000081b00000, 0x0000000081b00000, 0x0000000081c00000|  0%| F|  |TAMS 0x0000000081b00000, 0x0000000081b00000| Untracked 
|  28|0x0000000081c00000, 0x0000000081c00000, 0x0000000081d00000|  0%| F|  |TAMS 0x0000000081c00000, 0x0000000081c00000| Untracked 
|  29|0x0000000081d00000, 0x0000000081d00000, 0x0000000081e00000|  0%| F|  |TAMS 0x0000000081d00000, 0x0000000081d00000| Untracked 
|  30|0x0000000081e00000, 0x0000000081e00000, 0x0000000081f00000|  0%| F|  |TAMS 0x0000000081e00000, 0x0000000081e00000| Untracked 
|  31|0x0000000081f00000, 0x0000000081f00000, 0x0000000082000000|  0%| F|  |TAMS 0x0000000081f00000, 0x0000000081f00000| Untracked 
|  32|0x0000000082000000, 0x0000000082000000, 0x0000000082100000|  0%| F|  |TAMS 0x0000000082000000, 0x0000000082000000| Untracked 
|  33|0x0000000082100000, 0x0000000082200000, 0x0000000082200000|100%| S|CS|TAMS 0x0000000082100000, 0x0000000082100000| Complete 
|  34|0x0000000082200000, 0x0000000082300000, 0x0000000082300000|100%| S|CS|TAMS 0x0000000082200000, 0x0000000082200000| Complete 
|  35|0x0000000082300000, 0x0000000082400000, 0x0000000082400000|100%| S|CS|TAMS 0x0000000082300000, 0x0000000082300000| Complete 
|  36|0x0000000082400000, 0x0000000082500000, 0x0000000082500000|100%| S|CS|TAMS 0x0000000082400000, 0x0000000082400000| Complete 
|  37|0x0000000082500000, 0x0000000082600000, 0x0000000082600000|100%| S|CS|TAMS 0x0000000082500000, 0x0000000082500000| Complete 
|  38|0x0000000082600000, 0x0000000082700000, 0x0000000082700000|100%| S|CS|TAMS 0x0000000082600000, 0x0000000082600000| Complete 
|  39|0x0000000082700000, 0x0000000082800000, 0x0000000082800000|100%| S|CS|TAMS 0x0000000082700000, 0x0000000082700000| Complete 
|  40|0x0000000082800000, 0x0000000082800000, 0x0000000082900000|  0%| F|  |TAMS 0x0000000082800000, 0x0000000082800000| Untracked 
|  41|0x0000000082900000, 0x0000000082900000, 0x0000000082a00000|  0%| F|  |TAMS 0x0000000082900000, 0x0000000082900000| Untracked 
|  42|0x0000000082a00000, 0x0000000082a00000, 0x0000000082b00000|  0%| F|  |TAMS 0x0000000082a00000, 0x0000000082a00000| Untracked 
|  43|0x0000000082b00000, 0x0000000082b00000, 0x0000000082c00000|  0%| F|  |TAMS 0x0000000082b00000, 0x0000000082b00000| Untracked 
|  44|0x0000000082c00000, 0x0000000082c00000, 0x0000000082d00000|  0%| F|  |TAMS 0x0000000082c00000, 0x0000000082c00000| Untracked 
|  45|0x0000000082d00000, 0x0000000082d00000, 0x0000000082e00000|  0%| F|  |TAMS 0x0000000082d00000, 0x0000000082d00000| Untracked 
|  46|0x0000000082e00000, 0x0000000082e00000, 0x0000000082f00000|  0%| F|  |TAMS 0x0000000082e00000, 0x0000000082e00000| Untracked 
|  47|0x0000000082f00000, 0x0000000082f00000, 0x0000000083000000|  0%| F|  |TAMS 0x0000000082f00000, 0x0000000082f00000| Untracked 
|  48|0x0000000083000000, 0x0000000083000000, 0x0000000083100000|  0%| F|  |TAMS 0x0000000083000000, 0x0000000083000000| Untracked 
|  49|0x0000000083100000, 0x0000000083100000, 0x0000000083200000|  0%| F|  |TAMS 0x0000000083100000, 0x0000000083100000| Untracked 
|  50|0x0000000083200000, 0x0000000083200000, 0x0000000083300000|  0%| F|  |TAMS 0x0000000083200000, 0x0000000083200000| Untracked 
|  51|0x0000000083300000, 0x0000000083300000, 0x0000000083400000|  0%| F|  |TAMS 0x0000000083300000, 0x0000000083300000| Untracked 
|  52|0x0000000083400000, 0x0000000083400000, 0x0000000083500000|  0%| F|  |TAMS 0x0000000083400000, 0x0000000083400000| Untracked 
|  53|0x0000000083500000, 0x0000000083500000, 0x0000000083600000|  0%| F|  |TAMS 0x0000000083500000, 0x0000000083500000| Untracked 
|  54|0x0000000083600000, 0x0000000083600000, 0x0000000083700000|  0%| F|  |TAMS 0x0000000083600000, 0x0000000083600000| Untracked 
|  55|0x0000000083700000, 0x0000000083700000, 0x0000000083800000|  0%| F|  |TAMS 0x0000000083700000, 0x0000000083700000| Untracked 
|  56|0x0000000083800000, 0x0000000083800000, 0x0000000083900000|  0%| F|  |TAMS 0x0000000083800000, 0x0000000083800000| Untracked 
|  57|0x0000000083900000, 0x00000000839b8308, 0x0000000083a00000| 71%| E|  |TAMS 0x0000000083900000, 0x0000000083900000| Complete 
|  58|0x0000000083a00000, 0x0000000083b00000, 0x0000000083b00000|100%| E|CS|TAMS 0x0000000083a00000, 0x0000000083a00000| Complete 
|  59|0x0000000083b00000, 0x0000000083c00000, 0x0000000083c00000|100%| E|CS|TAMS 0x0000000083b00000, 0x0000000083b00000| Complete 
|  60|0x0000000083c00000, 0x0000000083d00000, 0x0000000083d00000|100%| E|CS|TAMS 0x0000000083c00000, 0x0000000083c00000| Complete 
|  61|0x0000000083d00000, 0x0000000083e00000, 0x0000000083e00000|100%| E|CS|TAMS 0x0000000083d00000, 0x0000000083d00000| Complete 
|  62|0x0000000083e00000, 0x0000000083f00000, 0x0000000083f00000|100%| E|CS|TAMS 0x0000000083e00000, 0x0000000083e00000| Complete 
|  63|0x0000000083f00000, 0x0000000084000000, 0x0000000084000000|100%| E|CS|TAMS 0x0000000083f00000, 0x0000000083f00000| Complete 
|  64|0x0000000084000000, 0x0000000084100000, 0x0000000084100000|100%| E|CS|TAMS 0x0000000084000000, 0x0000000084000000| Complete 
|  65|0x0000000084100000, 0x0000000084200000, 0x0000000084200000|100%| E|CS|TAMS 0x0000000084100000, 0x0000000084100000| Complete 
|  66|0x0000000084200000, 0x0000000084300000, 0x0000000084300000|100%| E|CS|TAMS 0x0000000084200000, 0x0000000084200000| Complete 
|  67|0x0000000084300000, 0x0000000084400000, 0x0000000084400000|100%| E|CS|TAMS 0x0000000084300000, 0x0000000084300000| Complete 
|  68|0x0000000084400000, 0x0000000084500000, 0x0000000084500000|100%| E|CS|TAMS 0x0000000084400000, 0x0000000084400000| Complete 
|  69|0x0000000084500000, 0x0000000084600000, 0x0000000084600000|100%| E|CS|TAMS 0x0000000084500000, 0x0000000084500000| Complete 
|  70|0x0000000084600000, 0x0000000084700000, 0x0000000084700000|100%| E|CS|TAMS 0x0000000084600000, 0x0000000084600000| Complete 
|  71|0x0000000084700000, 0x0000000084800000, 0x0000000084800000|100%| E|CS|TAMS 0x0000000084700000, 0x0000000084700000| Complete 
|  72|0x0000000084800000, 0x0000000084900000, 0x0000000084900000|100%| E|CS|TAMS 0x0000000084800000, 0x0000000084800000| Complete 
|  73|0x0000000084900000, 0x0000000084a00000, 0x0000000084a00000|100%| E|CS|TAMS 0x0000000084900000, 0x0000000084900000| Complete 
|  74|0x0000000084a00000, 0x0000000084b00000, 0x0000000084b00000|100%| E|CS|TAMS 0x0000000084a00000, 0x0000000084a00000| Complete 
|  75|0x0000000084b00000, 0x0000000084c00000, 0x0000000084c00000|100%| E|CS|TAMS 0x0000000084b00000, 0x0000000084b00000| Complete 
|  76|0x0000000084c00000, 0x0000000084d00000, 0x0000000084d00000|100%| E|CS|TAMS 0x0000000084c00000, 0x0000000084c00000| Complete 
|  77|0x0000000084d00000, 0x0000000084e00000, 0x0000000084e00000|100%| E|CS|TAMS 0x0000000084d00000, 0x0000000084d00000| Complete 
|  78|0x0000000084e00000, 0x0000000084f00000, 0x0000000084f00000|100%| E|CS|TAMS 0x0000000084e00000, 0x0000000084e00000| Complete 
|  79|0x0000000084f00000, 0x0000000085000000, 0x0000000085000000|100%| E|CS|TAMS 0x0000000084f00000, 0x0000000084f00000| Complete 
|  80|0x0000000085000000, 0x0000000085100000, 0x0000000085100000|100%| E|CS|TAMS 0x0000000085000000, 0x0000000085000000| Complete 
|  81|0x0000000085100000, 0x0000000085200000, 0x0000000085200000|100%| E|CS|TAMS 0x0000000085100000, 0x0000000085100000| Complete 
|  82|0x0000000085200000, 0x0000000085300000, 0x0000000085300000|100%| E|CS|TAMS 0x0000000085200000, 0x0000000085200000| Complete 
|  83|0x0000000085300000, 0x0000000085400000, 0x0000000085400000|100%| E|CS|TAMS 0x0000000085300000, 0x0000000085300000| Complete 
|  84|0x0000000085400000, 0x0000000085500000, 0x0000000085500000|100%| E|CS|TAMS 0x0000000085400000, 0x0000000085400000| Complete 
|  85|0x0000000085500000, 0x0000000085600000, 0x0000000085600000|100%| E|CS|TAMS 0x0000000085500000, 0x0000000085500000| Complete 
|  86|0x0000000085600000, 0x0000000085700000, 0x0000000085700000|100%| E|CS|TAMS 0x0000000085600000, 0x0000000085600000| Complete 
|  87|0x0000000085700000, 0x0000000085800000, 0x0000000085800000|100%| E|CS|TAMS 0x0000000085700000, 0x0000000085700000| Complete 
|  88|0x0000000085800000, 0x0000000085900000, 0x0000000085900000|100%| E|CS|TAMS 0x0000000085800000, 0x0000000085800000| Complete 
|  89|0x0000000085900000, 0x0000000085a00000, 0x0000000085a00000|100%| E|CS|TAMS 0x0000000085900000, 0x0000000085900000| Complete 
|  90|0x0000000085a00000, 0x0000000085b00000, 0x0000000085b00000|100%| E|CS|TAMS 0x0000000085a00000, 0x0000000085a00000| Complete 
|  91|0x0000000085b00000, 0x0000000085c00000, 0x0000000085c00000|100%| E|CS|TAMS 0x0000000085b00000, 0x0000000085b00000| Complete 
|  92|0x0000000085c00000, 0x0000000085d00000, 0x0000000085d00000|100%| E|CS|TAMS 0x0000000085c00000, 0x0000000085c00000| Complete 
|  93|0x0000000085d00000, 0x0000000085e00000, 0x0000000085e00000|100%| E|CS|TAMS 0x0000000085d00000, 0x0000000085d00000| Complete 

Card table byte_map: [0x0000022db19d0000,0x0000022db1dd0000] _byte_map_base: 0x0000022db15d0000

Marking Bits (Prev, Next): (CMBitMap*) 0x0000022d9a84a290, (CMBitMap*) 0x0000022d9a84a2d0
 Prev Bits: [0x0000022db21d0000, 0x0000022db41d0000)
 Next Bits: [0x0000022db41d0000, 0x0000022db61d0000)

Polling page: 0x0000022d985a0000

Metaspace:

Usage:
  Non-class:     15.00 MB used.
      Class:      2.56 MB used.
       Both:     17.56 MB used.

Virtual space:
  Non-class space:       64.00 MB reserved,      15.12 MB ( 24%) committed,  1 nodes.
      Class space:      416.00 MB reserved,       2.75 MB ( <1%) committed,  1 nodes.
             Both:      480.00 MB reserved,      17.88 MB (  4%) committed. 

Chunk freelists:
   Non-Class:  352.00 KB
       Class:  13.30 MB
        Both:  13.64 MB

MaxMetaspaceSize: 512.00 MB
CompressedClassSpaceSize: 416.00 MB
Initial GC threshold: 21.00 MB
Current GC threshold: 21.00 MB
CDS: on
MetaspaceReclaimPolicy: balanced
 - commit_granule_bytes: 65536.
 - commit_granule_words: 8192.
 - virtual_space_node_default_size: 8388608.
 - enlarge_chunks_in_place: 1.
 - new_chunks_are_fully_committed: 0.
 - uncommit_free_chunks: 1.
 - use_allocation_guard: 0.
 - handle_deallocations: 1.


Internal statistics:

num_allocs_failed_limit: 0.
num_arena_births: 218.
num_arena_deaths: 0.
num_vsnodes_births: 2.
num_vsnodes_deaths: 0.
num_space_committed: 286.
num_space_uncommitted: 0.
num_chunks_returned_to_freelist: 0.
num_chunks_taken_from_freelist: 827.
num_chunk_merges: 0.
num_chunk_splits: 551.
num_chunks_enlarged: 410.
num_inconsistent_stats: 0.

CodeHeap 'non-profiled nmethods': size=120000Kb used=1228Kb max_used=1228Kb free=118771Kb
 bounds [0x0000022da9b50000, 0x0000022da9dc0000, 0x0000022db1080000]
CodeHeap 'profiled nmethods': size=120000Kb used=5246Kb max_used=5246Kb free=114753Kb
 bounds [0x0000022da2080000, 0x0000022da25a0000, 0x0000022da95b0000]
CodeHeap 'non-nmethods': size=5760Kb used=1228Kb max_used=1283Kb free=4531Kb
 bounds [0x0000022da95b0000, 0x0000022da9820000, 0x0000022da9b50000]
 total_blobs=3076 nmethods=2538 adapters=450
 compilation: enabled
              stopped_count=0, restarted_count=0
 full_count=0

Compilation events (20 events):
Event: 5.770 Thread 0x0000022db8e061b0 2475       3       org.gradle.internal.service.DefaultServiceRegistry::access$1400 (4 bytes)
Event: 5.770 Thread 0x0000022db8e061b0 nmethod 2475 0x0000022da2582910 code [0x0000022da2582aa0, 0x0000022da2582b98]
Event: 5.791 Thread 0x0000022db8e061b0 2478       3       org.gradle.internal.service.DefaultServiceRegistry::access$1600 (6 bytes)
Event: 5.791 Thread 0x0000022db8e061b0 nmethod 2478 0x0000022da2582c10 code [0x0000022da2582da0, 0x0000022da2582ea8]
Event: 5.791 Thread 0x0000022db8e061b0 2479       3       org.gradle.internal.service.DefaultServiceRegistry$ManagedObjectServiceProvider::requiredBy (20 bytes)
Event: 5.791 Thread 0x0000022db8e061b0 nmethod 2479 0x0000022da2582f90 code [0x0000022da2583160, 0x0000022da2583668]
Event: 5.791 Thread 0x0000022db8e061b0 2480       3       org.gradle.internal.service.DefaultServiceRegistry$ManagedObjectServiceProvider::fromSameRegistry (27 bytes)
Event: 5.791 Thread 0x0000022db8e061b0 nmethod 2480 0x0000022da2583790 code [0x0000022da2583940, 0x0000022da2583cf8]
Event: 5.813 Thread 0x0000022db8e061b0 2481       3       java.util.concurrent.locks.LockSupport::setBlocker (12 bytes)
Event: 5.813 Thread 0x0000022db8e061b0 nmethod 2481 0x0000022da2583e10 code [0x0000022da2583fc0, 0x0000022da25841c8]
Event: 5.821 Thread 0x0000022db8e061b0 2482       3       java.lang.AbstractStringBuilder::appendChars (130 bytes)
Event: 5.822 Thread 0x0000022db8e061b0 nmethod 2482 0x0000022da2584290 code [0x0000022da2584480, 0x0000022da2584a28]
Event: 5.822 Thread 0x0000022db8e061b0 2483       1       com.google.common.io.LineReader::access$000 (5 bytes)
Event: 5.822 Thread 0x0000022db8e061b0 nmethod 2483 0x0000022da9c81590 code [0x0000022da9c81720, 0x0000022da9c817d8]
Event: 5.823 Thread 0x0000022db8e061b0 2484       3       jdk.internal.jimage.ImageLocation::verify (218 bytes)
Event: 5.824 Thread 0x0000022db8e061b0 nmethod 2484 0x0000022da2584c90 code [0x0000022da2584f40, 0x0000022da2585cb8]
Event: 5.825 Thread 0x0000022db8e061b0 2485       3       java.lang.StringBuilder::append (10 bytes)
Event: 5.825 Thread 0x0000022db8e061b0 nmethod 2485 0x0000022da2586210 code [0x0000022da25863a0, 0x0000022da25864e8]
Event: 5.825 Thread 0x0000022db8e061b0 2486       3       java.lang.AbstractStringBuilder::append (33 bytes)
Event: 5.825 Thread 0x0000022db8e061b0 nmethod 2486 0x0000022da2586590 code [0x0000022da2586740, 0x0000022da2586928]

GC Heap History (6 events):
Event: 0.966 GC heap before
{Heap before GC invocations=0 (full 0):
 garbage-first heap   total 96256K, used 26624K [0x0000000080000000, 0x0000000100000000)
  region size 1024K, 23 young (23552K), 0 survivors (0K)
 Metaspace       used 3024K, committed 3136K, reserved 491520K
  class space    used 387K, committed 448K, reserved 425984K
}
Event: 0.973 GC heap after
{Heap after GC invocations=1 (full 0):
 garbage-first heap   total 96256K, used 10480K [0x0000000080000000, 0x0000000100000000)
  region size 1024K, 3 young (3072K), 3 survivors (3072K)
 Metaspace       used 3024K, committed 3136K, reserved 491520K
  class space    used 387K, committed 448K, reserved 425984K
}
Event: 1.588 GC heap before
{Heap before GC invocations=1 (full 0):
 garbage-first heap   total 96256K, used 37104K [0x0000000080000000, 0x0000000100000000)
  region size 1024K, 29 young (29696K), 3 survivors (3072K)
 Metaspace       used 3998K, committed 4160K, reserved 491520K
  class space    used 490K, committed 576K, reserved 425984K
}
Event: 1.594 GC heap after
{Heap after GC invocations=2 (full 0):
 garbage-first heap   total 96256K, used 11250K [0x0000000080000000, 0x0000000100000000)
  region size 1024K, 1 young (1024K), 1 survivors (1024K)
 Metaspace       used 3998K, committed 4160K, reserved 491520K
  class space    used 490K, committed 576K, reserved 425984K
}
Event: 4.656 GC heap before
{Heap before GC invocations=2 (full 0):
 garbage-first heap   total 96256K, used 66546K [0x0000000080000000, 0x0000000100000000)
  region size 1024K, 54 young (55296K), 1 survivors (1024K)
 Metaspace       used 12833K, committed 13056K, reserved 491520K
  class space    used 1793K, committed 1920K, reserved 425984K
}
Event: 4.664 GC heap after
{Heap after GC invocations=3 (full 0):
 garbage-first heap   total 96256K, used 19579K [0x0000000080000000, 0x0000000100000000)
  region size 1024K, 7 young (7168K), 7 survivors (7168K)
 Metaspace       used 12833K, committed 13056K, reserved 491520K
  class space    used 1793K, committed 1920K, reserved 425984K
}

Deoptimization events (20 events):
Event: 5.074 Thread 0x0000022dd97a9ec0 Uncommon trap: trap_request=0xffffff45 fr.pc=0x0000022da9c15140 relative=0x00000000000000a0
Event: 5.074 Thread 0x0000022dd97a9ec0 Uncommon trap: reason=unstable_if action=reinterpret pc=0x0000022da9c15140 method=jdk.internal.misc.Unsafe.convEndian(ZI)I @ 4 c2
Event: 5.074 Thread 0x0000022dd97a9ec0 DEOPT PACKING pc=0x0000022da9c15140 sp=0x00000091e40fa760
Event: 5.074 Thread 0x0000022dd97a9ec0 DEOPT UNPACKING pc=0x0000022da96023a3 sp=0x00000091e40fa610 mode 2
Event: 5.074 Thread 0x0000022dd97a9ec0 Uncommon trap: trap_request=0xffffff45 fr.pc=0x0000022da9c12b74 relative=0x0000000000000074
Event: 5.074 Thread 0x0000022dd97a9ec0 Uncommon trap: reason=unstable_if action=reinterpret pc=0x0000022da9c12b74 method=jdk.internal.misc.Unsafe.convEndian(ZI)I @ 4 c2
Event: 5.074 Thread 0x0000022dd97a9ec0 DEOPT PACKING pc=0x0000022da9c12b74 sp=0x00000091e40fa6e0
Event: 5.074 Thread 0x0000022dd97a9ec0 DEOPT UNPACKING pc=0x0000022da96023a3 sp=0x00000091e40fa610 mode 2
Event: 5.269 Thread 0x0000022dd97a9ec0 DEOPT PACKING pc=0x0000022da2451cc9 sp=0x00000091e40fb7a0
Event: 5.270 Thread 0x0000022dd97a9ec0 DEOPT UNPACKING pc=0x0000022da9602b43 sp=0x00000091e40facb0 mode 0
Event: 5.304 Thread 0x0000022dd97a9ec0 DEOPT PACKING pc=0x0000022da2451cc9 sp=0x00000091e40f7b60
Event: 5.304 Thread 0x0000022dd97a9ec0 DEOPT UNPACKING pc=0x0000022da9602b43 sp=0x00000091e40f7070 mode 0
Event: 5.317 Thread 0x0000022dd97a9ec0 DEOPT PACKING pc=0x0000022da2451cea sp=0x00000091e40fc010
Event: 5.317 Thread 0x0000022dd97a9ec0 DEOPT UNPACKING pc=0x0000022da9602b43 sp=0x00000091e40fb520 mode 0
Event: 5.542 Thread 0x0000022dd97a9ec0 DEOPT PACKING pc=0x0000022da24c8edc sp=0x00000091e40f57b0
Event: 5.542 Thread 0x0000022dd97a9ec0 DEOPT UNPACKING pc=0x0000022da9602b43 sp=0x00000091e40f4d30 mode 0
Event: 5.721 Thread 0x0000022dd97a9ec0 Uncommon trap: trap_request=0xffffff45 fr.pc=0x0000022da9b78178 relative=0x00000000000000d8
Event: 5.721 Thread 0x0000022dd97a9ec0 Uncommon trap: reason=unstable_if action=reinterpret pc=0x0000022da9b78178 method=java.util.HashMap.hash(Ljava/lang/Object;)I @ 1 c2
Event: 5.721 Thread 0x0000022dd97a9ec0 DEOPT PACKING pc=0x0000022da9b78178 sp=0x00000091e40f9ad0
Event: 5.721 Thread 0x0000022dd97a9ec0 DEOPT UNPACKING pc=0x0000022da96023a3 sp=0x00000091e40f9a10 mode 2

Classes unloaded (0 events):
No events

Classes redefined (0 events):
No events

Internal exceptions (20 events):
Event: 4.319 Thread 0x0000022dd97a9ec0 Exception <a 'java/lang/NoSuchMethodError'{0x0000000082f17580}: 'void java.lang.invoke.DirectMethodHandle$Holder.invokeSpecial(java.lang.Object, java.lang.Object, java.lang.Object, java.lang.Object, java.lang.Object)'> (0x0000000082f17580) 
thrown [s\open\src\hotspot\share\interpreter\linkResolver.cpp, line 759]
Event: 4.322 Thread 0x0000022dd97a9ec0 Exception <a 'java/lang/NoSuchMethodError'{0x0000000082f2b3a0}: 'void java.lang.invoke.DirectMethodHandle$Holder.invokeStaticInit(java.lang.Object, java.lang.Object)'> (0x0000000082f2b3a0) 
thrown [s\open\src\hotspot\share\interpreter\linkResolver.cpp, line 759]
Event: 4.430 Thread 0x0000022dd97a9ec0 Exception <a 'java/lang/NoSuchMethodError'{0x0000000082df5788}: 'void java.lang.invoke.DelegatingMethodHandle$Holder.reinvoke_L(java.lang.Object, java.lang.Object, java.lang.Object, java.lang.Object, java.lang.Object, java.lang.Object, java.lang.Object, java.lang.Object, java.lang.Object, java.lang.Object)'> (0x0000000082df5788) 
thrown [s\open\src\hotspot\share\interpreter\linkResolver.cpp, line 759]
Event: 4.432 Thread 0x0000022dd97a9ec0 Exception <a 'java/lang/NoSuchMethodError'{0x0000000082dfdbf8}: 'java.lang.Object java.lang.invoke.DirectMethodHandle$Holder.invokeSpecial(java.lang.Object, java.lang.Object, java.lang.Object, java.lang.Object, java.lang.Object, java.lang.Object, java.lang.Object, java.lang.Object, java.lang.Object, java.lang.Object)'> (0x0000000082dfdbf8) 
thrown [s\open\src\hotspot\share\interpreter\linkResolver.cpp, line 759]
Event: 4.433 Thread 0x0000022dd97a9ec0 Exception <a 'java/lang/NoSuchMethodError'{0x0000000082c02a48}: 'java.lang.Object java.lang.invoke.Invokers$Holder.invoker(java.lang.Object, java.lang.Object, java.lang.Object, java.lang.Object, java.lang.Object, java.lang.Object, java.lang.Object, java.lang.Object, java.lang.Object, java.lang.Object)'> (0x0000000082c02a48) 
thrown [s\open\src\hotspot\share\interpreter\linkResolver.cpp, line 759]
Event: 4.435 Thread 0x0000022dd97a9ec0 Exception <a 'java/lang/NoSuchMethodError'{0x0000000082c085d0}: 'java.lang.Object java.lang.invoke.DirectMethodHandle$Holder.invokeSpecial(java.lang.Object, java.lang.Object, java.lang.Object, java.lang.Object, java.lang.Object, java.lang.Object, java.lang.Object, java.lang.Object, java.lang.Object, java.lang.Object, java.lang.Object)'> (0x0000000082c085d0) 
thrown [s\open\src\hotspot\share\interpreter\linkResolver.cpp, line 759]
Event: 4.704 Thread 0x0000022dd97a9ec0 Exception <a 'java/lang/NoSuchMethodError'{0x0000000085c25da8}: 'void java.lang.invoke.DirectMethodHandle$Holder.invokeStaticInit(java.lang.Object)'> (0x0000000085c25da8) 
thrown [s\open\src\hotspot\share\interpreter\linkResolver.cpp, line 759]
Event: 4.727 Thread 0x0000022dd97a9ec0 Exception <a 'java/lang/NoSuchMethodError'{0x0000000085cd72a8}: 'java.lang.Object java.lang.invoke.DirectMethodHandle$Holder.newInvokeSpecial(java.lang.Object, java.lang.Object, java.lang.Object, int)'> (0x0000000085cd72a8) 
thrown [s\open\src\hotspot\share\interpreter\linkResolver.cpp, line 759]
Event: 4.728 Thread 0x0000022dd97a9ec0 Exception <a 'java/lang/NoSuchMethodError'{0x0000000085cdbbd8}: 'java.lang.Object java.lang.invoke.DirectMethodHandle$Holder.invokeSpecial(java.lang.Object, java.lang.Object, java.lang.Object, java.lang.Object, int)'> (0x0000000085cdbbd8) 
thrown [s\open\src\hotspot\share\interpreter\linkResolver.cpp, line 759]
Event: 4.729 Thread 0x0000022dd97a9ec0 Exception <a 'java/lang/NoSuchMethodError'{0x0000000085cdfcf0}: 'java.lang.Object java.lang.invoke.Invokers$Holder.linkToTargetMethod(java.lang.Object, java.lang.Object, int, java.lang.Object)'> (0x0000000085cdfcf0) 
thrown [s\open\src\hotspot\share\interpreter\linkResolver.cpp, line 759]
Event: 5.106 Thread 0x0000022dd97a9ec0 Exception <a 'java/lang/NoSuchMethodError'{0x0000000084e1b428}: 'int java.lang.invoke.DirectMethodHandle$Holder.invokeSpecialIFC(java.lang.Object, java.lang.Object, java.lang.Object, java.lang.Object)'> (0x0000000084e1b428) 
thrown [s\open\src\hotspot\share\interpreter\linkResolver.cpp, line 759]
Event: 5.108 Thread 0x0000022dd97a9ec0 Exception <a 'java/lang/NoSuchMethodError'{0x0000000084e2a480}: 'java.lang.Object java.lang.invoke.DirectMethodHandle$Holder.invokeInterface(java.lang.Object, java.lang.Object, java.lang.Object)'> (0x0000000084e2a480) 
thrown [s\open\src\hotspot\share\interpreter\linkResolver.cpp, line 759]
Event: 5.108 Thread 0x0000022dd97a9ec0 Exception <a 'java/lang/IncompatibleClassChangeError'{0x0000000084e2e098}: Found class java.lang.Object, but interface was expected> (0x0000000084e2e098) 
thrown [s\open\src\hotspot\share\interpreter\linkResolver.cpp, line 826]
Event: 5.135 Thread 0x0000022dd97a9ec0 Exception <a 'java/lang/NoSuchMethodError'{0x0000000084d294a8}: 'int java.lang.invoke.DirectMethodHandle$Holder.invokeStatic(java.lang.Object, java.lang.Object, java.lang.Object, java.lang.Object)'> (0x0000000084d294a8) 
thrown [s\open\src\hotspot\share\interpreter\linkResolver.cpp, line 759]
Event: 5.136 Thread 0x0000022dd97a9ec0 Exception <a 'java/lang/NoSuchMethodError'{0x0000000084d2d0d0}: 'java.lang.Object java.lang.invoke.Invokers$Holder.invokeExact_MT(java.lang.Object, java.lang.Object, java.lang.Object, java.lang.Object, java.lang.Object, java.lang.Object)'> (0x0000000084d2d0d0) 
thrown [s\open\src\hotspot\share\interpreter\linkResolver.cpp, line 759]
Event: 5.245 Thread 0x0000022dd97a9ec0 Exception <a 'java/lang/NoSuchMethodError'{0x0000000084928960}: 'java.lang.Object java.lang.invoke.DirectMethodHandle$Holder.invokeSpecial(java.lang.Object, java.lang.Object, java.lang.Object, java.lang.Object, java.lang.Object, java.lang.Object, java.lang.Object, java.lang.Object, java.lang.Object)'> (0x0000000084928960) 
thrown [s\open\src\hotspot\share\interpreter\linkResolver.cpp, line 759]
Event: 5.373 Thread 0x0000022dd97a9ec0 Exception <a 'java/lang/NoSuchMethodError'{0x000000008445eb28}: 'java.lang.Object java.lang.invoke.DirectMethodHandle$Holder.invokeVirtual(java.lang.Object, java.lang.Object, java.lang.Object, java.lang.Object)'> (0x000000008445eb28) 
thrown [s\open\src\hotspot\share\interpreter\linkResolver.cpp, line 759]
Event: 5.445 Thread 0x0000022dd97a9ec0 Exception <a 'java/lang/NoSuchMethodError'{0x00000000843b4e90}: 'java.lang.Object java.lang.invoke.DirectMethodHandle$Holder.newInvokeSpecial(java.lang.Object, java.lang.Object, java.lang.Object, java.lang.Object, java.lang.Object, java.lang.Object, java.lang.Object)'> (0x00000000843b4e90) 
thrown [s\open\src\hotspot\share\interpreter\linkResolver.cpp, line 759]
Event: 5.446 Thread 0x0000022dd97a9ec0 Exception <a 'java/lang/NoSuchMethodError'{0x00000000843b9b60}: 'java.lang.Object java.lang.invoke.Invokers$Holder.linkToTargetMethod(java.lang.Object, java.lang.Object, java.lang.Object, java.lang.Object, java.lang.Object, java.lang.Object, java.lang.Object)'> (0x00000000843b9b60) 
thrown [s\open\src\hotspot\share\interpreter\linkResolver.cpp, line 759]
Event: 5.721 Thread 0x0000022dd97a9ec0 Implicit null exception at 0x0000022da9b780d8 to 0x0000022da9b7816e

VM Operations (20 events):
Event: 2.774 Executing VM operation: HandshakeAllThreads
Event: 2.774 Executing VM operation: HandshakeAllThreads done
Event: 2.774 Executing VM operation: Cleanup
Event: 2.774 Executing VM operation: Cleanup done
Event: 3.497 Executing VM operation: HandshakeAllThreads
Event: 3.497 Executing VM operation: HandshakeAllThreads done
Event: 3.631 Executing VM operation: HandshakeAllThreads
Event: 3.631 Executing VM operation: HandshakeAllThreads done
Event: 4.381 Executing VM operation: HandshakeAllThreads
Event: 4.381 Executing VM operation: HandshakeAllThreads done
Event: 4.381 Executing VM operation: Cleanup
Event: 4.381 Executing VM operation: Cleanup done
Event: 4.656 Executing VM operation: G1CollectForAllocation
Event: 4.665 Executing VM operation: G1CollectForAllocation done
Event: 4.841 Executing VM operation: HandshakeAllThreads
Event: 4.841 Executing VM operation: HandshakeAllThreads done
Event: 4.889 Executing VM operation: HandshakeAllThreads
Event: 4.889 Executing VM operation: HandshakeAllThreads done
Event: 4.889 Executing VM operation: HandshakeAllThreads
Event: 4.889 Executing VM operation: HandshakeAllThreads done

Events (20 events):
Event: 5.119 loading class java/io/ObjectOutputStream
Event: 5.120 loading class java/io/ObjectOutput
Event: 5.120 loading class java/io/ObjectOutput done
Event: 5.120 loading class java/io/ObjectStreamConstants
Event: 5.120 loading class java/io/ObjectStreamConstants done
Event: 5.120 loading class java/io/ObjectOutputStream done
Event: 5.121 loading class java/io/ObjectInputStream
Event: 5.122 loading class java/io/ObjectInput
Event: 5.122 loading class java/io/ObjectInput done
Event: 5.122 loading class java/io/ObjectInputStream done
Event: 5.335 loading class javax/xml/parsers/ParserConfigurationException
Event: 5.336 loading class javax/xml/parsers/ParserConfigurationException done
Event: 5.336 loading class org/xml/sax/SAXException
Event: 5.337 loading class org/xml/sax/SAXException done
Event: 5.337 loading class javax/xml/xpath/XPathExpressionException
Event: 5.337 loading class javax/xml/xpath/XPathException
Event: 5.338 loading class javax/xml/xpath/XPathException done
Event: 5.338 loading class javax/xml/xpath/XPathExpressionException done
Event: 5.338 loading class org/xml/sax/ErrorHandler
Event: 5.338 loading class org/xml/sax/ErrorHandler done


Dynamic libraries:
0x00007ff7fdc30000 - 0x00007ff7fdc40000 	C:\Program Files\Java\jdk-17\bin\java.exe
0x00007ff87dbf0000 - 0x00007ff87de06000 	C:\WINDOWS\SYSTEM32\ntdll.dll
0x00007ff87d6e0000 - 0x00007ff87d7a4000 	C:\WINDOWS\System32\KERNEL32.DLL
0x00007ff87afd0000 - 0x00007ff87b376000 	C:\WINDOWS\System32\KERNELBASE.dll
0x00007ff87b560000 - 0x00007ff87b671000 	C:\WINDOWS\System32\ucrtbase.dll
0x00007ff85b7e0000 - 0x00007ff85b7f9000 	C:\Program Files\Java\jdk-17\bin\jli.dll
0x00007ff85cdb0000 - 0x00007ff85cdcb000 	C:\Program Files\Java\jdk-17\bin\VCRUNTIME140.dll
0x00007ff87d440000 - 0x00007ff87d4f2000 	C:\WINDOWS\System32\ADVAPI32.dll
0x00007ff87d7b0000 - 0x00007ff87d857000 	C:\WINDOWS\System32\msvcrt.dll
0x00007ff87d170000 - 0x00007ff87d218000 	C:\WINDOWS\System32\sechost.dll
0x00007ff87b910000 - 0x00007ff87b938000 	C:\WINDOWS\System32\bcrypt.dll
0x00007ff87d860000 - 0x00007ff87d975000 	C:\WINDOWS\System32\RPCRT4.dll
0x00007ff87d290000 - 0x00007ff87d43d000 	C:\WINDOWS\System32\USER32.dll
0x00007ff87b530000 - 0x00007ff87b556000 	C:\WINDOWS\System32\win32u.dll
0x00007ff85e0a0000 - 0x00007ff85e333000 	C:\WINDOWS\WinSxS\amd64_microsoft.windows.common-controls_6595b64144ccf1df_6.0.22621.3235_none_270f74e173860f98\COMCTL32.dll
0x00007ff87d0e0000 - 0x00007ff87d109000 	C:\WINDOWS\System32\GDI32.dll
0x00007ff87b680000 - 0x00007ff87b798000 	C:\WINDOWS\System32\gdi32full.dll
0x00007ff87af30000 - 0x00007ff87afca000 	C:\WINDOWS\System32\msvcp_win.dll
0x00007ff878a60000 - 0x00007ff878a6a000 	C:\WINDOWS\SYSTEM32\VERSION.dll
0x00007ff87d6a0000 - 0x00007ff87d6d1000 	C:\WINDOWS\System32\IMM32.DLL
0x00007ff8684f0000 - 0x00007ff8684fc000 	C:\Program Files\Java\jdk-17\bin\vcruntime140_1.dll
0x00007ff83c6d0000 - 0x00007ff83c75e000 	C:\Program Files\Java\jdk-17\bin\msvcp140.dll
0x00007fffec980000 - 0x00007fffed561000 	C:\Program Files\Java\jdk-17\bin\server\jvm.dll
0x00007ff87d280000 - 0x00007ff87d288000 	C:\WINDOWS\System32\PSAPI.DLL
0x00007ff85af60000 - 0x00007ff85af69000 	C:\WINDOWS\SYSTEM32\WSOCK32.dll
0x00007ff873e50000 - 0x00007ff873e84000 	C:\WINDOWS\SYSTEM32\WINMM.dll
0x00007ff87c040000 - 0x00007ff87c0b1000 	C:\WINDOWS\System32\WS2_32.dll
0x00007ff879f40000 - 0x00007ff879f58000 	C:\WINDOWS\SYSTEM32\kernel.appcore.dll
0x00007ff85c020000 - 0x00007ff85c02a000 	C:\Program Files\Java\jdk-17\bin\jimage.dll
0x00007ff877db0000 - 0x00007ff877fe3000 	C:\WINDOWS\SYSTEM32\DBGHELP.DLL
0x00007ff87b940000 - 0x00007ff87bcc8000 	C:\WINDOWS\System32\combase.dll
0x00007ff87bcd0000 - 0x00007ff87bda7000 	C:\WINDOWS\System32\OLEAUT32.dll
0x00007ff869000000 - 0x00007ff869032000 	C:\WINDOWS\SYSTEM32\dbgcore.DLL
0x00007ff87b380000 - 0x00007ff87b3fa000 	C:\WINDOWS\System32\bcryptPrimitives.dll
0x00007ff857950000 - 0x00007ff85795e000 	C:\Program Files\Java\jdk-17\bin\instrument.dll
0x00007ff84cc30000 - 0x00007ff84cc55000 	C:\Program Files\Java\jdk-17\bin\java.dll
0x00007ff808eb0000 - 0x00007ff808f87000 	C:\Program Files\Java\jdk-17\bin\jsvml.dll
0x00007ff87c330000 - 0x00007ff87cb8d000 	C:\WINDOWS\System32\SHELL32.dll
0x00007ff878e40000 - 0x00007ff879738000 	C:\WINDOWS\SYSTEM32\windows.storage.dll
0x00007ff878d00000 - 0x00007ff878e3e000 	C:\WINDOWS\SYSTEM32\wintypes.dll
0x00007ff87c230000 - 0x00007ff87c323000 	C:\WINDOWS\System32\SHCORE.dll
0x00007ff87d500000 - 0x00007ff87d55e000 	C:\WINDOWS\System32\shlwapi.dll
0x00007ff87ae60000 - 0x00007ff87ae86000 	C:\WINDOWS\SYSTEM32\profapi.dll
0x00007ff84cc10000 - 0x00007ff84cc28000 	C:\Program Files\Java\jdk-17\bin\zip.dll
0x00007ff857490000 - 0x00007ff8574a9000 	C:\Program Files\Java\jdk-17\bin\net.dll
0x00007ff874730000 - 0x00007ff874867000 	C:\WINDOWS\SYSTEM32\WINHTTP.dll
0x00007ff87a3f0000 - 0x00007ff87a459000 	C:\WINDOWS\system32\mswsock.dll
0x00007ff854090000 - 0x00007ff8540a6000 	C:\Program Files\Java\jdk-17\bin\nio.dll
0x00007ff858520000 - 0x00007ff858530000 	C:\Program Files\Java\jdk-17\bin\verify.dll
0x00007ff83e3f0000 - 0x00007ff83e417000 	C:\Users\asepr\.gradle\native\68d5fa5c4cc2d200863cafc0d521ce42e7d3e7ee720ec0a83991735586a16f82\windows-amd64\native-platform.dll
0x00007ff808a70000 - 0x00007ff808bb4000 	C:\Users\asepr\.gradle\native\e376f236ea51e6404a007f0833ffe2c6e607c4080706a723a18a27aeea778392\windows-amd64\native-platform-file-events.dll
0x00007ff858180000 - 0x00007ff85818a000 	C:\Program Files\Java\jdk-17\bin\management.dll
0x00007ff857a20000 - 0x00007ff857a2b000 	C:\Program Files\Java\jdk-17\bin\management_ext.dll
0x00007ff87a650000 - 0x00007ff87a66b000 	C:\WINDOWS\SYSTEM32\CRYPTSP.dll
0x00007ff879ea0000 - 0x00007ff879ed5000 	C:\WINDOWS\system32\rsaenh.dll
0x00007ff87a4e0000 - 0x00007ff87a50c000 	C:\WINDOWS\SYSTEM32\USERENV.dll
0x00007ff87a640000 - 0x00007ff87a64c000 	C:\WINDOWS\SYSTEM32\CRYPTBASE.dll
0x00007ff8799a0000 - 0x00007ff8799cd000 	C:\WINDOWS\SYSTEM32\IPHLPAPI.DLL
0x00007ff87d010000 - 0x00007ff87d019000 	C:\WINDOWS\System32\NSI.dll
0x00007ff874a20000 - 0x00007ff874a39000 	C:\WINDOWS\SYSTEM32\dhcpcsvc6.DLL
0x00007ff874530000 - 0x00007ff87454f000 	C:\WINDOWS\SYSTEM32\dhcpcsvc.DLL
0x00007ff879a10000 - 0x00007ff879b09000 	C:\WINDOWS\SYSTEM32\DNSAPI.dll
0x00007ff8541a0000 - 0x00007ff8541ae000 	C:\Program Files\Java\jdk-17\bin\sunmscapi.dll
0x00007ff87b7a0000 - 0x00007ff87b906000 	C:\WINDOWS\System32\CRYPT32.dll
0x00007ff87a800000 - 0x00007ff87a82e000 	C:\WINDOWS\SYSTEM32\ncrypt.dll
0x00007ff87a7c0000 - 0x00007ff87a7f7000 	C:\WINDOWS\SYSTEM32\NTASN1.dll
0x00007ff8533e0000 - 0x00007ff8533e8000 	C:\WINDOWS\system32\wshunix.dll

dbghelp: loaded successfully - version: 4.0.5 - missing functions: none
symbol engine: initialized successfully - sym options: 0x614 - pdb path: .;C:\Program Files\Java\jdk-17\bin;C:\WINDOWS\SYSTEM32;C:\WINDOWS\WinSxS\amd64_microsoft.windows.common-controls_6595b64144ccf1df_6.0.22621.3235_none_270f74e173860f98;C:\Program Files\Java\jdk-17\bin\server;C:\Users\asepr\.gradle\native\68d5fa5c4cc2d200863cafc0d521ce42e7d3e7ee720ec0a83991735586a16f82\windows-amd64;C:\Users\asepr\.gradle\native\e376f236ea51e6404a007f0833ffe2c6e607c4080706a723a18a27aeea778392\windows-amd64

VM Arguments:
jvm_args: -XX:MaxMetaspaceSize=512m --add-opens=java.base/java.util=ALL-UNNAMED --add-opens=java.base/java.lang=ALL-UNNAMED --add-opens=java.base/java.lang.invoke=ALL-UNNAMED --add-opens=java.prefs/java.util.prefs=ALL-UNNAMED --add-opens=java.base/java.nio.charset=ALL-UNNAMED --add-opens=java.base/java.net=ALL-UNNAMED --add-opens=java.base/java.util.concurrent.atomic=ALL-UNNAMED -Xmx2048m -Dfile.encoding=windows-1252 -Duser.country=ID -Duser.language=en -Duser.variant -javaagent:C:\Users\asepr\.gradle\wrapper\dists\gradle-8.3-all\6en3ugtfdg5xnpx44z4qbwgas\gradle-8.3\lib\agents\gradle-instrumentation-agent-8.3.jar 
java_command: org.gradle.launcher.daemon.bootstrap.GradleDaemon 8.3
java_class_path (initial): C:\Users\asepr\.gradle\wrapper\dists\gradle-8.3-all\6en3ugtfdg5xnpx44z4qbwgas\gradle-8.3\lib\gradle-launcher-8.3.jar
Launcher Type: SUN_STANDARD

[Global flags]
     intx CICompilerCount                          = 4                                         {product} {ergonomic}
   size_t CompressedClassSpaceSize                 = 436207616                                 {product} {ergonomic}
     uint ConcGCThreads                            = 3                                         {product} {ergonomic}
     uint G1ConcRefinementThreads                  = 10                                        {product} {ergonomic}
   size_t G1HeapRegionSize                         = 1048576                                   {product} {ergonomic}
    uintx GCDrainStackTargetSize                   = 64                                        {product} {ergonomic}
   size_t InitialHeapSize                          = 98566144                                  {product} {ergonomic}
   size_t MarkStackSize                            = 4194304                                   {product} {ergonomic}
   size_t MaxHeapSize                              = 2147483648                                {product} {command line}
   size_t MaxMetaspaceSize                         = 536870912                                 {product} {command line}
   size_t MaxNewSize                               = 1287651328                                {product} {ergonomic}
   size_t MinHeapDeltaBytes                        = 1048576                                   {product} {ergonomic}
   size_t MinHeapSize                              = 8388608                                   {product} {ergonomic}
    uintx NonNMethodCodeHeapSize                   = 5839372                                {pd product} {ergonomic}
    uintx NonProfiledCodeHeapSize                  = 122909434                              {pd product} {ergonomic}
    uintx ProfiledCodeHeapSize                     = 122909434                              {pd product} {ergonomic}
    uintx ReservedCodeCacheSize                    = 251658240                              {pd product} {ergonomic}
     bool SegmentedCodeCache                       = true                                      {product} {ergonomic}
   size_t SoftMaxHeapSize                          = 2147483648                             {manageable} {ergonomic}
     bool UseCompressedClassPointers               = true                           {product lp64_product} {ergonomic}
     bool UseCompressedOops                        = true                           {product lp64_product} {ergonomic}
     bool UseG1GC                                  = true                                      {product} {ergonomic}
     bool UseLargePagesIndividualAllocation        = false                                  {pd product} {ergonomic}

Logging:
Log output configuration:
 #0: stdout all=warning uptime,level,tags
 #1: stderr all=off uptime,level,tags

Environment Variables:
JAVA_HOME=C:\Program Files\Java\jdk-17
CLASSPATH=C:\Users\asepr\GreetInc\android\\gradle\wrapper\gradle-wrapper.jar
PATH=C:\Users\asepr\GreetInc\node_modules\.bin;C:\Users\asepr\GreetInc\node_modules\.bin;C:\Users\asepr\node_modules\.bin;C:\Users\node_modules\.bin;C:\node_modules\.bin;C:\Users\asepr\AppData\Roaming\npm\node_modules\npm\node_modules\@npmcli\run-script\lib\node-gyp-bin;C:\Users\asepr\GreetInc\node_modules\.bin;C:\Users\asepr\node_modules\.bin;C:\Users\node_modules\.bin;C:\node_modules\.bin;C:\Users\asepr\AppData\Roaming\npm\node_modules\npm\node_modules\@npmcli\run-script\lib\node-gyp-bin;C:\Users\asepr\bin;C:\Program Files\Git\mingw64\bin;C:\Program Files\Git\usr\local\bin;C:\Program Files\Git\usr\bin;C:\Program Files\Git\usr\bin;C:\Program Files\Git\mingw64\bin;C:\Program Files\Git\usr\bin;C:\Users\asepr\bin;C:\Program Files\Common Files\Oracle\Java\javapath;C:\WINDOWS\system32;C:\WINDOWS;C:\WINDOWS\System32\Wbem;C:\WINDOWS\System32\WindowsPowerShell\v1.0;C:\WINDOWS\System32\OpenSSH;C:\Program Files\Git\cmd;C:\Program Files\Redis;C:\xampp\php;C:\Program Files\apache-maven-3.8.3\bin;C:\Program Files\PuTTY;C:\instantclient_21_3;C:\curl-7.81.0-win64-mingw\bin;C:\Program Files\Go\bin;C:\ProgramData\ComposerSetup\bin;C:\Program Files\Docker\Docker\resources\bin;C:\Program Files\nodejs;C:\Users\asepr\scoop\shims;C:\Users\asepr\AppData\Local\Microsoft\WindowsApps;C:\Users\asepr\Downloads\apache-maven-3.8.3;C:\flutter\bin;C:\Users\asepr\go\bin;C:\Program Files\heroku\bin;C:\Users\asepr\apps\gsudo;C:\instantclient_21_3;C:\curl-7.81.0-win64-mingw\bin;C:\Users\asepr\AppData\Local\Microsoft\WindowsApps;C:\Users\asepr\AppData\Local\Programs\Microsoft VS Code\bin;C:\Users\asepr\go\bin;C:\Users\asepr\AppData\Roaming\Composer\vendor\bin;C:\Program Files\nodejs;C:\Users\asepr\AppData\Roaming\npm;C:\Program Files\Git\usr\bin\vendor_perl;C:\Program Files\Git\usr\bin\core_perl
USERNAME=asepr
SHELL=C:\Program Files\Git\usr\bin\bash.exe
DISPLAY=needs-to-be-defined
LANG=en_US.UTF-8
OS=Windows_NT
PROCESSOR_IDENTIFIER=AMD64 Family 23 Model 104 Stepping 1, AuthenticAMD



---------------  S Y S T E M  ---------------

OS:
 Windows 11 , 64 bit Build 22621 (10.0.22621.3235)
OS uptime: 1 days 1:42 hours
Hyper-V role detected

CPU: total 12 (initial active 12) (12 cores per cpu, 2 threads per core) family 23 model 104 stepping 1 microcode 0x0, cx8, cmov, fxsr, ht, mmx, 3dnowpref, sse, sse2, sse3, ssse3, sse4a, sse4.1, sse4.2, popcnt, lzcnt, tsc, tscinvbit, avx, avx2, aes, clmul, bmi1, bmi2, adx, sha, fma, vzeroupper, clflush, clflushopt, hv

Memory: 4k page, system-wide physical 6005M (34M free)
TotalPageFile size 24437M (AvailPageFile size 6M)
current process WorkingSet (physical memory assigned to process): 178M, peak: 178M
current process commit charge ("private bytes"): 247M, peak: 250M

vm_info: Java HotSpot(TM) 64-Bit Server VM (17.0.9+11-LTS-201) for windows-amd64 JRE (17.0.9+11-LTS-201), built on Oct 10 2023 23:16:06 by "mach5one" with MS VC++ 17.1 (VS2022)

END.
