#
# There is insufficient memory for the Java Runtime Environment to continue.
# Native memory allocation (mmap) failed to map 152043520 bytes for G1 virtual space
# Possible reasons:
#   The system is out of physical RAM or swap space
#   The process is running with CompressedOops enabled, and the Java Heap may be blocking the growth of the native heap
# Possible solutions:
#   Reduce memory load on the system
#   Increase physical memory or swap space
#   Check if swap backing store is full
#   Decrease Java heap size (-Xmx/-Xms)
#   Decrease number of Java threads
#   Decrease Java thread stack sizes (-Xss)
#   Set larger code cache with -XX:ReservedCodeCacheSize=
#   JVM is running with Unscaled Compressed Oops mode in which the Java heap is
#     placed in the first 4GB address space. The Java Heap base address is the
#     maximum limit for the native heap growth. Please use -XX:HeapBaseMinAddress
#     to set the Java Heap base and to place the Java Heap above 4GB virtual address.
# This output file may be truncated or incomplete.
#
#  Out of Memory Error (os_windows.cpp:3552), pid=26372, tid=29932
#
# JRE version: Java(TM) SE Runtime Environment (17.0.9+11) (build 17.0.9+11-LTS-201)
# Java VM: Java HotSpot(TM) 64-Bit Server VM (17.0.9+11-LTS-201, mixed mode, sharing, tiered, compressed oops, compressed class ptrs, g1 gc, windows-amd64)
# No core dump will be written. Minidumps are not enabled by default on client versions of Windows
#

---------------  S U M M A R Y ------------

Command Line: -XX:MaxMetaspaceSize=512m --add-opens=java.base/java.util=ALL-UNNAMED --add-opens=java.base/java.lang=ALL-UNNAMED --add-opens=java.base/java.lang.invoke=ALL-UNNAMED --add-opens=java.prefs/java.util.prefs=ALL-UNNAMED --add-opens=java.base/java.nio.charset=ALL-UNNAMED --add-opens=java.base/java.net=ALL-UNNAMED --add-opens=java.base/java.util.concurrent.atomic=ALL-UNNAMED -Xmx2048m -Dfile.encoding=windows-1252 -Duser.country=ID -Duser.language=en -Duser.variant -javaagent:C:\Users\asepr\.gradle\wrapper\dists\gradle-8.3-all\6en3ugtfdg5xnpx44z4qbwgas\gradle-8.3\lib\agents\gradle-instrumentation-agent-8.3.jar org.gradle.launcher.daemon.bootstrap.GradleDaemon 8.3

Host: AMD Ryzen 5 5500U with Radeon Graphics         , 12 cores, 5G,  Windows 11 , 64 bit Build 22621 (10.0.22621.2506)
Time: Fri Dec 15 15:42:44 2023 SE Asia Standard Time elapsed time: 55.328442 seconds (0d 0h 0m 55s)

---------------  T H R E A D  ---------------

Current thread (0x000001a4df7bf7a0):  VMThread "VM Thread" [stack: 0x000000827ee00000,0x000000827ef00000] [id=29932]

Stack: [0x000000827ee00000,0x000000827ef00000]
Native frames: (J=compiled Java code, j=interpreted, Vv=VM code, C=native code)
V  [jvm.dll+0x678a4a]
V  [jvm.dll+0x7d9cfd]
V  [jvm.dll+0x7db60e]
V  [jvm.dll+0x7dbc73]
V  [jvm.dll+0x245e1f]
V  [jvm.dll+0x6758f9]
V  [jvm.dll+0x66a2a2]
V  [jvm.dll+0x303686]
V  [jvm.dll+0x30ac06]
V  [jvm.dll+0x35a48e]
V  [jvm.dll+0x35a6bf]
V  [jvm.dll+0x2da678]
V  [jvm.dll+0x2d8a85]
V  [jvm.dll+0x2d808c]
V  [jvm.dll+0x31b97b]
V  [jvm.dll+0x7e048b]
V  [jvm.dll+0x7e11c4]
V  [jvm.dll+0x7e16dd]
V  [jvm.dll+0x7e1ab4]
V  [jvm.dll+0x7e1b80]
V  [jvm.dll+0x78998a]
V  [jvm.dll+0x677875]
C  [ucrtbase.dll+0x29363]
C  [KERNEL32.DLL+0x1257d]
C  [ntdll.dll+0x5aa58]

VM_Operation (0x00000082005f15a0): G1CollectForAllocation, mode: safepoint, requested by thread 0x000001a4ff03ebd0


---------------  P R O C E S S  ---------------

Threads class SMR info:
_java_thread_list=0x000001a484444b90, length=114, elements={
0x000001a4c14b6370, 0x000001a4df7c1390, 0x000001a4df7c2210, 0x000001a4df7d4990,
0x000001a4df7d5550, 0x000001a4df7da030, 0x000001a4df7dce00, 0x000001a4df7ddfb0,
0x000001a4df7e9f70, 0x000001a4df7ec980, 0x000001a4ff0994b0, 0x000001a4ff174ca0,
0x000001a4ffaf4000, 0x000001a480d224d0, 0x000001a4803dfe70, 0x000001a480648c30,
0x000001a480d01090, 0x000001a4ff03e1b0, 0x000001a4ff03ebd0, 0x000001a4ff03e6c0,
0x000001a4ff03f0e0, 0x000001a4ff03d280, 0x000001a4ff03f5f0, 0x000001a4ff040010,
0x000001a4ff03fb00, 0x000001a4ff03c860, 0x000001a4ff03cd70, 0x000001a482488090,
0x000001a482488ab0, 0x000001a482485300, 0x000001a482486230, 0x000001a4824834a0,
0x000001a482484df0, 0x000001a482486c50, 0x000001a482483ec0, 0x000001a482487b80,
0x000001a482482f90, 0x000001a482482060, 0x000001a4824885a0, 0x000001a4824894d0,
0x000001a482482570, 0x000001a4824843d0, 0x000001a482482a80, 0x000001a482485810,
0x000001a48120cb50, 0x000001a481210810, 0x000001a48120e4a0, 0x000001a481212160,
0x000001a48120b710, 0x000001a48120e9b0, 0x000001a48120eec0, 0x000001a48120fdf0,
0x000001a481210d20, 0x000001a48120f3d0, 0x000001a48120bc20, 0x000001a48120c130,
0x000001a48120f8e0, 0x000001a481210300, 0x000001a481211230, 0x000001a48120c640,
0x000001a481211740, 0x000001a48120da80, 0x000001a481212670, 0x000001a48120d570,
0x000001a481212b80, 0x000001a48120df90, 0x000001a481b94930, 0x000001a481b91180,
0x000001a481b91ba0, 0x000001a481b94e40, 0x000001a481b976c0, 0x000001a481b95d70,
0x000001a481b934f0, 0x000001a481b94420, 0x000001a481b97bd0, 0x000001a481b95860,
0x000001a481b92ad0, 0x000001a481b91690, 0x000001a481b96280, 0x000001a481b925c0,
0x000001a481b920b0, 0x000001a481b96790, 0x000001a481b96ca0, 0x000001a481b980e0,
0x000001a481b971b0, 0x000001a481b90c70, 0x000001a481b92fe0, 0x000001a481b985f0,
0x000001a481b93a00, 0x000001a481b93f10, 0x000001a483fee9f0, 0x000001a483fed0a0,
0x000001a483fea820, 0x000001a483fecb90, 0x000001a483fefe30, 0x000001a483febc60,
0x000001a483ff1780, 0x000001a483fedac0, 0x000001a483fee4e0, 0x000001a483ff1c90,
0x000001a483fec170, 0x000001a483fef410, 0x000001a483ff0d60, 0x000001a483fec680,
0x000001a483ff21a0, 0x000001a483fedfd0, 0x000001a483feef00, 0x000001a483ff1270,
0x000001a483fead30, 0x000001a483fed5b0, 0x000001a483fef920, 0x000001a483feb240,
0x000001a483ff0340, 0x000001a483ff0850
}

Java Threads: ( => current thread )
  0x000001a4c14b6370 JavaThread "main" [_thread_blocked, id=22376, stack(0x000000827e800000,0x000000827e900000)]
  0x000001a4df7c1390 JavaThread "Reference Handler" daemon [_thread_blocked, id=29684, stack(0x000000827ef00000,0x000000827f000000)]
  0x000001a4df7c2210 JavaThread "Finalizer" daemon [_thread_blocked, id=8740, stack(0x000000827f000000,0x000000827f100000)]
  0x000001a4df7d4990 JavaThread "Signal Dispatcher" daemon [_thread_blocked, id=2040, stack(0x000000827f100000,0x000000827f200000)]
  0x000001a4df7d5550 JavaThread "Attach Listener" daemon [_thread_blocked, id=34592, stack(0x000000827f200000,0x000000827f300000)]
  0x000001a4df7da030 JavaThread "Service Thread" daemon [_thread_blocked, id=10940, stack(0x000000827f300000,0x000000827f400000)]
  0x000001a4df7dce00 JavaThread "Monitor Deflation Thread" daemon [_thread_blocked, id=17120, stack(0x000000827f400000,0x000000827f500000)]
  0x000001a4df7ddfb0 JavaThread "C2 CompilerThread0" daemon [_thread_blocked, id=4996, stack(0x000000827f500000,0x000000827f600000)]
  0x000001a4df7e9f70 JavaThread "C1 CompilerThread0" daemon [_thread_blocked, id=25136, stack(0x000000827f600000,0x000000827f700000)]
  0x000001a4df7ec980 JavaThread "Sweeper thread" daemon [_thread_blocked, id=12932, stack(0x000000827f700000,0x000000827f800000)]
  0x000001a4ff0994b0 JavaThread "Common-Cleaner" daemon [_thread_blocked, id=30772, stack(0x000000827f800000,0x000000827f900000)]
  0x000001a4ff174ca0 JavaThread "Notification Thread" daemon [_thread_blocked, id=22440, stack(0x000000827f900000,0x000000827fa00000)]
  0x000001a4ffaf4000 JavaThread "Daemon health stats" [_thread_blocked, id=22616, stack(0x000000827ff00000,0x0000008280000000)]
  0x000001a480d224d0 JavaThread "Incoming local TCP Connector on port 57887" [_thread_in_native, id=7624, stack(0x0000008200000000,0x0000008200100000)]
  0x000001a4803dfe70 JavaThread "Daemon periodic checks" [_thread_blocked, id=3172, stack(0x0000008200100000,0x0000008200200000)]
  0x000001a480648c30 JavaThread "Daemon" [_thread_blocked, id=15052, stack(0x0000008200200000,0x0000008200300000)]
  0x000001a480d01090 JavaThread "Handler for socket connection from /127.0.0.1:57887 to /127.0.0.1:57888" [_thread_in_native, id=23316, stack(0x0000008200300000,0x0000008200400000)]
  0x000001a4ff03e1b0 JavaThread "Cancel handler" [_thread_blocked, id=34284, stack(0x0000008200400000,0x0000008200500000)]
  0x000001a4ff03ebd0 JavaThread "Daemon worker" [_thread_blocked, id=24148, stack(0x0000008200500000,0x0000008200600000)]
  0x000001a4ff03e6c0 JavaThread "Asynchronous log dispatcher for DefaultDaemonConnection: socket connection from /127.0.0.1:57887 to /127.0.0.1:57888" [_thread_blocked, id=29864, stack(0x0000008200600000,0x0000008200700000)]
  0x000001a4ff03f0e0 JavaThread "Stdin handler" [_thread_blocked, id=29792, stack(0x0000008200700000,0x0000008200800000)]
  0x000001a4ff03d280 JavaThread "Daemon client event forwarder" [_thread_blocked, id=32600, stack(0x0000008200800000,0x0000008200900000)]
  0x000001a4ff03f5f0 JavaThread "Cache worker for journal cache (C:\Users\asepr\.gradle\caches\journal-1)" [_thread_blocked, id=29604, stack(0x0000008200e00000,0x0000008200f00000)]
  0x000001a4ff040010 JavaThread "File lock request listener" [_thread_in_native, id=30288, stack(0x0000008200f00000,0x0000008201000000)]
  0x000001a4ff03fb00 JavaThread "Cache worker for file hash cache (C:\Users\asepr\.gradle\caches\8.3\fileHashes)" [_thread_blocked, id=34168, stack(0x0000008201000000,0x0000008201100000)]
  0x000001a4ff03c860 JavaThread "File watcher server" daemon [_thread_blocked, id=22692, stack(0x0000008201100000,0x0000008201200000)]
  0x000001a4ff03cd70 JavaThread "File watcher consumer" daemon [_thread_blocked, id=5500, stack(0x0000008201200000,0x0000008201300000)]
  0x000001a482488090 JavaThread "Cache worker for checksums cache (C:\Users\asepr\yupsapp\android\.gradle\8.3\checksums)" [_thread_blocked, id=14020, stack(0x0000008201300000,0x0000008201400000)]
  0x000001a482488ab0 JavaThread "Cache worker for file hash cache (C:\Users\asepr\yupsapp\android\.gradle\8.3\fileHashes)" [_thread_blocked, id=24984, stack(0x0000008201400000,0x0000008201500000)]
  0x000001a482485300 JavaThread "Cache worker for cache directory md-supplier (C:\Users\asepr\.gradle\caches\8.3\md-supplier)" [_thread_blocked, id=10408, stack(0x0000008201500000,0x0000008201600000)]
  0x000001a482486230 JavaThread "Cache worker for file content cache (C:\Users\asepr\.gradle\caches\8.3\fileContent)" [_thread_blocked, id=34524, stack(0x0000008201600000,0x0000008201700000)]
  0x000001a4824834a0 JavaThread "Cache worker for cache directory md-rule (C:\Users\asepr\.gradle\caches\8.3\md-rule)" [_thread_blocked, id=22044, stack(0x0000008201900000,0x0000008201a00000)]
  0x000001a482484df0 JavaThread "Cache worker for execution history cache (C:\Users\asepr\.gradle\caches\8.3\executionHistory)" [_thread_blocked, id=15472, stack(0x0000008201a00000,0x0000008201b00000)]
  0x000001a482486c50 JavaThread "jar transforms" [_thread_blocked, id=31480, stack(0x0000008201b00000,0x0000008201c00000)]
  0x000001a482483ec0 JavaThread "jar transforms Thread 2" [_thread_blocked, id=11784, stack(0x0000008201c00000,0x0000008201d00000)]
  0x000001a482487b80 JavaThread "jar transforms Thread 3" [_thread_blocked, id=10744, stack(0x0000008201d00000,0x0000008201e00000)]
  0x000001a482482f90 JavaThread "jar transforms Thread 4" [_thread_blocked, id=29184, stack(0x0000008201e00000,0x0000008201f00000)]
  0x000001a482482060 JavaThread "Cache worker for kotlin-dsl (C:\Users\asepr\.gradle\caches\8.3\kotlin-dsl)" [_thread_blocked, id=3000, stack(0x0000008202000000,0x0000008202100000)]
  0x000001a4824885a0 JavaThread "jar transforms Thread 5" [_thread_blocked, id=12348, stack(0x0000008202100000,0x0000008202200000)]
  0x000001a4824894d0 JavaThread "jar transforms Thread 6" [_thread_blocked, id=34324, stack(0x0000008202200000,0x0000008202300000)]
  0x000001a482482570 JavaThread "Unconstrained build operations" [_thread_blocked, id=20080, stack(0x0000008202500000,0x0000008202600000)]
  0x000001a4824843d0 JavaThread "Unconstrained build operations Thread 2" [_thread_blocked, id=6716, stack(0x0000008202600000,0x0000008202700000)]
  0x000001a482482a80 JavaThread "jar transforms Thread 7" [_thread_blocked, id=5972, stack(0x0000008202700000,0x0000008202800000)]
  0x000001a482485810 JavaThread "jar transforms Thread 8" [_thread_blocked, id=33480, stack(0x0000008202800000,0x0000008202900000)]
  0x000001a48120cb50 JavaThread "jar transforms Thread 9" [_thread_blocked, id=25368, stack(0x0000008202900000,0x0000008202a00000)]
  0x000001a481210810 JavaThread "jar transforms Thread 10" [_thread_blocked, id=27380, stack(0x0000008202a00000,0x0000008202b00000)]
  0x000001a48120e4a0 JavaThread "jar transforms Thread 11" [_thread_blocked, id=16536, stack(0x0000008202b00000,0x0000008202c00000)]
  0x000001a481212160 JavaThread "jar transforms Thread 12" [_thread_blocked, id=28900, stack(0x0000008202c00000,0x0000008202d00000)]
  0x000001a48120b710 JavaThread "Cache worker for dependencies-accessors (C:\Users\asepr\yupsapp\android\.gradle\8.3\dependencies-accessors)" [_thread_blocked, id=9108, stack(0x0000008202d00000,0x0000008202e00000)]
  0x000001a48120e9b0 JavaThread "Cache worker for Build Output Cleanup Cache (C:\Users\asepr\yupsapp\node_modules\@react-native\gradle-plugin\.gradle\buildOutputCleanup)" [_thread_blocked, id=34428, stack(0x0000008202e00000,0x0000008202f00000)]
  0x000001a48120eec0 JavaThread "Unconstrained build operations Thread 3" [_thread_blocked, id=15780, stack(0x0000008202f00000,0x0000008203000000)]
  0x000001a48120fdf0 JavaThread "Unconstrained build operations Thread 4" [_thread_blocked, id=1608, stack(0x0000008203000000,0x0000008203100000)]
  0x000001a481210d20 JavaThread "Unconstrained build operations Thread 5" [_thread_blocked, id=21336, stack(0x0000008203100000,0x0000008203200000)]
  0x000001a48120f3d0 JavaThread "Unconstrained build operations Thread 6" [_thread_blocked, id=28676, stack(0x0000008203200000,0x0000008203300000)]
  0x000001a48120bc20 JavaThread "Unconstrained build operations Thread 7" [_thread_blocked, id=27440, stack(0x0000008203300000,0x0000008203400000)]
  0x000001a48120c130 JavaThread "Unconstrained build operations Thread 8" [_thread_blocked, id=22584, stack(0x0000008203400000,0x0000008203500000)]
  0x000001a48120f8e0 JavaThread "Unconstrained build operations Thread 9" [_thread_blocked, id=10964, stack(0x0000008203500000,0x0000008203600000)]
  0x000001a481210300 JavaThread "Unconstrained build operations Thread 10" [_thread_blocked, id=1336, stack(0x0000008203600000,0x0000008203700000)]
  0x000001a481211230 JavaThread "Unconstrained build operations Thread 11" [_thread_blocked, id=27016, stack(0x0000008203700000,0x0000008203800000)]
  0x000001a48120c640 JavaThread "Unconstrained build operations Thread 12" [_thread_blocked, id=5596, stack(0x0000008203800000,0x0000008203900000)]
  0x000001a481211740 JavaThread "Unconstrained build operations Thread 13" [_thread_blocked, id=16040, stack(0x0000008203900000,0x0000008203a00000)]
  0x000001a48120da80 JavaThread "Memory manager" [_thread_blocked, id=8952, stack(0x0000008203a00000,0x0000008203b00000)]
  0x000001a481212670 JavaThread "Cache worker for Build Output Cleanup Cache (C:\Users\asepr\yupsapp\android\.gradle\buildOutputCleanup)" [_thread_blocked, id=18800, stack(0x0000008203b00000,0x0000008203c00000)]
  0x000001a48120d570 JavaThread "ForkJoinPool.commonPool-worker-1" daemon [_thread_blocked, id=33540, stack(0x0000008203c00000,0x0000008203d00000)]
  0x000001a481212b80 JavaThread "ForkJoinPool.commonPool-worker-2" daemon [_thread_blocked, id=28644, stack(0x0000008203d00000,0x0000008203e00000)]
  0x000001a48120df90 JavaThread "ForkJoinPool.commonPool-worker-3" daemon [_thread_blocked, id=19140, stack(0x0000008203e00000,0x0000008203f00000)]
  0x000001a481b94930 JavaThread "ForkJoinPool.commonPool-worker-4" daemon [_thread_blocked, id=14708, stack(0x0000008203f00000,0x0000008204000000)]
  0x000001a481b91180 JavaThread "ForkJoinPool.commonPool-worker-5" daemon [_thread_blocked, id=31096, stack(0x0000008204000000,0x0000008204100000)]
  0x000001a481b91ba0 JavaThread "ForkJoinPool.commonPool-worker-6" daemon [_thread_blocked, id=10288, stack(0x0000008204100000,0x0000008204200000)]
  0x000001a481b94e40 JavaThread "ForkJoinPool.commonPool-worker-7" daemon [_thread_blocked, id=26728, stack(0x0000008204200000,0x0000008204300000)]
  0x000001a481b976c0 JavaThread "ForkJoinPool.commonPool-worker-8" daemon [_thread_blocked, id=18864, stack(0x0000008204300000,0x0000008204400000)]
  0x000001a481b95d70 JavaThread "ForkJoinPool.commonPool-worker-9" daemon [_thread_blocked, id=20992, stack(0x0000008204400000,0x0000008204500000)]
  0x000001a481b934f0 JavaThread "ForkJoinPool.commonPool-worker-10" daemon [_thread_blocked, id=32432, stack(0x0000008204500000,0x0000008204600000)]
  0x000001a481b94420 JavaThread "ForkJoinPool.commonPool-worker-11" daemon [_thread_blocked, id=4256, stack(0x0000008204600000,0x0000008204700000)]
  0x000001a481b97bd0 JavaThread "Exec process" daemon [_thread_blocked, id=33808, stack(0x0000008204700000,0x0000008204800000)]
  0x000001a481b95860 JavaThread "Exec process Thread 2" daemon [_thread_blocked, id=22556, stack(0x0000008204800000,0x0000008204900000)]
  0x000001a481b92ad0 JavaThread "Exec process Thread 3" daemon [_thread_blocked, id=27576, stack(0x0000008204900000,0x0000008204a00000)]
  0x000001a481b91690 JavaThread "included builds" [_thread_blocked, id=24024, stack(0x0000008204a00000,0x0000008204b00000)]
  0x000001a481b96280 JavaThread "Execution worker" [_thread_blocked, id=23468, stack(0x0000008204b00000,0x0000008204c00000)]
  0x000001a481b925c0 JavaThread "Execution worker Thread 2" [_thread_blocked, id=23132, stack(0x0000008204c00000,0x0000008204d00000)]
  0x000001a481b920b0 JavaThread "Execution worker Thread 3" [_thread_blocked, id=24808, stack(0x0000008204d00000,0x0000008204e00000)]
  0x000001a481b96790 JavaThread "Execution worker Thread 4" [_thread_blocked, id=28992, stack(0x0000008204e00000,0x0000008204f00000)]
  0x000001a481b96ca0 JavaThread "Execution worker Thread 5" [_thread_blocked, id=34764, stack(0x0000008204f00000,0x0000008205000000)]
  0x000001a481b980e0 JavaThread "Execution worker Thread 6" [_thread_blocked, id=33424, stack(0x0000008205000000,0x0000008205100000)]
  0x000001a481b971b0 JavaThread "Execution worker Thread 7" [_thread_blocked, id=25868, stack(0x0000008205100000,0x0000008205200000)]
  0x000001a481b90c70 JavaThread "Execution worker Thread 8" [_thread_blocked, id=31772, stack(0x0000008205200000,0x0000008205300000)]
  0x000001a481b92fe0 JavaThread "Execution worker Thread 9" [_thread_blocked, id=6068, stack(0x0000008205300000,0x0000008205400000)]
  0x000001a481b985f0 JavaThread "Execution worker Thread 10" [_thread_blocked, id=3500, stack(0x0000008205400000,0x0000008205500000)]
  0x000001a481b93a00 JavaThread "Execution worker Thread 11" [_thread_blocked, id=32976, stack(0x0000008205500000,0x0000008205600000)]
  0x000001a481b93f10 JavaThread "Cache worker for execution history cache (C:\Users\asepr\yupsapp\node_modules\@react-native\gradle-plugin\.gradle\8.3\executionHistory)" [_thread_blocked, id=30248, stack(0x0000008205600000,0x0000008205700000)]
  0x000001a483fee9f0 JavaThread "Unconstrained build operations Thread 14" [_thread_blocked, id=34536, stack(0x0000008205700000,0x0000008205800000)]
  0x000001a483fed0a0 JavaThread "Unconstrained build operations Thread 15" [_thread_blocked, id=33456, stack(0x0000008205800000,0x0000008205900000)]
  0x000001a483fea820 JavaThread "Unconstrained build operations Thread 16" [_thread_blocked, id=12016, stack(0x0000008205900000,0x0000008205a00000)]
  0x000001a483fecb90 JavaThread "Unconstrained build operations Thread 17" [_thread_blocked, id=18860, stack(0x0000008205a00000,0x0000008205b00000)]
  0x000001a483fefe30 JavaThread "Unconstrained build operations Thread 18" [_thread_blocked, id=31148, stack(0x0000008205b00000,0x0000008205c00000)]
  0x000001a483febc60 JavaThread "Unconstrained build operations Thread 19" [_thread_blocked, id=14248, stack(0x0000008205c00000,0x0000008205d00000)]
  0x000001a483ff1780 JavaThread "Unconstrained build operations Thread 20" [_thread_blocked, id=16448, stack(0x0000008205d00000,0x0000008205e00000)]
  0x000001a483fedac0 JavaThread "Unconstrained build operations Thread 21" [_thread_blocked, id=31556, stack(0x0000008205e00000,0x0000008205f00000)]
  0x000001a483fee4e0 JavaThread "Unconstrained build operations Thread 22" [_thread_blocked, id=21904, stack(0x0000008205f00000,0x0000008206000000)]
  0x000001a483ff1c90 JavaThread "Unconstrained build operations Thread 23" [_thread_blocked, id=20244, stack(0x0000008206000000,0x0000008206100000)]
  0x000001a483fec170 JavaThread "Unconstrained build operations Thread 24" [_thread_blocked, id=13644, stack(0x0000008206100000,0x0000008206200000)]
  0x000001a483fef410 JavaThread "Unconstrained build operations Thread 25" [_thread_blocked, id=27684, stack(0x0000008206200000,0x0000008206300000)]
  0x000001a483ff0d60 JavaThread "Unconstrained build operations Thread 26" [_thread_blocked, id=15576, stack(0x0000008206300000,0x0000008206400000)]
  0x000001a483fec680 JavaThread "Unconstrained build operations Thread 27" [_thread_blocked, id=30044, stack(0x0000008206400000,0x0000008206500000)]
  0x000001a483ff21a0 JavaThread "Unconstrained build operations Thread 28" [_thread_blocked, id=17672, stack(0x0000008206500000,0x0000008206600000)]
  0x000001a483fedfd0 JavaThread "Unconstrained build operations Thread 29" [_thread_blocked, id=30488, stack(0x0000008206600000,0x0000008206700000)]
  0x000001a483feef00 JavaThread "Unconstrained build operations Thread 30" [_thread_blocked, id=34588, stack(0x0000008206700000,0x0000008206800000)]
  0x000001a483ff1270 JavaThread "Unconstrained build operations Thread 31" [_thread_blocked, id=4792, stack(0x0000008206800000,0x0000008206900000)]
  0x000001a483fead30 JavaThread "Unconstrained build operations Thread 32" [_thread_blocked, id=8920, stack(0x0000008206900000,0x0000008206a00000)]
  0x000001a483fed5b0 JavaThread "Unconstrained build operations Thread 33" [_thread_blocked, id=7328, stack(0x0000008206a00000,0x0000008206b00000)]
  0x000001a483fef920 JavaThread "Unconstrained build operations Thread 34" [_thread_blocked, id=27612, stack(0x0000008206b00000,0x0000008206c00000)]
  0x000001a483feb240 JavaThread "Unconstrained build operations Thread 35" [_thread_blocked, id=19648, stack(0x0000008206c00000,0x0000008206d00000)]
  0x000001a483ff0340 JavaThread "Unconstrained build operations Thread 36" [_thread_blocked, id=33764, stack(0x0000008206d00000,0x0000008206e00000)]
  0x000001a483ff0850 JavaThread "Unconstrained build operations Thread 37" [_thread_blocked, id=18532, stack(0x0000008206e00000,0x0000008206f00000)]

Other Threads:
=>0x000001a4df7bf7a0 VMThread "VM Thread" [stack: 0x000000827ee00000,0x000000827ef00000] [id=29932]
  0x000001a4c152b490 WatcherThread [stack: 0x000000827fa00000,0x000000827fb00000] [id=29176]
  0x000001a4c1511650 GCTaskThread "GC Thread#0" [stack: 0x000000827e900000,0x000000827ea00000] [id=34520]
  0x000001a4ffbfed10 GCTaskThread "GC Thread#1" [stack: 0x000000827fb00000,0x000000827fc00000] [id=23720]
  0x000001a480011d40 GCTaskThread "GC Thread#2" [stack: 0x000000827fc00000,0x000000827fd00000] [id=23636]
  0x000001a480017d40 GCTaskThread "GC Thread#3" [stack: 0x000000827fd00000,0x000000827fe00000] [id=33448]
  0x000001a4ffb5cc80 GCTaskThread "GC Thread#4" [stack: 0x000000827fe00000,0x000000827ff00000] [id=32088]
  0x000001a4810400a0 GCTaskThread "GC Thread#5" [stack: 0x0000008200900000,0x0000008200a00000] [id=11212]
  0x000001a480af14e0 GCTaskThread "GC Thread#6" [stack: 0x0000008200a00000,0x0000008200b00000] [id=16504]
  0x000001a480af17a0 GCTaskThread "GC Thread#7" [stack: 0x0000008200b00000,0x0000008200c00000] [id=27660]
  0x000001a480213c20 GCTaskThread "GC Thread#8" [stack: 0x0000008200c00000,0x0000008200d00000] [id=34692]
  0x000001a480213ee0 GCTaskThread "GC Thread#9" [stack: 0x0000008200d00000,0x0000008200e00000] [id=16024]
  0x000001a4c15225a0 ConcurrentGCThread "G1 Main Marker" [stack: 0x000000827ea00000,0x000000827eb00000] [id=23744]
  0x000001a4c1523750 ConcurrentGCThread "G1 Conc#0" [stack: 0x000000827eb00000,0x000000827ec00000] [id=3168]
  0x000001a482264870 ConcurrentGCThread "G1 Conc#1" [stack: 0x0000008201700000,0x0000008201800000] [id=24864]
  0x000001a482264b30 ConcurrentGCThread "G1 Conc#2" [stack: 0x0000008201800000,0x0000008201900000] [id=32176]
  0x000001a4c1574f20 ConcurrentGCThread "G1 Refine#0" [stack: 0x000000827ec00000,0x000000827ed00000] [id=16580]
  0x000001a4c1575950 ConcurrentGCThread "G1 Service" [stack: 0x000000827ed00000,0x000000827ee00000] [id=21300]

Threads with active compile tasks:
C2 CompilerThread0    55458 9348       4       java.lang.AbstractStringBuilder::<init> (63 bytes)

VM state: at safepoint (normal execution)

VM Mutex/Monitor currently owned by a thread:  ([mutex/lock_event])
[0x000001a4c14b0ca0] Threads_lock - owner thread: 0x000001a4df7bf7a0
[0x000001a4c14b1c60] Heap_lock - owner thread: 0x000001a4ff03ebd0

Heap address: 0x0000000080000000, size: 2048 MB, Compressed Oops mode: 32-bit

CDS archive(s) mapped at: [0x000001a4e0000000-0x000001a4e0bd0000-0x000001a4e0bd0000), size 12386304, SharedBaseAddress: 0x000001a4e0000000, ArchiveRelocationMode: 1.
Compressed class space mapped at: 0x000001a4e1000000-0x000001a4fb000000, reserved size: 436207616
Narrow klass base: 0x000001a4e0000000, Narrow klass shift: 0, Narrow klass range: 0x100000000

GC Precious Log:
 CPUs: 12 total, 12 available
 Memory: 6005M
 Large Page Support: Disabled
 NUMA Support: Disabled
 Compressed Oops: Enabled (32-bit)
 Heap Region Size: 1M
 Heap Min Capacity: 8M
 Heap Initial Capacity: 94M
 Heap Max Capacity: 2G
 Pre-touch: Disabled
 Parallel Workers: 10
 Concurrent Workers: 3
 Concurrent Refinement Workers: 10
 Periodic GC: Disabled

Heap:
 garbage-first heap   total 148480K, used 88423K [0x0000000080000000, 0x0000000100000000)
  region size 1024K, 2 young (2048K), 2 survivors (2048K)
 Metaspace       used 81330K, committed 82048K, reserved 557056K
  class space    used 11259K, committed 11584K, reserved 425984K

Heap Regions: E=young(eden), S=young(survivor), O=old, HS=humongous(starts), HC=humongous(continues), CS=collection set, F=free, OA=open archive, CA=closed archive, TAMS=top-at-mark-start (previous, next)
|   0|0x0000000080000000, 0x0000000080100000, 0x0000000080100000|100%|HS|  |TAMS 0x0000000080100000, 0x0000000080000000| Complete 
|   1|0x0000000080100000, 0x0000000080200000, 0x0000000080200000|100%|HC|  |TAMS 0x0000000080200000, 0x0000000080100000| Complete 
|   2|0x0000000080200000, 0x0000000080300000, 0x0000000080300000|100%|HC|  |TAMS 0x0000000080300000, 0x0000000080200000| Complete 
|   3|0x0000000080300000, 0x0000000080400000, 0x0000000080400000|100%|HC|  |TAMS 0x0000000080400000, 0x0000000080300000| Complete 
|   4|0x0000000080400000, 0x0000000080500000, 0x0000000080500000|100%| O|  |TAMS 0x0000000080500000, 0x0000000080400000| Untracked 
|   5|0x0000000080500000, 0x0000000080600000, 0x0000000080600000|100%| O|  |TAMS 0x0000000080600000, 0x0000000080500000| Untracked 
|   6|0x0000000080600000, 0x0000000080700000, 0x0000000080700000|100%| O|  |TAMS 0x0000000080700000, 0x0000000080600000| Untracked 
|   7|0x0000000080700000, 0x0000000080800000, 0x0000000080800000|100%| O|  |TAMS 0x0000000080800000, 0x0000000080700000| Untracked 
|   8|0x0000000080800000, 0x0000000080900000, 0x0000000080900000|100%| O|  |TAMS 0x0000000080900000, 0x0000000080800000| Untracked 
|   9|0x0000000080900000, 0x0000000080a00000, 0x0000000080a00000|100%| O|  |TAMS 0x0000000080a00000, 0x0000000080900000| Untracked 
|  10|0x0000000080a00000, 0x0000000080b00000, 0x0000000080b00000|100%| O|  |TAMS 0x0000000080b00000, 0x0000000080a00000| Untracked 
|  11|0x0000000080b00000, 0x0000000080c00000, 0x0000000080c00000|100%| O|  |TAMS 0x0000000080c00000, 0x0000000080b00000| Untracked 
|  12|0x0000000080c00000, 0x0000000080d00000, 0x0000000080d00000|100%| O|  |TAMS 0x0000000080d00000, 0x0000000080c00000| Untracked 
|  13|0x0000000080d00000, 0x0000000080e00000, 0x0000000080e00000|100%| O|  |TAMS 0x0000000080e00000, 0x0000000080d00000| Untracked 
|  14|0x0000000080e00000, 0x0000000080f00000, 0x0000000080f00000|100%| O|  |TAMS 0x0000000080f00000, 0x0000000080e00000| Untracked 
|  15|0x0000000080f00000, 0x0000000081000000, 0x0000000081000000|100%| O|  |TAMS 0x0000000081000000, 0x0000000080f00000| Untracked 
|  16|0x0000000081000000, 0x0000000081100000, 0x0000000081100000|100%| O|  |TAMS 0x0000000081100000, 0x0000000081000000| Untracked 
|  17|0x0000000081100000, 0x0000000081200000, 0x0000000081200000|100%| O|  |TAMS 0x0000000081200000, 0x0000000081100000| Untracked 
|  18|0x0000000081200000, 0x00000000812f9400, 0x0000000081300000| 97%| O|  |TAMS 0x00000000812f9400, 0x0000000081200000| Untracked 
|  19|0x0000000081300000, 0x0000000081400000, 0x0000000081400000|100%| O|  |TAMS 0x0000000081400000, 0x0000000081300000| Untracked 
|  20|0x0000000081400000, 0x0000000081500000, 0x0000000081500000|100%| O|  |TAMS 0x0000000081500000, 0x0000000081400000| Untracked 
|  21|0x0000000081500000, 0x0000000081600000, 0x0000000081600000|100%| O|  |TAMS 0x0000000081600000, 0x0000000081500000| Untracked 
|  22|0x0000000081600000, 0x0000000081700000, 0x0000000081700000|100%| O|  |TAMS 0x0000000081700000, 0x0000000081600000| Untracked 
|  23|0x0000000081700000, 0x0000000081800000, 0x0000000081800000|100%| O|  |TAMS 0x0000000081800000, 0x0000000081700000| Untracked 
|  24|0x0000000081800000, 0x0000000081900000, 0x0000000081900000|100%| O|  |TAMS 0x0000000081900000, 0x0000000081800000| Untracked 
|  25|0x0000000081900000, 0x0000000081a00000, 0x0000000081a00000|100%| O|  |TAMS 0x0000000081a00000, 0x0000000081900000| Untracked 
|  26|0x0000000081a00000, 0x0000000081b00000, 0x0000000081b00000|100%| O|  |TAMS 0x0000000081b00000, 0x0000000081a00000| Untracked 
|  27|0x0000000081b00000, 0x0000000081c00000, 0x0000000081c00000|100%| O|  |TAMS 0x0000000081c00000, 0x0000000081b00000| Untracked 
|  28|0x0000000081c00000, 0x0000000081d00000, 0x0000000081d00000|100%| O|  |TAMS 0x0000000081d00000, 0x0000000081c00000| Untracked 
|  29|0x0000000081d00000, 0x0000000081e00000, 0x0000000081e00000|100%| O|  |TAMS 0x0000000081e00000, 0x0000000081d00000| Untracked 
|  30|0x0000000081e00000, 0x0000000081f00000, 0x0000000081f00000|100%| O|  |TAMS 0x0000000081f00000, 0x0000000081e00000| Untracked 
|  31|0x0000000081f00000, 0x0000000082000000, 0x0000000082000000|100%| O|  |TAMS 0x0000000082000000, 0x0000000081f00000| Untracked 
|  32|0x0000000082000000, 0x0000000082100000, 0x0000000082100000|100%| O|  |TAMS 0x00000000820a5e00, 0x0000000082000000| Untracked 
|  33|0x0000000082100000, 0x0000000082200000, 0x0000000082200000|100%| O|  |TAMS 0x0000000082200000, 0x0000000082100000| Untracked 
|  34|0x0000000082200000, 0x0000000082300000, 0x0000000082300000|100%| O|  |TAMS 0x0000000082300000, 0x0000000082200000| Untracked 
|  35|0x0000000082300000, 0x0000000082400000, 0x0000000082400000|100%| O|  |TAMS 0x0000000082400000, 0x0000000082300000| Untracked 
|  36|0x0000000082400000, 0x0000000082500000, 0x0000000082500000|100%| O|  |TAMS 0x0000000082500000, 0x0000000082400000| Untracked 
|  37|0x0000000082500000, 0x0000000082600000, 0x0000000082600000|100%| O|  |TAMS 0x0000000082600000, 0x0000000082500000| Untracked 
|  38|0x0000000082600000, 0x0000000082700000, 0x0000000082700000|100%| O|  |TAMS 0x0000000082700000, 0x0000000082600000| Untracked 
|  39|0x0000000082700000, 0x0000000082800000, 0x0000000082800000|100%| O|  |TAMS 0x0000000082800000, 0x0000000082700000| Untracked 
|  40|0x0000000082800000, 0x0000000082900000, 0x0000000082900000|100%|HS|  |TAMS 0x0000000082900000, 0x0000000082800000| Complete 
|  41|0x0000000082900000, 0x0000000082a00000, 0x0000000082a00000|100%|HC|  |TAMS 0x0000000082a00000, 0x0000000082900000| Complete 
|  42|0x0000000082a00000, 0x0000000082b00000, 0x0000000082b00000|100%|HS|  |TAMS 0x0000000082b00000, 0x0000000082a00000| Complete 
|  43|0x0000000082b00000, 0x0000000082c00000, 0x0000000082c00000|100%|HC|  |TAMS 0x0000000082c00000, 0x0000000082b00000| Complete 
|  44|0x0000000082c00000, 0x0000000082d00000, 0x0000000082d00000|100%|HS|  |TAMS 0x0000000082d00000, 0x0000000082c00000| Complete 
|  45|0x0000000082d00000, 0x0000000082e00000, 0x0000000082e00000|100%|HC|  |TAMS 0x0000000082e00000, 0x0000000082d00000| Complete 
|  46|0x0000000082e00000, 0x0000000082f00000, 0x0000000082f00000|100%|HC|  |TAMS 0x0000000082f00000, 0x0000000082e00000| Complete 
|  47|0x0000000082f00000, 0x0000000083000000, 0x0000000083000000|100%|HC|  |TAMS 0x0000000083000000, 0x0000000082f00000| Complete 
|  48|0x0000000083000000, 0x0000000083100000, 0x0000000083100000|100%| O|  |TAMS 0x0000000083100000, 0x0000000083000000| Untracked 
|  49|0x0000000083100000, 0x0000000083200000, 0x0000000083200000|100%| O|  |TAMS 0x0000000083200000, 0x0000000083100000| Untracked 
|  50|0x0000000083200000, 0x0000000083300000, 0x0000000083300000|100%|HS|  |TAMS 0x0000000083300000, 0x0000000083200000| Complete 
|  51|0x0000000083300000, 0x0000000083400000, 0x0000000083400000|100%|HC|  |TAMS 0x0000000083400000, 0x0000000083300000| Complete 
|  52|0x0000000083400000, 0x0000000083500000, 0x0000000083500000|100%|HC|  |TAMS 0x0000000083500000, 0x0000000083400000| Complete 
|  53|0x0000000083500000, 0x0000000083600000, 0x0000000083600000|100%|HC|  |TAMS 0x0000000083600000, 0x0000000083500000| Complete 
|  54|0x0000000083600000, 0x0000000083700000, 0x0000000083700000|100%| O|  |TAMS 0x0000000083700000, 0x0000000083600000| Untracked 
|  55|0x0000000083700000, 0x0000000083800000, 0x0000000083800000|100%| O|  |TAMS 0x0000000083800000, 0x0000000083700000| Untracked 
|  56|0x0000000083800000, 0x0000000083900000, 0x0000000083900000|100%| O|  |TAMS 0x0000000083900000, 0x0000000083800000| Untracked 
|  57|0x0000000083900000, 0x0000000083a00000, 0x0000000083a00000|100%| O|  |TAMS 0x0000000083a00000, 0x0000000083900000| Untracked 
|  58|0x0000000083a00000, 0x0000000083b00000, 0x0000000083b00000|100%| O|  |TAMS 0x0000000083b00000, 0x0000000083a00000| Untracked 
|  59|0x0000000083b00000, 0x0000000083c00000, 0x0000000083c00000|100%| O|  |TAMS 0x0000000083c00000, 0x0000000083b00000| Untracked 
|  60|0x0000000083c00000, 0x0000000083d00000, 0x0000000083d00000|100%| O|  |TAMS 0x0000000083d00000, 0x0000000083c00000| Untracked 
|  61|0x0000000083d00000, 0x0000000083e00000, 0x0000000083e00000|100%| O|  |TAMS 0x0000000083e00000, 0x0000000083d00000| Untracked 
|  62|0x0000000083e00000, 0x0000000083f00000, 0x0000000083f00000|100%| O|  |TAMS 0x0000000083f00000, 0x0000000083e00000| Untracked 
|  63|0x0000000083f00000, 0x0000000084000000, 0x0000000084000000|100%| O|  |TAMS 0x0000000084000000, 0x0000000083f00000| Untracked 
|  64|0x0000000084000000, 0x0000000084100000, 0x0000000084100000|100%| O|  |TAMS 0x0000000084100000, 0x0000000084000000| Untracked 
|  65|0x0000000084100000, 0x0000000084200000, 0x0000000084200000|100%| O|  |TAMS 0x0000000084200000, 0x0000000084100000| Untracked 
|  66|0x0000000084200000, 0x0000000084300000, 0x0000000084300000|100%| O|  |TAMS 0x0000000084300000, 0x0000000084200000| Untracked 
|  67|0x0000000084300000, 0x0000000084400000, 0x0000000084400000|100%|HS|  |TAMS 0x0000000084400000, 0x0000000084300000| Complete 
|  68|0x0000000084400000, 0x0000000084500000, 0x0000000084500000|100%|HS|  |TAMS 0x0000000084500000, 0x0000000084400000| Complete 
|  69|0x0000000084500000, 0x0000000084600000, 0x0000000084600000|100%|HS|  |TAMS 0x0000000084600000, 0x0000000084500000| Complete 
|  70|0x0000000084600000, 0x0000000084700000, 0x0000000084700000|100%| O|  |TAMS 0x0000000084700000, 0x0000000084600000| Untracked 
|  71|0x0000000084700000, 0x0000000084800000, 0x0000000084800000|100%| O|  |TAMS 0x0000000084800000, 0x0000000084700000| Untracked 
|  72|0x0000000084800000, 0x0000000084900000, 0x0000000084900000|100%| O|  |TAMS 0x0000000084800000, 0x0000000084800000| Untracked 
|  73|0x0000000084900000, 0x0000000084a00000, 0x0000000084a00000|100%| O|  |TAMS 0x0000000084a00000, 0x0000000084900000| Untracked 
|  74|0x0000000084a00000, 0x0000000084b00000, 0x0000000084b00000|100%|HS|  |TAMS 0x0000000084b00000, 0x0000000084a00000| Complete 
|  75|0x0000000084b00000, 0x0000000084c00000, 0x0000000084c00000|100%| O|  |TAMS 0x0000000084c00000, 0x0000000084b00000| Untracked 
|  76|0x0000000084c00000, 0x0000000084d00000, 0x0000000084d00000|100%| O|  |TAMS 0x0000000084d00000, 0x0000000084c00000| Untracked 
|  77|0x0000000084d00000, 0x0000000084d00000, 0x0000000084e00000|  0%| F|  |TAMS 0x0000000084d00000, 0x0000000084d00000| Untracked 
|  78|0x0000000084e00000, 0x0000000084f00000, 0x0000000084f00000|100%| O|  |TAMS 0x0000000084f00000, 0x0000000084e00000| Untracked 
|  79|0x0000000084f00000, 0x0000000085000000, 0x0000000085000000|100%| O|  |TAMS 0x0000000085000000, 0x0000000084f00000| Untracked 
|  80|0x0000000085000000, 0x0000000085100000, 0x0000000085100000|100%| O|  |TAMS 0x0000000085100000, 0x0000000085000000| Untracked 
|  81|0x0000000085100000, 0x0000000085200000, 0x0000000085200000|100%| O|  |TAMS 0x0000000085100000, 0x0000000085100000| Untracked 
|  82|0x0000000085200000, 0x0000000085300000, 0x0000000085300000|100%| O|  |TAMS 0x0000000085200000, 0x0000000085200000| Untracked 
|  83|0x0000000085300000, 0x0000000085400000, 0x0000000085400000|100%| O|  |TAMS 0x0000000085300000, 0x0000000085300000| Untracked 
|  84|0x0000000085400000, 0x0000000085500000, 0x0000000085500000|100%| O|  |TAMS 0x0000000085400000, 0x0000000085400000| Untracked 
|  85|0x0000000085500000, 0x0000000085518400, 0x0000000085600000|  9%| O|  |TAMS 0x0000000085500000, 0x0000000085500000| Untracked 
|  86|0x0000000085600000, 0x0000000085700000, 0x0000000085700000|100%| O|  |TAMS 0x0000000085600000, 0x0000000085600000| Untracked 
|  87|0x0000000085700000, 0x0000000085700000, 0x0000000085800000|  0%| F|  |TAMS 0x0000000085700000, 0x0000000085700000| Untracked 
|  88|0x0000000085800000, 0x0000000085800000, 0x0000000085900000|  0%| F|  |TAMS 0x0000000085800000, 0x0000000085800000| Untracked 
|  89|0x0000000085900000, 0x0000000085900000, 0x0000000085a00000|  0%| F|  |TAMS 0x0000000085900000, 0x0000000085900000| Untracked 
|  90|0x0000000085a00000, 0x0000000085a00000, 0x0000000085b00000|  0%| F|  |TAMS 0x0000000085a00000, 0x0000000085a00000| Untracked 
|  91|0x0000000085b00000, 0x0000000085b00000, 0x0000000085c00000|  0%| F|  |TAMS 0x0000000085b00000, 0x0000000085b00000| Untracked 
|  92|0x0000000085c00000, 0x0000000085c00000, 0x0000000085d00000|  0%| F|  |TAMS 0x0000000085c00000, 0x0000000085c00000| Untracked 
|  93|0x0000000085d00000, 0x0000000085d00000, 0x0000000085e00000|  0%| F|  |TAMS 0x0000000085d00000, 0x0000000085d00000| Untracked 
|  94|0x0000000085e00000, 0x0000000085e00000, 0x0000000085f00000|  0%| F|  |TAMS 0x0000000085e00000, 0x0000000085e00000| Untracked 
|  95|0x0000000085f00000, 0x0000000085f00000, 0x0000000086000000|  0%| F|  |TAMS 0x0000000085f00000, 0x0000000085f00000| Untracked 
|  96|0x0000000086000000, 0x0000000086000000, 0x0000000086100000|  0%| F|  |TAMS 0x0000000086000000, 0x0000000086000000| Untracked 
|  97|0x0000000086100000, 0x0000000086100000, 0x0000000086200000|  0%| F|  |TAMS 0x0000000086100000, 0x0000000086100000| Untracked 
|  98|0x0000000086200000, 0x0000000086200000, 0x0000000086300000|  0%| F|  |TAMS 0x0000000086200000, 0x0000000086200000| Untracked 
|  99|0x0000000086300000, 0x0000000086300000, 0x0000000086400000|  0%| F|  |TAMS 0x0000000086300000, 0x0000000086300000| Untracked 
| 100|0x0000000086400000, 0x0000000086400000, 0x0000000086500000|  0%| F|  |TAMS 0x0000000086400000, 0x0000000086400000| Untracked 
| 101|0x0000000086500000, 0x0000000086500000, 0x0000000086600000|  0%| F|  |TAMS 0x0000000086500000, 0x0000000086500000| Untracked 
| 102|0x0000000086600000, 0x0000000086600000, 0x0000000086700000|  0%| F|  |TAMS 0x0000000086600000, 0x0000000086600000| Untracked 
| 103|0x0000000086700000, 0x0000000086700000, 0x0000000086800000|  0%| F|  |TAMS 0x0000000086700000, 0x0000000086700000| Untracked 
| 104|0x0000000086800000, 0x0000000086800000, 0x0000000086900000|  0%| F|  |TAMS 0x0000000086800000, 0x0000000086800000| Untracked 
| 105|0x0000000086900000, 0x0000000086900000, 0x0000000086a00000|  0%| F|  |TAMS 0x0000000086900000, 0x0000000086900000| Untracked 
| 106|0x0000000086a00000, 0x0000000086a00000, 0x0000000086b00000|  0%| F|  |TAMS 0x0000000086a00000, 0x0000000086a00000| Untracked 
| 107|0x0000000086b00000, 0x0000000086b00000, 0x0000000086c00000|  0%| F|  |TAMS 0x0000000086b00000, 0x0000000086b00000| Untracked 
| 108|0x0000000086c00000, 0x0000000086c00000, 0x0000000086d00000|  0%| F|  |TAMS 0x0000000086c00000, 0x0000000086c00000| Untracked 
| 109|0x0000000086d00000, 0x0000000086d00000, 0x0000000086e00000|  0%| F|  |TAMS 0x0000000086d00000, 0x0000000086d00000| Untracked 
| 110|0x0000000086e00000, 0x0000000086e00000, 0x0000000086f00000|  0%| F|  |TAMS 0x0000000086e00000, 0x0000000086e00000| Untracked 
| 111|0x0000000086f00000, 0x0000000086f00000, 0x0000000087000000|  0%| F|  |TAMS 0x0000000086f00000, 0x0000000086f00000| Untracked 
| 112|0x0000000087000000, 0x0000000087000000, 0x0000000087100000|  0%| F|  |TAMS 0x0000000087000000, 0x0000000087000000| Untracked 
| 113|0x0000000087100000, 0x0000000087100000, 0x0000000087200000|  0%| F|  |TAMS 0x0000000087100000, 0x0000000087100000| Untracked 
| 114|0x0000000087200000, 0x00000000872484a0, 0x0000000087300000| 28%| S|CS|TAMS 0x0000000087200000, 0x0000000087200000| Complete 
| 115|0x0000000087300000, 0x0000000087400000, 0x0000000087400000|100%| S|CS|TAMS 0x0000000087300000, 0x0000000087300000| Complete 
| 116|0x0000000087400000, 0x0000000087400000, 0x0000000087500000|  0%| F|  |TAMS 0x0000000087400000, 0x0000000087400000| Untracked 
| 117|0x0000000087500000, 0x0000000087500000, 0x0000000087600000|  0%| F|  |TAMS 0x0000000087500000, 0x0000000087500000| Untracked 
| 118|0x0000000087600000, 0x0000000087600000, 0x0000000087700000|  0%| F|  |TAMS 0x0000000087600000, 0x0000000087600000| Untracked 
| 119|0x0000000087700000, 0x0000000087700000, 0x0000000087800000|  0%| F|  |TAMS 0x0000000087700000, 0x0000000087700000| Untracked 
| 120|0x0000000087800000, 0x0000000087800000, 0x0000000087900000|  0%| F|  |TAMS 0x0000000087800000, 0x0000000087800000| Untracked 
| 121|0x0000000087900000, 0x0000000087900000, 0x0000000087a00000|  0%| F|  |TAMS 0x0000000087900000, 0x0000000087900000| Untracked 
| 122|0x0000000087a00000, 0x0000000087a00000, 0x0000000087b00000|  0%| F|  |TAMS 0x0000000087a00000, 0x0000000087a00000| Untracked 
| 123|0x0000000087b00000, 0x0000000087b00000, 0x0000000087c00000|  0%| F|  |TAMS 0x0000000087b00000, 0x0000000087b00000| Untracked 
| 124|0x0000000087c00000, 0x0000000087c00000, 0x0000000087d00000|  0%| F|  |TAMS 0x0000000087c00000, 0x0000000087c00000| Untracked 
| 125|0x0000000087d00000, 0x0000000087d00000, 0x0000000087e00000|  0%| F|  |TAMS 0x0000000087d00000, 0x0000000087d00000| Untracked 
| 126|0x0000000087e00000, 0x0000000087e00000, 0x0000000087f00000|  0%| F|  |TAMS 0x0000000087e00000, 0x0000000087e00000| Untracked 
| 127|0x0000000087f00000, 0x0000000087f00000, 0x0000000088000000|  0%| F|  |TAMS 0x0000000087f00000, 0x0000000087f00000| Untracked 
| 128|0x0000000088000000, 0x0000000088000000, 0x0000000088100000|  0%| F|  |TAMS 0x0000000088000000, 0x0000000088000000| Untracked 
| 129|0x0000000088100000, 0x0000000088100000, 0x0000000088200000|  0%| F|  |TAMS 0x0000000088100000, 0x0000000088100000| Untracked 
| 130|0x0000000088200000, 0x0000000088200000, 0x0000000088300000|  0%| F|  |TAMS 0x0000000088200000, 0x0000000088200000| Untracked 
| 131|0x0000000088300000, 0x0000000088300000, 0x0000000088400000|  0%| F|  |TAMS 0x0000000088300000, 0x0000000088300000| Untracked 
| 132|0x0000000088400000, 0x0000000088400000, 0x0000000088500000|  0%| F|  |TAMS 0x0000000088400000, 0x0000000088400000| Untracked 
| 133|0x0000000088500000, 0x0000000088500000, 0x0000000088600000|  0%| F|  |TAMS 0x0000000088500000, 0x0000000088500000| Untracked 
| 134|0x0000000088600000, 0x0000000088600000, 0x0000000088700000|  0%| F|  |TAMS 0x0000000088600000, 0x0000000088600000| Untracked 
| 135|0x0000000088700000, 0x0000000088700000, 0x0000000088800000|  0%| F|  |TAMS 0x0000000088700000, 0x0000000088700000| Untracked 
| 136|0x0000000088800000, 0x0000000088800000, 0x0000000088900000|  0%| F|  |TAMS 0x0000000088800000, 0x0000000088800000| Untracked 
| 137|0x0000000088900000, 0x0000000088900000, 0x0000000088a00000|  0%| F|  |TAMS 0x0000000088900000, 0x0000000088900000| Untracked 
| 138|0x0000000088a00000, 0x0000000088a00000, 0x0000000088b00000|  0%| F|  |TAMS 0x0000000088a00000, 0x0000000088a00000| Untracked 
| 139|0x0000000088b00000, 0x0000000088b00000, 0x0000000088c00000|  0%| F|  |TAMS 0x0000000088b00000, 0x0000000088b00000| Untracked 
| 140|0x0000000088c00000, 0x0000000088c00000, 0x0000000088d00000|  0%| F|  |TAMS 0x0000000088c00000, 0x0000000088c00000| Untracked 
| 141|0x0000000088d00000, 0x0000000088d00000, 0x0000000088e00000|  0%| F|  |TAMS 0x0000000088d00000, 0x0000000088d00000| Untracked 
| 142|0x0000000088e00000, 0x0000000088e00000, 0x0000000088f00000|  0%| F|  |TAMS 0x0000000088e00000, 0x0000000088e00000| Untracked 
| 143|0x0000000088f00000, 0x0000000088f00000, 0x0000000089000000|  0%| F|  |TAMS 0x0000000088f00000, 0x0000000088f00000| Untracked 
| 144|0x0000000089000000, 0x0000000089000000, 0x0000000089100000|  0%| F|  |TAMS 0x0000000089000000, 0x0000000089000000| Untracked 

Card table byte_map: [0x000001a4d86b0000,0x000001a4d8ab0000] _byte_map_base: 0x000001a4d82b0000

Marking Bits (Prev, Next): (CMBitMap*) 0x000001a4c1511c70, (CMBitMap*) 0x000001a4c1511cb0
 Prev Bits: [0x000001a4d8eb0000, 0x000001a4daeb0000)
 Next Bits: [0x000001a4daeb0000, 0x000001a4dceb0000)

Polling page: 0x000001a4bf420000

Metaspace:

Usage:
  Non-class:     68.43 MB used.
      Class:     11.00 MB used.
       Both:     79.42 MB used.

Virtual space:
  Non-class space:      128.00 MB reserved,      68.81 MB ( 54%) committed,  2 nodes.
      Class space:      416.00 MB reserved,      11.31 MB (  3%) committed,  1 nodes.
             Both:      544.00 MB reserved,      80.12 MB ( 15%) committed. 

Chunk freelists:
   Non-Class:  11.09 MB
       Class:  4.64 MB
        Both:  15.73 MB

MaxMetaspaceSize: 512.00 MB
CompressedClassSpaceSize: 416.00 MB
Initial GC threshold: 21.00 MB
Current GC threshold: 126.81 MB
CDS: on
MetaspaceReclaimPolicy: balanced
 - commit_granule_bytes: 65536.
 - commit_granule_words: 8192.
 - virtual_space_node_default_size: 8388608.
 - enlarge_chunks_in_place: 1.
 - new_chunks_are_fully_committed: 0.
 - uncommit_free_chunks: 1.
 - use_allocation_guard: 0.
 - handle_deallocations: 1.


Internal statistics:

num_allocs_failed_limit: 9.
num_arena_births: 898.
num_arena_deaths: 0.
num_vsnodes_births: 3.
num_vsnodes_deaths: 0.
num_space_committed: 1282.
num_space_uncommitted: 0.
num_chunks_returned_to_freelist: 9.
num_chunks_taken_from_freelist: 4066.
num_chunk_merges: 9.
num_chunk_splits: 2727.
num_chunks_enlarged: 1857.
num_inconsistent_stats: 0.

CodeHeap 'non-profiled nmethods': size=120000Kb used=4506Kb max_used=4506Kb free=115493Kb
 bounds [0x000001a4d0820000, 0x000001a4d0c90000, 0x000001a4d7d50000]
CodeHeap 'profiled nmethods': size=120000Kb used=17191Kb max_used=17191Kb free=102808Kb
 bounds [0x000001a4c8d50000, 0x000001a4c9e20000, 0x000001a4d0280000]
CodeHeap 'non-nmethods': size=5760Kb used=2418Kb max_used=2464Kb free=3341Kb
 bounds [0x000001a4d0280000, 0x000001a4d0500000, 0x000001a4d0820000]
 total_blobs=9496 nmethods=8549 adapters=859
 compilation: enabled
              stopped_count=0, restarted_count=0
 full_count=0

Compilation events (20 events):
Event: 55.289 Thread 0x000001a4df7ddfb0 nmethod 9025 0x000001a4d0c83390 code [0x000001a4d0c83540, 0x000001a4d0c83ef8]
Event: 55.289 Thread 0x000001a4df7e9f70 9346       3       sun.net.www.protocol.jar.Handler::parseURL (173 bytes)
Event: 55.289 Thread 0x000001a4df7ddfb0 9034       4       java.util.jar.Manifest::parseName (84 bytes)
Event: 55.290 Thread 0x000001a4df7e9f70 nmethod 9346 0x000001a4c9e18b10 code [0x000001a4c9e18dc0, 0x000001a4c9e19958]
Event: 55.294 Thread 0x000001a4df7ddfb0 nmethod 9034 0x000001a4d0c84390 code [0x000001a4d0c84540, 0x000001a4d0c847c8]
Event: 55.294 Thread 0x000001a4df7ddfb0 8964  s    4       java.io.ByteArrayOutputStream::write (43 bytes)
Event: 55.303 Thread 0x000001a4df7ddfb0 nmethod 8964 0x000001a4d0c84a90 code [0x000001a4d0c84c20, 0x000001a4d0c853d8]
Event: 55.303 Thread 0x000001a4df7ddfb0 8978       4       sun.security.util.DerValue::data (29 bytes)
Event: 55.305 Thread 0x000001a4df7ddfb0 nmethod 8978 0x000001a4d0c85690 code [0x000001a4d0c85820, 0x000001a4d0c85918]
Event: 55.305 Thread 0x000001a4df7ddfb0 9310       4       java.util.Collections::emptyIterator (4 bytes)
Event: 55.305 Thread 0x000001a4df7ddfb0 nmethod 9310 0x000001a4d0c85a10 code [0x000001a4d0c85b80, 0x000001a4d0c85bd8]
Event: 55.305 Thread 0x000001a4df7ddfb0 9200       4       org.objectweb.asm.SymbolTable::get (13 bytes)
Event: 55.306 Thread 0x000001a4df7ddfb0 nmethod 9200 0x000001a4d0c85d10 code [0x000001a4d0c85e80, 0x000001a4d0c85f58]
Event: 55.306 Thread 0x000001a4df7ddfb0 9217       4       sun.misc.Unsafe::compareAndSwapObject (13 bytes)
Event: 55.308 Thread 0x000001a4df7ddfb0 nmethod 9217 0x000001a4d0c86010 code [0x000001a4d0c86180, 0x000001a4d0c862b8]
Event: 55.308 Thread 0x000001a4df7ddfb0 9347       4       java.lang.StringLatin1::toChars (16 bytes)
Event: 55.310 Thread 0x000001a4df7ddfb0 nmethod 9347 0x000001a4d0c86310 code [0x000001a4d0c864a0, 0x000001a4d0c86658]
Event: 55.310 Thread 0x000001a4df7ddfb0 9305       4       org.objectweb.asm.ClassReader::readBytecodeInstructionOffset (1 bytes)
Event: 55.310 Thread 0x000001a4df7ddfb0 nmethod 9305 0x000001a4d0c86710 code [0x000001a4d0c86880, 0x000001a4d0c868f8]
Event: 55.312 Thread 0x000001a4df7ddfb0 9348       4       java.lang.AbstractStringBuilder::<init> (63 bytes)

GC Heap History (20 events):
Event: 50.055 GC heap after
{Heap after GC invocations=38 (full 0):
 garbage-first heap   total 122880K, used 72777K [0x0000000080000000, 0x0000000100000000)
  region size 1024K, 3 young (3072K), 3 survivors (3072K)
 Metaspace       used 71442K, committed 72192K, reserved 491520K
  class space    used 10011K, committed 10368K, reserved 425984K
}
Event: 50.387 GC heap before
{Heap before GC invocations=39 (full 0):
 garbage-first heap   total 126976K, used 76873K [0x0000000080000000, 0x0000000100000000)
  region size 1024K, 8 young (8192K), 3 survivors (3072K)
 Metaspace       used 71452K, committed 72192K, reserved 491520K
  class space    used 10011K, committed 10368K, reserved 425984K
}
Event: 50.392 GC heap after
{Heap after GC invocations=40 (full 0):
 garbage-first heap   total 126976K, used 77198K [0x0000000080000000, 0x0000000100000000)
  region size 1024K, 3 young (3072K), 3 survivors (3072K)
 Metaspace       used 71452K, committed 72192K, reserved 491520K
  class space    used 10011K, committed 10368K, reserved 425984K
}
Event: 51.120 GC heap before
{Heap before GC invocations=41 (full 0):
 garbage-first heap   total 133120K, used 94606K [0x0000000080000000, 0x0000000100000000)
  region size 1024K, 19 young (19456K), 3 survivors (3072K)
 Metaspace       used 72387K, committed 73152K, reserved 491520K
  class space    used 10127K, committed 10496K, reserved 425984K
}
Event: 51.124 GC heap after
{Heap after GC invocations=42 (full 0):
 garbage-first heap   total 133120K, used 81119K [0x0000000080000000, 0x0000000100000000)
  region size 1024K, 3 young (3072K), 3 survivors (3072K)
 Metaspace       used 72387K, committed 73152K, reserved 491520K
  class space    used 10127K, committed 10496K, reserved 425984K
}
Event: 51.227 GC heap before
{Heap before GC invocations=42 (full 0):
 garbage-first heap   total 133120K, used 84191K [0x0000000080000000, 0x0000000100000000)
  region size 1024K, 6 young (6144K), 3 survivors (3072K)
 Metaspace       used 72579K, committed 73280K, reserved 491520K
  class space    used 10160K, committed 10496K, reserved 425984K
}
Event: 51.285 GC heap after
{Heap after GC invocations=43 (full 0):
 garbage-first heap   total 133120K, used 81364K [0x0000000080000000, 0x0000000100000000)
  region size 1024K, 1 young (1024K), 1 survivors (1024K)
 Metaspace       used 72579K, committed 73280K, reserved 491520K
  class space    used 10160K, committed 10496K, reserved 425984K
}
Event: 51.872 GC heap before
{Heap before GC invocations=43 (full 0):
 garbage-first heap   total 133120K, used 98772K [0x0000000080000000, 0x0000000100000000)
  region size 1024K, 19 young (19456K), 1 survivors (1024K)
 Metaspace       used 74137K, committed 74880K, reserved 491520K
  class space    used 10321K, committed 10688K, reserved 425984K
}
Event: 51.877 GC heap after
{Heap after GC invocations=44 (full 0):
 garbage-first heap   total 133120K, used 81988K [0x0000000080000000, 0x0000000100000000)
  region size 1024K, 1 young (1024K), 1 survivors (1024K)
 Metaspace       used 74137K, committed 74880K, reserved 491520K
  class space    used 10321K, committed 10688K, reserved 425984K
}
Event: 52.903 GC heap before
{Heap before GC invocations=45 (full 0):
 garbage-first heap   total 142336K, used 101444K [0x0000000080000000, 0x0000000100000000)
  region size 1024K, 21 young (21504K), 1 survivors (1024K)
 Metaspace       used 75757K, committed 76480K, reserved 557056K
  class space    used 10517K, committed 10880K, reserved 425984K
}
Event: 52.906 GC heap after
{Heap after GC invocations=46 (full 0):
 garbage-first heap   total 142336K, used 82346K [0x0000000080000000, 0x0000000100000000)
  region size 1024K, 2 young (2048K), 2 survivors (2048K)
 Metaspace       used 75757K, committed 76480K, reserved 557056K
  class space    used 10517K, committed 10880K, reserved 425984K
}
Event: 53.006 GC heap before
{Heap before GC invocations=46 (full 0):
 garbage-first heap   total 142336K, used 86442K [0x0000000080000000, 0x0000000100000000)
  region size 1024K, 6 young (6144K), 2 survivors (2048K)
 Metaspace       used 76062K, committed 76736K, reserved 557056K
  class space    used 10559K, committed 10880K, reserved 425984K
}
Event: 53.010 GC heap after
{Heap after GC invocations=47 (full 0):
 garbage-first heap   total 142336K, used 82424K [0x0000000080000000, 0x0000000100000000)
  region size 1024K, 1 young (1024K), 1 survivors (1024K)
 Metaspace       used 76062K, committed 76736K, reserved 557056K
  class space    used 10559K, committed 10880K, reserved 425984K
}
Event: 53.657 GC heap before
{Heap before GC invocations=47 (full 0):
 garbage-first heap   total 142336K, used 114168K [0x0000000080000000, 0x0000000100000000)
  region size 1024K, 27 young (27648K), 1 survivors (1024K)
 Metaspace       used 76997K, committed 77760K, reserved 557056K
  class space    used 10692K, committed 11072K, reserved 425984K
}
Event: 53.661 GC heap after
{Heap after GC invocations=48 (full 0):
 garbage-first heap   total 142336K, used 86000K [0x0000000080000000, 0x0000000100000000)
  region size 1024K, 4 young (4096K), 4 survivors (4096K)
 Metaspace       used 76997K, committed 77760K, reserved 557056K
  class space    used 10692K, committed 11072K, reserved 425984K
}
Event: 54.284 GC heap before
{Heap before GC invocations=49 (full 0):
 garbage-first heap   total 148480K, used 111600K [0x0000000080000000, 0x0000000100000000)
  region size 1024K, 29 young (29696K), 4 survivors (4096K)
 Metaspace       used 78800K, committed 79552K, reserved 557056K
  class space    used 10919K, committed 11264K, reserved 425984K
}
Event: 54.290 GC heap after
{Heap after GC invocations=50 (full 0):
 garbage-first heap   total 148480K, used 87481K [0x0000000080000000, 0x0000000100000000)
  region size 1024K, 2 young (2048K), 2 survivors (2048K)
 Metaspace       used 78800K, committed 79552K, reserved 557056K
  class space    used 10919K, committed 11264K, reserved 425984K
}
Event: 54.430 GC heap before
{Heap before GC invocations=50 (full 0):
 garbage-first heap   total 148480K, used 91577K [0x0000000080000000, 0x0000000100000000)
  region size 1024K, 7 young (7168K), 2 survivors (2048K)
 Metaspace       used 79130K, committed 79936K, reserved 557056K
  class space    used 10962K, committed 11328K, reserved 425984K
}
Event: 54.433 GC heap after
{Heap after GC invocations=51 (full 0):
 garbage-first heap   total 148480K, used 87735K [0x0000000080000000, 0x0000000100000000)
  region size 1024K, 1 young (1024K), 1 survivors (1024K)
 Metaspace       used 79130K, committed 79936K, reserved 557056K
  class space    used 10962K, committed 11328K, reserved 425984K
}
Event: 55.314 GC heap before
{Heap before GC invocations=51 (full 0):
 garbage-first heap   total 148480K, used 116407K [0x0000000080000000, 0x0000000100000000)
  region size 1024K, 29 young (29696K), 1 survivors (1024K)
 Metaspace       used 81330K, committed 82048K, reserved 557056K
  class space    used 11259K, committed 11584K, reserved 425984K
}

Deoptimization events (20 events):
Event: 54.645 Thread 0x000001a4ff03ebd0 Uncommon trap: trap_request=0xffffff45 fr.pc=0x000001a4d0b2d428 relative=0x0000000000000128
Event: 54.645 Thread 0x000001a4ff03ebd0 Uncommon trap: reason=unstable_if action=reinterpret pc=0x000001a4d0b2d428 method=org.objectweb.asm.ByteVector.putByteArray([BII)Lorg/objectweb/asm/ByteVector; @ 20 c2
Event: 54.645 Thread 0x000001a4ff03ebd0 DEOPT PACKING pc=0x000001a4d0b2d428 sp=0x00000082005f2460
Event: 54.646 Thread 0x000001a4ff03ebd0 DEOPT UNPACKING pc=0x000001a4d02d23a3 sp=0x00000082005f2430 mode 2
Event: 54.646 Thread 0x000001a4ff03ebd0 Uncommon trap: trap_request=0xffffff45 fr.pc=0x000001a4d09f1a58 relative=0x0000000000000998
Event: 54.646 Thread 0x000001a4ff03ebd0 Uncommon trap: reason=unstable_if action=reinterpret pc=0x000001a4d09f1a58 method=org.objectweb.asm.Label.resolve([BI)Z @ 80 c2
Event: 54.646 Thread 0x000001a4ff03ebd0 DEOPT PACKING pc=0x000001a4d09f1a58 sp=0x00000082005f2480
Event: 54.646 Thread 0x000001a4ff03ebd0 DEOPT UNPACKING pc=0x000001a4d02d23a3 sp=0x00000082005f23a0 mode 2
Event: 54.646 Thread 0x000001a4ff03ebd0 Uncommon trap: trap_request=0xffffff45 fr.pc=0x000001a4d08f65b0 relative=0x0000000000000210
Event: 54.646 Thread 0x000001a4ff03ebd0 Uncommon trap: reason=unstable_if action=reinterpret pc=0x000001a4d08f65b0 method=org.objectweb.asm.Label.resolve([BI)Z @ 80 c2
Event: 54.646 Thread 0x000001a4ff03ebd0 DEOPT PACKING pc=0x000001a4d08f65b0 sp=0x00000082005f2410
Event: 54.646 Thread 0x000001a4ff03ebd0 DEOPT UNPACKING pc=0x000001a4d02d23a3 sp=0x00000082005f2390 mode 2
Event: 54.647 Thread 0x000001a4ff03ebd0 Uncommon trap: trap_request=0xffffff45 fr.pc=0x000001a4d0b5b438 relative=0x00000000000011d8
Event: 54.647 Thread 0x000001a4ff03ebd0 Uncommon trap: reason=unstable_if action=reinterpret pc=0x000001a4d0b5b438 method=org.objectweb.asm.MethodWriter.<init>(Lorg/objectweb/asm/SymbolTable;ILjava/lang/String;Ljava/lang/String;Ljava/lang/String;[Ljava/lang/String;I)V @ 94 c2
Event: 54.647 Thread 0x000001a4ff03ebd0 DEOPT PACKING pc=0x000001a4d0b5b438 sp=0x00000082005f25a0
Event: 54.647 Thread 0x000001a4ff03ebd0 DEOPT UNPACKING pc=0x000001a4d02d23a3 sp=0x00000082005f2478 mode 2
Event: 55.165 Thread 0x000001a4ff03ebd0 Uncommon trap: trap_request=0xffffff45 fr.pc=0x000001a4d0a7cb60 relative=0x00000000000022c0
Event: 55.165 Thread 0x000001a4ff03ebd0 Uncommon trap: reason=unstable_if action=reinterpret pc=0x000001a4d0a7cb60 method=sun.net.www.protocol.jar.Handler.parseURL(Ljava/net/URL;Ljava/lang/String;II)V @ 116 c2
Event: 55.165 Thread 0x000001a4ff03ebd0 DEOPT PACKING pc=0x000001a4d0a7cb60 sp=0x00000082005f42d0
Event: 55.165 Thread 0x000001a4ff03ebd0 DEOPT UNPACKING pc=0x000001a4d02d23a3 sp=0x00000082005f4270 mode 2

Classes unloaded (0 events):
No events

Classes redefined (0 events):
No events

Internal exceptions (20 events):
Event: 43.643 Thread 0x000001a4ff03ebd0 Exception <a 'java/lang/NoSuchMethodError'{0x00000000858c6a20}: 'java.lang.Object java.lang.invoke.DirectMethodHandle$Holder.invokeSpecial(java.lang.Object, java.lang.Object, java.lang.Object, java.lang.Object, java.lang.Object, java.lang.Object, java.lang.Object, int)'> (0x00000000858c6a20) 
thrown [s\open\src\hotspot\share\interpreter\linkResolver.cpp, line 759]
Event: 43.643 Thread 0x000001a4ff03ebd0 Exception <a 'java/lang/NoSuchMethodError'{0x00000000858cc638}: 'java.lang.Object java.lang.invoke.Invokers$Holder.linkToTargetMethod(java.lang.Object, java.lang.Object, java.lang.Object, java.lang.Object, java.lang.Object, int, java.lang.Object)'> (0x00000000858cc638) 
thrown [s\open\src\hotspot\share\interpreter\linkResolver.cpp, line 759]
Event: 43.663 Thread 0x000001a48120d570 Implicit null exception at 0x000001a4d0886e83 to 0x000001a4d0887048
Event: 47.588 Thread 0x000001a481b97bd0 Exception <a 'java/lang/NoSuchMethodError'{0x00000000854040b8}: 'void java.lang.invoke.DirectMethodHandle$Holder.invokeSpecial(java.lang.Object, java.lang.Object, int)'> (0x00000000854040b8) 
thrown [s\open\src\hotspot\share\interpreter\linkResolver.cpp, line 759]
Event: 47.631 Thread 0x000001a4ff03ebd0 Exception <a 'java/lang/NoSuchMethodError'{0x0000000085483bd0}: 'int java.lang.invoke.DirectMethodHandle$Holder.invokeSpecialIFC(java.lang.Object, java.lang.Object, java.lang.Object, java.lang.Object, java.lang.Object)'> (0x0000000085483bd0) 
thrown [s\open\src\hotspot\share\interpreter\linkResolver.cpp, line 759]
Event: 48.047 Thread 0x000001a481b96280 Exception <a 'java/lang/NoSuchMethodError'{0x0000000086f9b2f8}: 'java.lang.Object java.lang.invoke.DirectMethodHandle$Holder.newInvokeSpecial(java.lang.Object, java.lang.Object, java.lang.Object, java.lang.Object, int, java.lang.Object)'> (0x0000000086f9b2f8) 
thrown [s\open\src\hotspot\share\interpreter\linkResolver.cpp, line 759]
Event: 48.048 Thread 0x000001a481b96280 Exception <a 'java/lang/NoSuchMethodError'{0x0000000086f9f660}: 'java.lang.Object java.lang.invoke.Invokers$Holder.linkToTargetMethod(java.lang.Object, java.lang.Object, java.lang.Object, int, java.lang.Object, java.lang.Object)'> (0x0000000086f9f660) 
thrown [s\open\src\hotspot\share\interpreter\linkResolver.cpp, line 759]
Event: 48.081 Thread 0x000001a481b91690 Exception <a 'java/lang/NoSuchMethodError'{0x0000000086e26548}: 'void java.lang.invoke.DirectMethodHandle$Holder.invokeInterface(java.lang.Object, java.lang.Object, java.lang.Object, java.lang.Object)'> (0x0000000086e26548) 
thrown [s\open\src\hotspot\share\interpreter\linkResolver.cpp, line 759]
Event: 48.193 Thread 0x000001a481b91690 Exception <a 'java/lang/NoSuchMethodError'{0x0000000086a30298}: 'int java.lang.invoke.DirectMethodHandle$Holder.invokeSpecial(java.lang.Object, java.lang.Object, java.lang.Object, java.lang.Object, java.lang.Object)'> (0x0000000086a30298) 
thrown [s\open\src\hotspot\share\interpreter\linkResolver.cpp, line 759]
Event: 49.069 Thread 0x000001a481b91690 Exception <a 'sun/nio/fs/WindowsException'{0x0000000086457ac8}> (0x0000000086457ac8) 
thrown [s\open\src\hotspot\share\prims\jni.cpp, line 516]
Event: 49.072 Thread 0x000001a481b91690 Exception <a 'sun/nio/fs/WindowsException'{0x000000008645a258}> (0x000000008645a258) 
thrown [s\open\src\hotspot\share\prims\jni.cpp, line 516]
Event: 49.074 Thread 0x000001a481b91690 Exception <a 'sun/nio/fs/WindowsException'{0x00000000864722d8}> (0x00000000864722d8) 
thrown [s\open\src\hotspot\share\prims\jni.cpp, line 516]
Event: 49.075 Thread 0x000001a481b91690 Exception <a 'sun/nio/fs/WindowsException'{0x00000000864744b0}> (0x00000000864744b0) 
thrown [s\open\src\hotspot\share\prims\jni.cpp, line 516]
Event: 49.776 Thread 0x000001a4ff03ebd0 Exception <a 'java/lang/ClassNotFoundException'{0x00000000870cbe18}: build_7jc28gkjqcc86z0q69ybrc16dBeanInfo> (0x00000000870cbe18) 
thrown [s\open\src\hotspot\share\classfile\systemDictionary.cpp, line 256]
Event: 49.776 Thread 0x000001a4ff03ebd0 Exception <a 'java/lang/ClassNotFoundException'{0x00000000870d27f8}: build_7jc28gkjqcc86z0q69ybrc16dCustomizer> (0x00000000870d27f8) 
thrown [s\open\src\hotspot\share\classfile\systemDictionary.cpp, line 256]
Event: 50.682 Thread 0x000001a4ff03ebd0 Exception <a 'java/lang/ClassNotFoundException'{0x00000000881afa88}: build_78snwpjqb2s5juom1xqi78e7BeanInfo> (0x00000000881afa88) 
thrown [s\open\src\hotspot\share\classfile\systemDictionary.cpp, line 256]
Event: 50.683 Thread 0x000001a4ff03ebd0 Exception <a 'java/lang/ClassNotFoundException'{0x00000000881bae28}: build_78snwpjqb2s5juom1xqi78e7Customizer> (0x00000000881bae28) 
thrown [s\open\src\hotspot\share\classfile\systemDictionary.cpp, line 256]
Event: 53.039 Thread 0x000001a4ff03ebd0 Implicit null exception at 0x000001a4d09ac30c to 0x000001a4d09ac43e
Event: 53.316 Thread 0x000001a4ff03ebd0 Exception <a 'sun/nio/fs/WindowsException'{0x000000008791ff68}> (0x000000008791ff68) 
thrown [s\open\src\hotspot\share\prims\jni.cpp, line 516]
Event: 54.645 Thread 0x000001a4ff03ebd0 Implicit null exception at 0x000001a4d0b2d348 to 0x000001a4d0b2d408

VM Operations (20 events):
Event: 51.962 Executing VM operation: G1Concurrent done
Event: 52.008 Executing VM operation: G1Concurrent
Event: 52.008 Executing VM operation: G1Concurrent done
Event: 52.902 Executing VM operation: G1CollectForAllocation
Event: 52.906 Executing VM operation: G1CollectForAllocation done
Event: 53.006 Executing VM operation: G1CollectForAllocation
Event: 53.010 Executing VM operation: G1CollectForAllocation done
Event: 53.056 Executing VM operation: HandshakeAllThreads
Event: 53.056 Executing VM operation: HandshakeAllThreads done
Event: 53.657 Executing VM operation: G1CollectForAllocation
Event: 53.662 Executing VM operation: G1CollectForAllocation done
Event: 53.729 Executing VM operation: G1Concurrent
Event: 53.738 Executing VM operation: G1Concurrent done
Event: 53.769 Executing VM operation: G1Concurrent
Event: 53.770 Executing VM operation: G1Concurrent done
Event: 54.284 Executing VM operation: G1CollectForAllocation
Event: 54.290 Executing VM operation: G1CollectForAllocation done
Event: 54.430 Executing VM operation: G1CollectForAllocation
Event: 54.434 Executing VM operation: G1CollectForAllocation done
Event: 55.314 Executing VM operation: G1CollectForAllocation

Events (20 events):
Event: 53.070 loading class java/security/cert/CertPathValidatorException$BasicReason
Event: 53.071 loading class java/security/cert/CertPathValidatorException$Reason
Event: 53.071 loading class java/security/cert/CertPathValidatorException$Reason done
Event: 53.071 loading class java/security/cert/CertPathValidatorException$BasicReason done
Event: 53.100 loading class java/util/Base64
Event: 53.101 loading class java/util/Base64 done
Event: 53.101 loading class java/util/Base64$Decoder
Event: 53.102 loading class java/util/Base64$Decoder done
Event: 53.102 loading class java/util/Base64$Encoder
Event: 53.103 loading class java/util/Base64$Encoder done
Event: 53.104 loading class java/util/jar/JarVerifier$VerifierStream
Event: 53.105 loading class java/util/jar/JarVerifier$VerifierStream done
Event: 53.105 loading class sun/security/util/ManifestEntryVerifier$SunProviderHolder
Event: 53.105 loading class sun/security/util/ManifestEntryVerifier$SunProviderHolder done
Event: 53.304 loading class java/security/KeyStore$ProtectionParameter
Event: 53.305 loading class java/security/KeyStore$ProtectionParameter done
Event: 54.530 loading class javax/xml/stream/XMLStreamException
Event: 54.531 loading class javax/xml/stream/XMLStreamException done
Event: 54.594 loading class sun/reflect/annotation/AnnotationInvocationHandler$1
Event: 54.594 loading class sun/reflect/annotation/AnnotationInvocationHandler$1 done


Dynamic libraries:
0x00007ff6f85a0000 - 0x00007ff6f85b0000 	C:\Program Files\Java\jdk-17\bin\java.exe
0x00007fffc45b0000 - 0x00007fffc47c7000 	C:\WINDOWS\SYSTEM32\ntdll.dll
0x00007fffc2790000 - 0x00007fffc2854000 	C:\WINDOWS\System32\KERNEL32.DLL
0x00007fffc1a50000 - 0x00007fffc1df6000 	C:\WINDOWS\System32\KERNELBASE.dll
0x00007fffc1f20000 - 0x00007fffc2031000 	C:\WINDOWS\System32\ucrtbase.dll
0x00007fffb2280000 - 0x00007fffb2299000 	C:\Program Files\Java\jdk-17\bin\jli.dll
0x00007fffb17e0000 - 0x00007fffb17fb000 	C:\Program Files\Java\jdk-17\bin\VCRUNTIME140.dll
0x00007fffc4470000 - 0x00007fffc4521000 	C:\WINDOWS\System32\ADVAPI32.dll
0x00007fffc3970000 - 0x00007fffc3a17000 	C:\WINDOWS\System32\msvcrt.dll
0x00007fffc3af0000 - 0x00007fffc3b95000 	C:\WINDOWS\System32\sechost.dll
0x00007fffc42a0000 - 0x00007fffc43b7000 	C:\WINDOWS\System32\RPCRT4.dll
0x00007fffc3de0000 - 0x00007fffc3f8e000 	C:\WINDOWS\System32\USER32.dll
0x00007fffc2160000 - 0x00007fffc2186000 	C:\WINDOWS\System32\win32u.dll
0x00007fffa47b0000 - 0x00007fffa4a43000 	C:\WINDOWS\WinSxS\amd64_microsoft.windows.common-controls_6595b64144ccf1df_6.0.22621.2506_none_270c5ae97388e100\COMCTL32.dll
0x00007fffc3a20000 - 0x00007fffc3a49000 	C:\WINDOWS\System32\GDI32.dll
0x00007fffc1e00000 - 0x00007fffc1f18000 	C:\WINDOWS\System32\gdi32full.dll
0x00007fffc20c0000 - 0x00007fffc215a000 	C:\WINDOWS\System32\msvcp_win.dll
0x00007fffb8510000 - 0x00007fffb851a000 	C:\WINDOWS\SYSTEM32\VERSION.dll
0x00007fffc4530000 - 0x00007fffc4561000 	C:\WINDOWS\System32\IMM32.DLL
0x00007fffb4450000 - 0x00007fffb445c000 	C:\Program Files\Java\jdk-17\bin\vcruntime140_1.dll
0x00007fff82790000 - 0x00007fff8281e000 	C:\Program Files\Java\jdk-17\bin\msvcp140.dll
0x00007fff81ba0000 - 0x00007fff82781000 	C:\Program Files\Java\jdk-17\bin\server\jvm.dll
0x00007fffc3dd0000 - 0x00007fffc3dd8000 	C:\WINDOWS\System32\PSAPI.DLL
0x00007fffad3f0000 - 0x00007fffad3f9000 	C:\WINDOWS\SYSTEM32\WSOCK32.dll
0x00007fffbabe0000 - 0x00007fffbac14000 	C:\WINDOWS\SYSTEM32\WINMM.dll
0x00007fffc3a70000 - 0x00007fffc3ae1000 	C:\WINDOWS\System32\WS2_32.dll
0x00007fffc08f0000 - 0x00007fffc0908000 	C:\WINDOWS\SYSTEM32\kernel.appcore.dll
0x00007fffb2270000 - 0x00007fffb227a000 	C:\Program Files\Java\jdk-17\bin\jimage.dll
0x00007fffbf2f0000 - 0x00007fffbf523000 	C:\WINDOWS\SYSTEM32\DBGHELP.DLL
0x00007fffc2300000 - 0x00007fffc2689000 	C:\WINDOWS\System32\combase.dll
0x00007fffc3cf0000 - 0x00007fffc3dc7000 	C:\WINDOWS\System32\OLEAUT32.dll
0x00007fffad7a0000 - 0x00007fffad7d2000 	C:\WINDOWS\SYSTEM32\dbgcore.DLL
0x00007fffc2040000 - 0x00007fffc20ba000 	C:\WINDOWS\System32\bcryptPrimitives.dll
0x00007fff94790000 - 0x00007fff9479e000 	C:\Program Files\Java\jdk-17\bin\instrument.dll
0x00007fff81b70000 - 0x00007fff81b95000 	C:\Program Files\Java\jdk-17\bin\java.dll
0x00007fff81a90000 - 0x00007fff81b67000 	C:\Program Files\Java\jdk-17\bin\jsvml.dll
0x00007fffc2af0000 - 0x00007fffc334a000 	C:\WINDOWS\System32\SHELL32.dll
0x00007fffbf7f0000 - 0x00007fffc00e6000 	C:\WINDOWS\SYSTEM32\windows.storage.dll
0x00007fffbf6b0000 - 0x00007fffbf7ee000 	C:\WINDOWS\SYSTEM32\wintypes.dll
0x00007fffc2690000 - 0x00007fffc2783000 	C:\WINDOWS\System32\SHCORE.dll
0x00007fffc37e0000 - 0x00007fffc383e000 	C:\WINDOWS\System32\shlwapi.dll
0x00007fffc1850000 - 0x00007fffc1876000 	C:\WINDOWS\SYSTEM32\profapi.dll
0x00007fff8b0c0000 - 0x00007fff8b0d8000 	C:\Program Files\Java\jdk-17\bin\zip.dll
0x00007fff923b0000 - 0x00007fff923c9000 	C:\Program Files\Java\jdk-17\bin\net.dll
0x00007fffbb550000 - 0x00007fffbb687000 	C:\WINDOWS\SYSTEM32\WINHTTP.dll
0x00007fffc0da0000 - 0x00007fffc0e09000 	C:\WINDOWS\system32\mswsock.dll
0x00007fff8d720000 - 0x00007fff8d736000 	C:\Program Files\Java\jdk-17\bin\nio.dll
0x00007fffb1fa0000 - 0x00007fffb1fb0000 	C:\Program Files\Java\jdk-17\bin\verify.dll
0x00007fff81a60000 - 0x00007fff81a87000 	C:\Users\asepr\.gradle\native\68d5fa5c4cc2d200863cafc0d521ce42e7d3e7ee720ec0a83991735586a16f82\windows-amd64\native-platform.dll
0x00007fff81910000 - 0x00007fff81a54000 	C:\Users\asepr\.gradle\native\e376f236ea51e6404a007f0833ffe2c6e607c4080706a723a18a27aeea778392\windows-amd64\native-platform-file-events.dll
0x00007fffafa50000 - 0x00007fffafa5a000 	C:\Program Files\Java\jdk-17\bin\management.dll
0x00007fff952d0000 - 0x00007fff952db000 	C:\Program Files\Java\jdk-17\bin\management_ext.dll
0x00007fffc0ff0000 - 0x00007fffc100b000 	C:\WINDOWS\SYSTEM32\CRYPTSP.dll
0x00007fffc0850000 - 0x00007fffc0885000 	C:\WINDOWS\system32\rsaenh.dll
0x00007fffc0e90000 - 0x00007fffc0ebc000 	C:\WINDOWS\SYSTEM32\USERENV.dll
0x00007fffc1250000 - 0x00007fffc1278000 	C:\WINDOWS\SYSTEM32\bcrypt.dll
0x00007fffc1010000 - 0x00007fffc101c000 	C:\WINDOWS\SYSTEM32\CRYPTBASE.dll
0x00007fffc0340000 - 0x00007fffc036d000 	C:\WINDOWS\SYSTEM32\IPHLPAPI.DLL
0x00007fffc3a60000 - 0x00007fffc3a69000 	C:\WINDOWS\System32\NSI.dll
0x00007fffbb720000 - 0x00007fffbb739000 	C:\WINDOWS\SYSTEM32\dhcpcsvc6.DLL
0x00007fffbb6d0000 - 0x00007fffbb6ef000 	C:\WINDOWS\SYSTEM32\dhcpcsvc.DLL
0x00007fffc03b0000 - 0x00007fffc04a9000 	C:\WINDOWS\SYSTEM32\DNSAPI.dll
0x00007fff93910000 - 0x00007fff9391e000 	C:\Program Files\Java\jdk-17\bin\sunmscapi.dll
0x00007fffc2190000 - 0x00007fffc22f6000 	C:\WINDOWS\System32\CRYPT32.dll
0x00007fffc1220000 - 0x00007fffc124d000 	C:\WINDOWS\SYSTEM32\ncrypt.dll
0x00007fffc11e0000 - 0x00007fffc1217000 	C:\WINDOWS\SYSTEM32\NTASN1.dll
0x00007fff92d70000 - 0x00007fff92d78000 	C:\WINDOWS\system32\wshunix.dll
0x00007fffb4770000 - 0x00007fffb477a000 	C:\Windows\System32\rasadhlp.dll
0x00007fffba880000 - 0x00007fffba903000 	C:\WINDOWS\System32\fwpuclnt.dll
0x00007fffa27d0000 - 0x00007fffa27e7000 	C:\WINDOWS\system32\napinsp.dll
0x00007fffa2540000 - 0x00007fffa255b000 	C:\WINDOWS\system32\pnrpnsp.dll
0x00007fffa24d0000 - 0x00007fffa24e1000 	C:\WINDOWS\System32\winrnr.dll
0x00007fffa24b0000 - 0x00007fffa24c5000 	C:\WINDOWS\system32\wshbth.dll
0x00007fffa19f0000 - 0x00007fffa1a11000 	C:\WINDOWS\system32\nlansp_c.dll

dbghelp: loaded successfully - version: 4.0.5 - missing functions: none
symbol engine: initialized successfully - sym options: 0x614 - pdb path: .;C:\Program Files\Java\jdk-17\bin;C:\WINDOWS\SYSTEM32;C:\WINDOWS\WinSxS\amd64_microsoft.windows.common-controls_6595b64144ccf1df_6.0.22621.2506_none_270c5ae97388e100;C:\Program Files\Java\jdk-17\bin\server;C:\Users\asepr\.gradle\native\68d5fa5c4cc2d200863cafc0d521ce42e7d3e7ee720ec0a83991735586a16f82\windows-amd64;C:\Users\asepr\.gradle\native\e376f236ea51e6404a007f0833ffe2c6e607c4080706a723a18a27aeea778392\windows-amd64

VM Arguments:
jvm_args: -XX:MaxMetaspaceSize=512m --add-opens=java.base/java.util=ALL-UNNAMED --add-opens=java.base/java.lang=ALL-UNNAMED --add-opens=java.base/java.lang.invoke=ALL-UNNAMED --add-opens=java.prefs/java.util.prefs=ALL-UNNAMED --add-opens=java.base/java.nio.charset=ALL-UNNAMED --add-opens=java.base/java.net=ALL-UNNAMED --add-opens=java.base/java.util.concurrent.atomic=ALL-UNNAMED -Xmx2048m -Dfile.encoding=windows-1252 -Duser.country=ID -Duser.language=en -Duser.variant -javaagent:C:\Users\asepr\.gradle\wrapper\dists\gradle-8.3-all\6en3ugtfdg5xnpx44z4qbwgas\gradle-8.3\lib\agents\gradle-instrumentation-agent-8.3.jar 
java_command: org.gradle.launcher.daemon.bootstrap.GradleDaemon 8.3
java_class_path (initial): C:\Users\asepr\.gradle\wrapper\dists\gradle-8.3-all\6en3ugtfdg5xnpx44z4qbwgas\gradle-8.3\lib\gradle-launcher-8.3.jar
Launcher Type: SUN_STANDARD

[Global flags]
     intx CICompilerCount                          = 4                                         {product} {ergonomic}
   size_t CompressedClassSpaceSize                 = 436207616                                 {product} {ergonomic}
     uint ConcGCThreads                            = 3                                         {product} {ergonomic}
     uint G1ConcRefinementThreads                  = 10                                        {product} {ergonomic}
   size_t G1HeapRegionSize                         = 1048576                                   {product} {ergonomic}
    uintx GCDrainStackTargetSize                   = 64                                        {product} {ergonomic}
   size_t InitialHeapSize                          = 98566144                                  {product} {ergonomic}
   size_t MarkStackSize                            = 4194304                                   {product} {ergonomic}
   size_t MaxHeapSize                              = 2147483648                                {product} {command line}
   size_t MaxMetaspaceSize                         = 536870912                                 {product} {command line}
   size_t MaxNewSize                               = 1287651328                                {product} {ergonomic}
   size_t MinHeapDeltaBytes                        = 1048576                                   {product} {ergonomic}
   size_t MinHeapSize                              = 8388608                                   {product} {ergonomic}
    uintx NonNMethodCodeHeapSize                   = 5839372                                {pd product} {ergonomic}
    uintx NonProfiledCodeHeapSize                  = 122909434                              {pd product} {ergonomic}
    uintx ProfiledCodeHeapSize                     = 122909434                              {pd product} {ergonomic}
    uintx ReservedCodeCacheSize                    = 251658240                              {pd product} {ergonomic}
     bool SegmentedCodeCache                       = true                                      {product} {ergonomic}
   size_t SoftMaxHeapSize                          = 2147483648                             {manageable} {ergonomic}
     bool UseCompressedClassPointers               = true                           {product lp64_product} {ergonomic}
     bool UseCompressedOops                        = true                           {product lp64_product} {ergonomic}
     bool UseG1GC                                  = true                                      {product} {ergonomic}
     bool UseLargePagesIndividualAllocation        = false                                  {pd product} {ergonomic}

Logging:
Log output configuration:
 #0: stdout all=warning uptime,level,tags
 #1: stderr all=off uptime,level,tags

Environment Variables:
JAVA_HOME=C:\Program Files\Java\jdk-17
CLASSPATH=C:\Users\asepr\yupsapp\android\\gradle\wrapper\gradle-wrapper.jar
PATH=C:\Users\asepr\yupsapp\node_modules\.bin;C:\Users\asepr\yupsapp\node_modules\.bin;C:\Users\asepr\node_modules\.bin;C:\Users\node_modules\.bin;C:\node_modules\.bin;C:\Users\asepr\AppData\Roaming\npm\node_modules\npm\node_modules\@npmcli\run-script\lib\node-gyp-bin;C:\Users\asepr\yupsapp\node_modules\.bin;C:\Users\asepr\node_modules\.bin;C:\Users\node_modules\.bin;C:\node_modules\.bin;C:\Users\asepr\AppData\Roaming\npm\node_modules\npm\node_modules\@npmcli\run-script\lib\node-gyp-bin;C:\Users\asepr\bin;C:\Program Files\Git\mingw64\bin;C:\Program Files\Git\usr\local\bin;C:\Program Files\Git\usr\bin;C:\Program Files\Git\usr\bin;C:\Program Files\Git\mingw64\bin;C:\Program Files\Git\usr\bin;C:\Users\asepr\bin;C:\Program Files\Common Files\Oracle\Java\javapath;C:\WINDOWS\system32;C:\WINDOWS;C:\WINDOWS\System32\Wbem;C:\WINDOWS\System32\WindowsPowerShell\v1.0;C:\WINDOWS\System32\OpenSSH;C:\Program Files\Git\cmd;C:\Program Files\Redis;C:\xampp\php;C:\Program Files\apache-maven-3.8.3\bin;C:\Program Files\PuTTY;C:\instantclient_21_3;C:\curl-7.81.0-win64-mingw\bin;C:\Program Files\Go\bin;C:\ProgramData\ComposerSetup\bin;C:\Program Files\Docker\Docker\resources\bin;C:\Program Files\nodejs;C:\Users\asepr\scoop\shims;C:\Users\asepr\AppData\Local\Microsoft\WindowsApps;C:\Users\asepr\Downloads\apache-maven-3.8.3;C:\flutter\bin;C:\Users\asepr\go\bin;C:\Program Files\heroku\bin;C:\Users\asepr\apps\gsudo;C:\instantclient_21_3;C:\curl-7.81.0-win64-mingw\bin;C:\Users\asepr\AppData\Local\Microsoft\WindowsApps;C:\Users\asepr\AppData\Local\Programs\Microsoft VS Code\bin;C:\Users\asepr\go\bin;C:\Users\asepr\AppData\Roaming\Composer\vendor\bin;C:\Program Files\nodejs;C:\Users\asepr\AppData\Roaming\npm;C:\Program Files\Git\usr\bin\vendor_perl;C:\Program Files\Git\usr\bin\core_perl
USERNAME=asepr
SHELL=C:\Program Files\Git\usr\bin\bash.exe
DISPLAY=needs-to-be-defined
LANG=en_US.UTF-8
OS=Windows_NT
PROCESSOR_IDENTIFIER=AMD64 Family 23 Model 104 Stepping 1, AuthenticAMD



---------------  S Y S T E M  ---------------

OS:
 Windows 11 , 64 bit Build 22621 (10.0.22621.2506)
OS uptime: 0 days 20:06 hours
Hyper-V role detected

CPU: total 12 (initial active 12) (12 cores per cpu, 2 threads per core) family 23 model 104 stepping 1 microcode 0x0, cx8, cmov, fxsr, ht, mmx, 3dnowpref, sse, sse2, sse3, ssse3, sse4a, sse4.1, sse4.2, popcnt, lzcnt, tsc, tscinvbit, avx, avx2, aes, clmul, bmi1, bmi2, adx, sha, fma, vzeroupper, clflush, clflushopt, hv

Memory: 4k page, system-wide physical 6005M (25M free)
TotalPageFile size 24437M (AvailPageFile size 112M)
current process WorkingSet (physical memory assigned to process): 294M, peak: 322M
current process commit charge ("private bytes"): 414M, peak: 559M

vm_info: Java HotSpot(TM) 64-Bit Server VM (17.0.9+11-LTS-201) for windows-amd64 JRE (17.0.9+11-LTS-201), built on Oct 10 2023 23:16:06 by "mach5one" with MS VC++ 17.1 (VS2022)

END.
