(malloc) failed to allocate 32744 bytes for ChunkPool::allocate
# Possible reasons:
#   The system is out of physical RAM or swap space
#   The process is running with CompressedOops enabled, and the Java Heap may be blocking the growth of the native heap
# Possible solutions:
#   Reduce memory load on the system
#   Increase physical memory or swap space
#   Check if swap backing store is full
#   Decrease Java heap size (-Xmx/-Xms)
#   Decrease number of Java threads
#   Decrease Java thread stack sizes (-Xss)
#   Set larger code cache with -XX:ReservedCodeCacheSize=
#   JVM is running with Unscaled Compressed Oops mode in which the Java heap is
#     placed in the first 4GB address space. The Java Heap base address is the
#     maximum limit for the native heap growth. Please use -XX:HeapBaseMinAddress
#     to set the Java Heap base and to place the Java Heap above 4GB virtual address.
# This output file may be truncated or incomplete.
#
#  Out of Memory Error (arena.cpp:78), pid=13600, tid=10596
#
# JRE version: Java(TM) SE Runtime Environment (17.0.9+11) (build 17.0.9+11-LTS-201)
# Java VM: Java HotSpot(TM) 64-Bit Server VM (17.0.9+11-LTS-201, mixed mode, sharing, tiered, compressed oops, compressed class ptrs, g1 gc, windows-amd64)
# No core dump will be written. Minidumps are not enabled by default on client versions of Windows
#

---------------  S U M M A R Y ------------

Command Line: -Xmx64m -Xms64m -Dorg.gradle.appname=gradlew org.gradle.wrapper.GradleWrapperMain app:installDebug -PreactNativeDevServerPort=8081

Host: AMD Ryzen 5 5500U with Radeon Graphics         , 12 cores, 5G,  Windows 11 , 64 bit Build 22621 (10.0.22621.3085)
Time: Tue Jan 30 11:25:06 2024 SE Asia Standard Time elapsed time: 40.245224 seconds (0d 0h 0m 40s)

---------------  T H R E A D  ---------------

Current thread (0x000001dfacbd5ac0):  JavaThread "C1 CompilerThread0" daemon [_thread_in_native, id=10596, stack(0x0000003b8a600000,0x0000003b8a700000)]


Current CompileTask:
C1:  40246 1319   !   3       java.util.concurrent.FutureTask::runAndReset (125 bytes)

Stack: [0x0000003b8a600000,0x0000003b8a700000]
Native frames: (J=compiled Java code, j=interpreted, Vv=VM code, C=native code)
V  [jvm.dll+0x678a4a]
V  [jvm.dll+0x7d9cfd]
V  [jvm.dll+0x7db60e]
V  [jvm.dll+0x7dbc73]
V  [jvm.dll+0x245e1f]
V  [jvm.dll+0xaad50]
V  [jvm.dll+0xab09c]
V  [jvm.dll+0x175843]
V  [jvm.dll+0x175906]
V  [jvm.dll+0x1781cb]
V  [jvm.dll+0x179ea1]
V  [jvm.dll+0x134e03]
V  [jvm.dll+0x13471f]
V  [jvm.dll+0x134958]
V  [jvm.dll+0x133df1]
V  [jvm.dll+0x135a8d]
V  [jvm.dll+0x2272de]
V  [jvm.dll+0x22548b]
V  [jvm.dll+0x78f58c]
V  [jvm.dll+0x78998a]
V  [jvm.dll+0x677875]
C  [ucrtbase.dll+0x29363]
C  [KERNEL32.DLL+0x1257d]
C  [ntdll.dll+0x5aa58]


---------------  P R O C E S S  ---------------

Threads class SMR info:
_java_thread_list=0x000001dff2aa3a90, length=15, elements={
0x000001df9301c580, 0x000001df930ca410, 0x000001df930cb290, 0x000001dfacbbdfb0,
0x000001dfacbbe980, 0x000001dfacbc5470, 0x000001dfacbc5e30, 0x000001dfacbc8be0,
0x000001dfacbd5ac0, 0x000001dfacbdc800, 0x000001dff2064530, 0x000001dff2067e90,
0x000001dff2a5bc90, 0x000001dff2bce2a0, 0x000001dff2aa3dc0
}

Java Threads: ( => current thread )
  0x000001df9301c580 JavaThread "main" [_thread_in_native, id=18608, stack(0x0000003b89800000,0x0000003b89900000)]
  0x000001df930ca410 JavaThread "Reference Handler" daemon [_thread_blocked, id=14516, stack(0x0000003b89f00000,0x0000003b8a000000)]
  0x000001df930cb290 JavaThread "Finalizer" daemon [_thread_blocked, id=5016, stack(0x0000003b8a000000,0x0000003b8a100000)]
  0x000001dfacbbdfb0 JavaThread "Signal Dispatcher" daemon [_thread_blocked, id=29464, stack(0x0000003b8a100000,0x0000003b8a200000)]
  0x000001dfacbbe980 JavaThread "Attach Listener" daemon [_thread_blocked, id=4276, stack(0x0000003b8a200000,0x0000003b8a300000)]
  0x000001dfacbc5470 JavaThread "Service Thread" daemon [_thread_blocked, id=29540, stack(0x0000003b8a300000,0x0000003b8a400000)]
  0x000001dfacbc5e30 JavaThread "Monitor Deflation Thread" daemon [_thread_blocked, id=19096, stack(0x0000003b8a400000,0x0000003b8a500000)]
  0x000001dfacbc8be0 JavaThread "C2 CompilerThread0" daemon [_thread_blocked, id=1188, stack(0x0000003b8a500000,0x0000003b8a600000)]
=>0x000001dfacbd5ac0 JavaThread "C1 CompilerThread0" daemon [_thread_in_native, id=10596, stack(0x0000003b8a600000,0x0000003b8a700000)]
  0x000001dfacbdc800 JavaThread "Sweeper thread" daemon [_thread_blocked, id=21468, stack(0x0000003b8a700000,0x0000003b8a800000)]
  0x000001dff2064530 JavaThread "Notification Thread" daemon [_thread_blocked, id=4056, stack(0x0000003b8a800000,0x0000003b8a900000)]
  0x000001dff2067e90 JavaThread "Common-Cleaner" daemon [_thread_blocked, id=4468, stack(0x0000003b8aa00000,0x0000003b8ab00000)]
  0x000001dff2a5bc90 JavaThread "pool-1-thread-1" [_thread_blocked, id=7196, stack(0x0000003b8af00000,0x0000003b8b000000)]
  0x000001dff2bce2a0 JavaThread "DisconnectableInputStream source reader" daemon [_thread_in_native, id=15108, stack(0x0000003b8b100000,0x0000003b8b200000)]
  0x000001dff2aa3dc0 JavaThread "Forward input" [_thread_blocked, id=1888, stack(0x0000003b8b200000,0x0000003b8b300000)]

Other Threads:
  0x000001df930c4800 VMThread "VM Thread" [stack: 0x0000003b89e00000,0x0000003b89f00000] [id=18496]
  0x000001dff2067640 WatcherThread [stack: 0x0000003b8a900000,0x0000003b8aa00000] [id=17068]
  0x000001df9303a420 GCTaskThread "GC Thread#0" [stack: 0x0000003b89900000,0x0000003b89a00000] [id=15352]
  0x000001dff2a0b730 GCTaskThread "GC Thread#1" [stack: 0x0000003b8ab00000,0x0000003b8ac00000] [id=13376]
  0x000001dff2a1d0b0 GCTaskThread "GC Thread#2" [stack: 0x0000003b8ac00000,0x0000003b8ad00000] [id=18368]
  0x000001dff2a1d370 GCTaskThread "GC Thread#3" [stack: 0x0000003b8ad00000,0x0000003b8ae00000] [id=16780]
  0x000001dff2ab0b00 GCTaskThread "GC Thread#4" [stack: 0x0000003b8ae00000,0x0000003b8af00000] [id=29040]
  0x000001df9303bb70 ConcurrentGCThread "G1 Main Marker" [stack: 0x0000003b89a00000,0x0000003b89b00000] [id=25880]
  0x000001df9303c580 ConcurrentGCThread "G1 Conc#0" [stack: 0x0000003b89b00000,0x0000003b89c00000] [id=9488]
  0x000001df930a8b80 ConcurrentGCThread "G1 Refine#0" [stack: 0x0000003b89c00000,0x0000003b89d00000] [id=24088]
  0x000001df930a95b0 ConcurrentGCThread "G1 Service" [stack: 0x0000003b89d00000,0x0000003b89e00000] [id=19652]

Threads with active compile tasks:
C1 CompilerThread0    40334 1319   !   3       java.util.concurrent.FutureTask::runAndReset (125 bytes)

VM state: not at safepoint (normal execution)

VM Mutex/Monitor currently owned by a thread: None

Heap address: 0x00000000fc000000, size: 64 MB, Compressed Oops mode: 32-bit

CDS archive(s) mapped at: [0x000001dfad000000-0x000001dfadbd0000-0x000001dfadbd0000), size 12386304, SharedBaseAddress: 0x000001dfad000000, ArchiveRelocationMode: 1.
Compressed class space mapped at: 0x000001dfae000000-0x000001dfee000000, reserved size: 1073741824
Narrow klass base: 0x000001dfad000000, Narrow klass shift: 0, Narrow klass range: 0x100000000

GC Precious Log:
 CPUs: 12 total, 12 available
 Memory: 6005M
 Large Page Support: Disabled
 NUMA Support: Disabled
 Compressed Oops: Enabled (32-bit)
 Heap Region Size: 1M
 Heap Min Capacity: 64M
 Heap Initial Capacity: 64M
 Heap Max Capacity: 64M
 Pre-touch: Disabled
 Parallel Workers: 10
 Concurrent Workers: 3
 Concurrent Refinement Workers: 10
 Periodic GC: Disabled

Heap:
 garbage-first heap   total 65536K, used 26131K [0x00000000fc000000, 0x0000000100000000)
  region size 1024K, 19 young (19456K), 3 survivors (3072K)
 Metaspace       used 8554K, committed 8704K, reserved 1114112K
  class space    used 1147K, committed 1216K, reserved 1048576K

Heap Regions: E=young(eden), S=young(survivor), O=old, HS=humongous(starts), HC=humongous(continues), CS=collection set, F=free, OA=open archive, CA=closed archive, TAMS=top-at-mark-start (previous, next)
|   0|0x00000000fc000000, 0x00000000fc100000, 0x00000000fc100000|100%|HS|  |TAMS 0x00000000fc000000, 0x00000000fc000000| Complete 
|   1|0x00000000fc100000, 0x00000000fc200000, 0x00000000fc200000|100%|HC|  |TAMS 0x00000000fc100000, 0x00000000fc100000| Complete 
|   2|0x00000000fc200000, 0x00000000fc300000, 0x00000000fc300000|100%|HC|  |TAMS 0x00000000fc200000, 0x00000000fc200000| Complete 
|   3|0x00000000fc300000, 0x00000000fc400000, 0x00000000fc400000|100%|HC|  |TAMS 0x00000000fc300000, 0x00000000fc300000| Complete 
|   4|0x00000000fc400000, 0x00000000fc500000, 0x00000000fc500000|100%| O|  |TAMS 0x00000000fc400000, 0x00000000fc400000| Untracked 
|   5|0x00000000fc500000, 0x00000000fc600000, 0x00000000fc600000|100%| O|  |TAMS 0x00000000fc500000, 0x00000000fc500000| Untracked 
|   6|0x00000000fc600000, 0x00000000fc700000, 0x00000000fc700000|100%| O|  |TAMS 0x00000000fc600000, 0x00000000fc600000| Untracked 
|   7|0x00000000fc700000, 0x00000000fc784c00, 0x00000000fc800000| 51%| O|  |TAMS 0x00000000fc700000, 0x00000000fc700000| Untracked 
|   8|0x00000000fc800000, 0x00000000fc800000, 0x00000000fc900000|  0%| F|  |TAMS 0x00000000fc800000, 0x00000000fc800000| Untracked 
|   9|0x00000000fc900000, 0x00000000fc900000, 0x00000000fca00000|  0%| F|  |TAMS 0x00000000fc900000, 0x00000000fc900000| Untracked 
|  10|0x00000000fca00000, 0x00000000fca00000, 0x00000000fcb00000|  0%| F|  |TAMS 0x00000000fca00000, 0x00000000fca00000| Untracked 
|  11|0x00000000fcb00000, 0x00000000fcb00000, 0x00000000fcc00000|  0%| F|  |TAMS 0x00000000fcb00000, 0x00000000fcb00000| Untracked 
|  12|0x00000000fcc00000, 0x00000000fcc00000, 0x00000000fcd00000|  0%| F|  |TAMS 0x00000000fcc00000, 0x00000000fcc00000| Untracked 
|  13|0x00000000fcd00000, 0x00000000fcd00000, 0x00000000fce00000|  0%| F|  |TAMS 0x00000000fcd00000, 0x00000000fcd00000| Untracked 
|  14|0x00000000fce00000, 0x00000000fce00000, 0x00000000fcf00000|  0%| F|  |TAMS 0x00000000fce00000, 0x00000000fce00000| Untracked 
|  15|0x00000000fcf00000, 0x00000000fcf00000, 0x00000000fd000000|  0%| F|  |TAMS 0x00000000fcf00000, 0x00000000fcf00000| Untracked 
|  16|0x00000000fd000000, 0x00000000fd000000, 0x00000000fd100000|  0%| F|  |TAMS 0x00000000fd000000, 0x00000000fd000000| Untracked 
|  17|0x00000000fd100000, 0x00000000fd100000, 0x00000000fd200000|  0%| F|  |TAMS 0x00000000fd100000, 0x00000000fd100000| Untracked 
|  18|0x00000000fd200000, 0x00000000fd200000, 0x00000000fd300000|  0%| F|  |TAMS 0x00000000fd200000, 0x00000000fd200000| Untracked 
|  19|0x00000000fd300000, 0x00000000fd300000, 0x00000000fd400000|  0%| F|  |TAMS 0x00000000fd300000, 0x00000000fd300000| Untracked 
|  20|0x00000000fd400000, 0x00000000fd400000, 0x00000000fd500000|  0%| F|  |TAMS 0x00000000fd400000, 0x00000000fd400000| Untracked 
|  21|0x00000000fd500000, 0x00000000fd500000, 0x00000000fd600000|  0%| F|  |TAMS 0x00000000fd500000, 0x00000000fd500000| Untracked 
|  22|0x00000000fd600000, 0x00000000fd600000, 0x00000000fd700000|  0%| F|  |TAMS 0x00000000fd600000, 0x00000000fd600000| Untracked 
|  23|0x00000000fd700000, 0x00000000fd700000, 0x00000000fd800000|  0%| F|  |TAMS 0x00000000fd700000, 0x00000000fd700000| Untracked 
|  24|0x00000000fd800000, 0x00000000fd800000, 0x00000000fd900000|  0%| F|  |TAMS 0x00000000fd800000, 0x00000000fd800000| Untracked 
|  25|0x00000000fd900000, 0x00000000fd900000, 0x00000000fda00000|  0%| F|  |TAMS 0x00000000fd900000, 0x00000000fd900000| Untracked 
|  26|0x00000000fda00000, 0x00000000fda00000, 0x00000000fdb00000|  0%| F|  |TAMS 0x00000000fda00000, 0x00000000fda00000| Untracked 
|  27|0x00000000fdb00000, 0x00000000fdb00000, 0x00000000fdc00000|  0%| F|  |TAMS 0x00000000fdb00000, 0x00000000fdb00000| Untracked 
|  28|0x00000000fdc00000, 0x00000000fdc00000, 0x00000000fdd00000|  0%| F|  |TAMS 0x00000000fdc00000, 0x00000000fdc00000| Untracked 
|  29|0x00000000fdd00000, 0x00000000fdd00000, 0x00000000fde00000|  0%| F|  |TAMS 0x00000000fdd00000, 0x00000000fdd00000| Untracked 
|  30|0x00000000fde00000, 0x00000000fde00000, 0x00000000fdf00000|  0%| F|  |TAMS 0x00000000fde00000, 0x00000000fde00000| Untracked 
|  31|0x00000000fdf00000, 0x00000000fdf00000, 0x00000000fe000000|  0%| F|  |TAMS 0x00000000fdf00000, 0x00000000fdf00000| Untracked 
|  32|0x00000000fe000000, 0x00000000fe000000, 0x00000000fe100000|  0%| F|  |TAMS 0x00000000fe000000, 0x00000000fe000000| Untracked 
|  33|0x00000000fe100000, 0x00000000fe100000, 0x00000000fe200000|  0%| F|  |TAMS 0x00000000fe100000, 0x00000000fe100000| Untracked 
|  34|0x00000000fe200000, 0x00000000fe200000, 0x00000000fe300000|  0%| F|  |TAMS 0x00000000fe200000, 0x00000000fe200000| Untracked 
|  35|0x00000000fe300000, 0x00000000fe300000, 0x00000000fe400000|  0%| F|  |TAMS 0x00000000fe300000, 0x00000000fe300000| Untracked 
|  36|0x00000000fe400000, 0x00000000fe400000, 0x00000000fe500000|  0%| F|  |TAMS 0x00000000fe400000, 0x00000000fe400000| Untracked 
|  37|0x00000000fe500000, 0x00000000fe500000, 0x00000000fe600000|  0%| F|  |TAMS 0x00000000fe500000, 0x00000000fe500000| Untracked 
|  38|0x00000000fe600000, 0x00000000fe700000, 0x00000000fe700000|100%| S|CS|TAMS 0x00000000fe600000, 0x00000000fe600000| Complete 
|  39|0x00000000fe700000, 0x00000000fe800000, 0x00000000fe800000|100%| S|CS|TAMS 0x00000000fe700000, 0x00000000fe700000| Complete 
|  40|0x00000000fe800000, 0x00000000fe900000, 0x00000000fe900000|100%| S|CS|TAMS 0x00000000fe800000, 0x00000000fe800000| Complete 
|  41|0x00000000fe900000, 0x00000000fe900000, 0x00000000fea00000|  0%| F|  |TAMS 0x00000000fe900000, 0x00000000fe900000| Untracked 
|  42|0x00000000fea00000, 0x00000000fea00000, 0x00000000feb00000|  0%| F|  |TAMS 0x00000000fea00000, 0x00000000fea00000| Untracked 
|  43|0x00000000feb00000, 0x00000000feb00000, 0x00000000fec00000|  0%| F|  |TAMS 0x00000000feb00000, 0x00000000feb00000| Untracked 
|  44|0x00000000fec00000, 0x00000000fec00000, 0x00000000fed00000|  0%| F|  |TAMS 0x00000000fec00000, 0x00000000fec00000| Untracked 
|  45|0x00000000fed00000, 0x00000000fed00000, 0x00000000fee00000|  0%| F|  |TAMS 0x00000000fed00000, 0x00000000fed00000| Untracked 
|  46|0x00000000fee00000, 0x00000000fee00000, 0x00000000fef00000|  0%| F|  |TAMS 0x00000000fee00000, 0x00000000fee00000| Untracked 
|  47|0x00000000fef00000, 0x00000000fef00000, 0x00000000ff000000|  0%| F|  |TAMS 0x00000000fef00000, 0x00000000fef00000| Untracked 
|  48|0x00000000ff000000, 0x00000000ff0e2390, 0x00000000ff100000| 88%| E|  |TAMS 0x00000000ff000000, 0x00000000ff000000| Complete 
|  49|0x00000000ff100000, 0x00000000ff200000, 0x00000000ff200000|100%| E|CS|TAMS 0x00000000ff100000, 0x00000000ff100000| Complete 
|  50|0x00000000ff200000, 0x00000000ff300000, 0x00000000ff300000|100%| E|CS|TAMS 0x00000000ff200000, 0x00000000ff200000| Complete 
|  51|0x00000000ff300000, 0x00000000ff400000, 0x00000000ff400000|100%| E|CS|TAMS 0x00000000ff300000, 0x00000000ff300000| Complete 
|  52|0x00000000ff400000, 0x00000000ff500000, 0x00000000ff500000|100%| E|CS|TAMS 0x00000000ff400000, 0x00000000ff400000| Complete 
|  53|0x00000000ff500000, 0x00000000ff600000, 0x00000000ff600000|100%| E|CS|TAMS 0x00000000ff500000, 0x00000000ff500000| Complete 
|  54|0x00000000ff600000, 0x00000000ff700000, 0x00000000ff700000|100%| E|CS|TAMS 0x00000000ff600000, 0x00000000ff600000| Complete 
|  55|0x00000000ff700000, 0x00000000ff800000, 0x00000000ff800000|100%| E|CS|TAMS 0x00000000ff700000, 0x00000000ff700000| Complete 
|  56|0x00000000ff800000, 0x00000000ff900000, 0x00000000ff900000|100%| E|CS|TAMS 0x00000000ff800000, 0x00000000ff800000| Complete 
|  57|0x00000000ff900000, 0x00000000ffa00000, 0x00000000ffa00000|100%| E|CS|TAMS 0x00000000ff900000, 0x00000000ff900000| Complete 
|  58|0x00000000ffa00000, 0x00000000ffb00000, 0x00000000ffb00000|100%| E|CS|TAMS 0x00000000ffa00000, 0x00000000ffa00000| Complete 
|  59|0x00000000ffb00000, 0x00000000ffc00000, 0x00000000ffc00000|100%| E|CS|TAMS 0x00000000ffb00000, 0x00000000ffb00000| Complete 
|  60|0x00000000ffc00000, 0x00000000ffd00000, 0x00000000ffd00000|100%| E|CS|TAMS 0x00000000ffc00000, 0x00000000ffc00000| Complete 
|  61|0x00000000ffd00000, 0x00000000ffe00000, 0x00000000ffe00000|100%| E|CS|TAMS 0x00000000ffd00000, 0x00000000ffd00000| Complete 
|  62|0x00000000ffe00000, 0x00000000fff00000, 0x00000000fff00000|100%| E|CS|TAMS 0x00000000ffe00000, 0x00000000ffe00000| Complete 
|  63|0x00000000fff00000, 0x0000000100000000, 0x0000000100000000|100%| E|CS|TAMS 0x00000000fff00000, 0x00000000fff00000| Complete 

Card table byte_map: [0x000001df92f40000,0x000001df92f60000] _byte_map_base: 0x000001df92760000

Marking Bits (Prev, Next): (CMBitMap*) 0x000001df9303aa40, (CMBitMap*) 0x000001df9303aa80
 Prev Bits: [0x000001dfa9e00000, 0x000001dfa9f00000)
 Next Bits: [0x000001dfa9f00000, 0x000001dfaa000000)

Polling page: 0x000001df90e90000

Metaspace:

Usage:
  Non-class:      7.23 MB used.
      Class:      1.12 MB used.
       Both:      8.35 MB used.

Virtual space:
  Non-class space:       64.00 MB reserved,       7.31 MB ( 11%) committed,  1 nodes.
      Class space:        1.00 GB reserved,       1.19 MB ( <1%) committed,  1 nodes.
             Both:        1.06 GB reserved,       8.50 MB ( <1%) committed. 

Chunk freelists:
   Non-Class:  8.19 MB
       Class:  14.66 MB
        Both:  22.84 MB

MaxMetaspaceSize: unlimited
CompressedClassSpaceSize: 1.00 GB
Initial GC threshold: 21.00 MB
Current GC threshold: 21.00 MB
CDS: on
MetaspaceReclaimPolicy: balanced
 - commit_granule_bytes: 65536.
 - commit_granule_words: 8192.
 - virtual_space_node_default_size: 8388608.
 - enlarge_chunks_in_place: 1.
 - new_chunks_are_fully_committed: 0.
 - uncommit_free_chunks: 1.
 - use_allocation_guard: 0.
 - handle_deallocations: 1.


Internal statistics:

num_allocs_failed_limit: 0.
num_arena_births: 76.
num_arena_deaths: 0.
num_vsnodes_births: 2.
num_vsnodes_deaths: 0.
num_space_committed: 136.
num_space_uncommitted: 0.
num_chunks_returned_to_freelist: 0.
num_chunks_taken_from_freelist: 295.
num_chunk_merges: 0.
num_chunk_splits: 208.
num_chunks_enlarged: 175.
num_inconsistent_stats: 0.

CodeHeap 'non-profiled nmethods': size=120000Kb used=500Kb max_used=500Kb free=119500Kb
 bounds [0x000001dfa2380000, 0x000001dfa25f0000, 0x000001dfa98b0000]
CodeHeap 'profiled nmethods': size=120000Kb used=2494Kb max_used=2494Kb free=117505Kb
 bounds [0x000001df9a8b0000, 0x000001df9ab20000, 0x000001dfa1de0000]
CodeHeap 'non-nmethods': size=5760Kb used=1166Kb max_used=1180Kb free=4593Kb
 bounds [0x000001dfa1de0000, 0x000001dfa2050000, 0x000001dfa2380000]
 total_blobs=1777 nmethods=1317 adapters=373
 compilation: enabled
              stopped_count=0, restarted_count=0
 full_count=0

Compilation events (20 events):
Event: 40.027 Thread 0x000001dfacbd5ac0 nmethod 1309 0x000001df9ab1b210 code [0x000001df9ab1b3c0, 0x000001df9ab1b668]
Event: 40.028 Thread 0x000001dfacbd5ac0 1310       3       org.gradle.internal.logging.sink.GroupingProgressLogEventGenerator$OperationGroup::maybeFlushOutput (34 bytes)
Event: 40.029 Thread 0x000001dfacbd5ac0 nmethod 1310 0x000001df9ab1b790 code [0x000001df9ab1b9a0, 0x000001df9ab1c0e8]
Event: 40.135 Thread 0x000001dfacbd5ac0 1311       3       java.util.concurrent.ScheduledThreadPoolExecutor$DelayedWorkQueue::add (9 bytes)
Event: 40.136 Thread 0x000001dfacbd5ac0 nmethod 1311 0x000001df9ab1c390 code [0x000001df9ab1c540, 0x000001df9ab1c808]
Event: 40.136 Thread 0x000001dfacbd5ac0 1312       3       java.util.concurrent.ScheduledThreadPoolExecutor$DelayedWorkQueue::add (6 bytes)
Event: 40.136 Thread 0x000001dfacbd5ac0 nmethod 1312 0x000001df9ab1c910 code [0x000001df9ab1cac0, 0x000001df9ab1cc08]
Event: 40.136 Thread 0x000001dfacbd5ac0 1313   !   3       java.util.concurrent.ScheduledThreadPoolExecutor$DelayedWorkQueue::offer (123 bytes)
Event: 40.138 Thread 0x000001dfacbd5ac0 nmethod 1313 0x000001df9ab1cc90 code [0x000001df9ab1cf80, 0x000001df9ab1e418]
Event: 40.138 Thread 0x000001dfacbd5ac0 1314       3       java.util.concurrent.locks.AbstractQueuedSynchronizer$ConditionObject::signal (34 bytes)
Event: 40.139 Thread 0x000001dfacbd5ac0 nmethod 1314 0x000001df9ab1ec90 code [0x000001df9ab1ee60, 0x000001df9ab1f1a8]
Event: 40.139 Thread 0x000001dfacbd5ac0 1315       3       java.util.concurrent.ThreadPoolExecutor::ensurePrestart (41 bytes)
Event: 40.140 Thread 0x000001dfacbd5ac0 nmethod 1315 0x000001df9ab1f310 code [0x000001df9ab1f4e0, 0x000001df9ab1f7b8]
Event: 40.140 Thread 0x000001dfacbd5ac0 1316   !   3       java.util.concurrent.ThreadPoolExecutor::getTask (177 bytes)
Event: 40.142 Thread 0x000001dfacbd5ac0 nmethod 1316 0x000001dfa23fa890 code [0x000001dfa23fab20, 0x000001dfa23fb9f8]
Event: 40.229 Thread 0x000001dfacbd5ac0 1317       3       java.util.concurrent.ScheduledThreadPoolExecutor$DelayedWorkQueue::finishPoll (43 bytes)
Event: 40.230 Thread 0x000001dfacbd5ac0 nmethod 1317 0x000001dfa23fbe90 code [0x000001dfa23fc060, 0x000001dfa23fc668]
Event: 40.230 Thread 0x000001dfacbd5ac0 1318       3       java.util.concurrent.ScheduledThreadPoolExecutor$ScheduledFutureTask::run (57 bytes)
Event: 40.231 Thread 0x000001dfacbd5ac0 nmethod 1318 0x000001dfa23fc810 code [0x000001dfa23fca20, 0x000001dfa23fce98]
Event: 40.231 Thread 0x000001dfacbd5ac0 1319   !   3       java.util.concurrent.FutureTask::runAndReset (125 bytes)

GC Heap History (2 events):
Event: 1.691 GC heap before
{Heap before GC invocations=0 (full 0):
 garbage-first heap   total 65536K, used 26624K [0x00000000fc000000, 0x0000000100000000)
  region size 1024K, 23 young (23552K), 0 survivors (0K)
 Metaspace       used 3795K, committed 3904K, reserved 1114112K
  class space    used 464K, committed 512K, reserved 1048576K
}
Event: 1.701 GC heap after
{Heap after GC invocations=1 (full 0):
 garbage-first heap   total 65536K, used 10771K [0x00000000fc000000, 0x0000000100000000)
  region size 1024K, 3 young (3072K), 3 survivors (3072K)
 Metaspace       used 3795K, committed 3904K, reserved 1114112K
  class space    used 464K, committed 512K, reserved 1048576K
}

Deoptimization events (20 events):
Event: 2.176 Thread 0x000001df9301c580 Uncommon trap: trap_request=0xffffff45 fr.pc=0x000001dfa23b8408 relative=0x0000000000001048
Event: 2.176 Thread 0x000001df9301c580 Uncommon trap: reason=unstable_if action=reinterpret pc=0x000001dfa23b8408 method=java.util.HashMap.putVal(ILjava/lang/Object;Ljava/lang/Object;ZZ)Ljava/lang/Object; @ 236 c2
Event: 2.176 Thread 0x000001df9301c580 DEOPT PACKING pc=0x000001dfa23b8408 sp=0x0000003b898fc030
Event: 2.176 Thread 0x000001df9301c580 DEOPT UNPACKING pc=0x000001dfa1e323a3 sp=0x0000003b898fbff8 mode 2
Event: 2.280 Thread 0x000001df9301c580 DEOPT PACKING pc=0x000001df9a9a8238 sp=0x0000003b898fa390
Event: 2.280 Thread 0x000001df9301c580 DEOPT UNPACKING pc=0x000001dfa1e32b43 sp=0x0000003b898f98a8 mode 0
Event: 2.620 Thread 0x000001df9301c580 DEOPT PACKING pc=0x000001df9aaad6ca sp=0x0000003b898fba10
Event: 2.620 Thread 0x000001df9301c580 DEOPT UNPACKING pc=0x000001dfa1e32b43 sp=0x0000003b898fae88 mode 0
Event: 2.976 Thread 0x000001df9301c580 Uncommon trap: trap_request=0xffffff45 fr.pc=0x000001dfa23b64d8 relative=0x0000000000000618
Event: 2.976 Thread 0x000001df9301c580 Uncommon trap: reason=unstable_if action=reinterpret pc=0x000001dfa23b64d8 method=java.lang.AbstractStringBuilder.append(Ljava/lang/String;)Ljava/lang/AbstractStringBuilder; @ 1 c2
Event: 2.976 Thread 0x000001df9301c580 DEOPT PACKING pc=0x000001dfa23b64d8 sp=0x0000003b898fc840
Event: 2.976 Thread 0x000001df9301c580 DEOPT UNPACKING pc=0x000001dfa1e323a3 sp=0x0000003b898fc7c0 mode 2
Event: 2.976 Thread 0x000001df9301c580 Uncommon trap: trap_request=0xffffff45 fr.pc=0x000001dfa23c8fe8 relative=0x0000000000000628
Event: 2.976 Thread 0x000001df9301c580 Uncommon trap: reason=unstable_if action=reinterpret pc=0x000001dfa23c8fe8 method=java.lang.AbstractStringBuilder.append(Ljava/lang/String;)Ljava/lang/AbstractStringBuilder; @ 1 c2
Event: 2.976 Thread 0x000001df9301c580 DEOPT PACKING pc=0x000001dfa23c8fe8 sp=0x0000003b898fc7e0
Event: 2.976 Thread 0x000001df9301c580 DEOPT UNPACKING pc=0x000001dfa1e323a3 sp=0x0000003b898fc7c8 mode 2
Event: 3.142 Thread 0x000001df9301c580 Uncommon trap: trap_request=0xffffff45 fr.pc=0x000001dfa23cf8f0 relative=0x0000000000000410
Event: 3.142 Thread 0x000001df9301c580 Uncommon trap: reason=unstable_if action=reinterpret pc=0x000001dfa23cf8f0 method=java.util.regex.Matcher.match(II)Z @ 76 c2
Event: 3.142 Thread 0x000001df9301c580 DEOPT PACKING pc=0x000001dfa23cf8f0 sp=0x0000003b898fbb10
Event: 3.142 Thread 0x000001df9301c580 DEOPT UNPACKING pc=0x000001dfa1e323a3 sp=0x0000003b898fbac8 mode 2

Classes unloaded (0 events):
No events

Classes redefined (0 events):
No events

Internal exceptions (18 events):
Event: 0.313 Thread 0x000001df9301c580 Exception <a 'java/lang/NoSuchMethodError'{0x00000000ffc6f170}: 'int java.lang.invoke.DirectMethodHandle$Holder.invokeStaticInit(java.lang.Object, java.lang.Object)'> (0x00000000ffc6f170) 
thrown [s\open\src\hotspot\share\interpreter\linkResolver.cpp, line 759]
Event: 1.624 Thread 0x000001df9301c580 Exception <a 'java/lang/NoSuchMethodError'{0x00000000fe929370}: 'void java.lang.invoke.DirectMethodHandle$Holder.invokeStatic(java.lang.Object, java.lang.Object)'> (0x00000000fe929370) 
thrown [s\open\src\hotspot\share\interpreter\linkResolver.cpp, line 759]
Event: 1.671 Thread 0x000001df9301c580 Exception <a 'java/lang/NoClassDefFoundError'{0x00000000fe9ae2f0}: org/slf4j/impl/StaticMarkerBinder> (0x00000000fe9ae2f0) 
thrown [s\open\src\hotspot\share\classfile\systemDictionary.cpp, line 245]
Event: 1.720 Thread 0x000001df9301c580 Exception <a 'java/lang/NoSuchMethodError'{0x00000000fff4fcf8}: 'java.lang.Object java.lang.invoke.DirectMethodHandle$Holder.invokeVirtual(java.lang.Object, java.lang.Object, java.lang.Object, java.lang.Object, java.lang.Object, java.lang.Object, java.lang.Object)'> (0x00000000fff4fcf8) 
thrown [s\open\src\hotspot\share\interpreter\linkResolver.cpp, line 759]
Event: 1.723 Thread 0x000001df9301c580 Exception <a 'java/lang/NoSuchMethodError'{0x00000000fff61858}: 'java.lang.Object java.lang.invoke.Invokers$Holder.invoker(java.lang.Object, java.lang.Object, java.lang.Object)'> (0x00000000fff61858) 
thrown [s\open\src\hotspot\share\interpreter\linkResolver.cpp, line 759]
Event: 1.725 Thread 0x000001df9301c580 Exception <a 'java/lang/NoSuchMethodError'{0x00000000fff6aa30}: 'java.lang.Object java.lang.invoke.DirectMethodHandle$Holder.invokeStatic(java.lang.Object, java.lang.Object, int)'> (0x00000000fff6aa30) 
thrown [s\open\src\hotspot\share\interpreter\linkResolver.cpp, line 759]
Event: 1.727 Thread 0x000001df9301c580 Exception <a 'java/lang/NoSuchMethodError'{0x00000000fffaf048}: 'void java.lang.invoke.DelegatingMethodHandle$Holder.delegate(java.lang.Object, java.lang.Object, int, java.lang.Object)'> (0x00000000fffaf048) 
thrown [s\open\src\hotspot\share\interpreter\linkResolver.cpp, line 759]
Event: 1.728 Thread 0x000001df9301c580 Exception <a 'java/lang/NoSuchMethodError'{0x00000000fffb3210}: 'int java.lang.invoke.DirectMethodHandle$Holder.invokeSpecial(java.lang.Object, java.lang.Object, java.lang.Object)'> (0x00000000fffb3210) 
thrown [s\open\src\hotspot\share\interpreter\linkResolver.cpp, line 759]
Event: 1.733 Thread 0x000001df9301c580 Exception <a 'java/lang/NoSuchMethodError'{0x00000000fffc6358}: 'java.lang.Object java.lang.invoke.Invokers$Holder.invokeExact_MT(java.lang.Object, java.lang.Object, java.lang.Object, java.lang.Object)'> (0x00000000fffc6358) 
thrown [s\open\src\hotspot\share\interpreter\linkResolver.cpp, line 759]
Event: 2.041 Thread 0x000001df9301c580 Exception <a 'java/lang/NoSuchMethodError'{0x00000000ff918eb8}: 'void java.lang.invoke.DirectMethodHandle$Holder.invokeSpecial(java.lang.Object, java.lang.Object, java.lang.Object)'> (0x00000000ff918eb8) 
thrown [s\open\src\hotspot\share\interpreter\linkResolver.cpp, line 759]
Event: 2.070 Thread 0x000001df9301c580 Implicit null exception at 0x000001dfa23d6e8c to 0x000001dfa23d73d0
Event: 2.070 Thread 0x000001df9301c580 Implicit null exception at 0x000001dfa23bea8f to 0x000001dfa23befe4
Event: 2.131 Thread 0x000001df9301c580 Exception <a 'java/lang/NoSuchMethodError'{0x00000000ff8670f0}: 'java.lang.Object java.lang.invoke.DirectMethodHandle$Holder.invokeStaticInit(java.lang.Object)'> (0x00000000ff8670f0) 
thrown [s\open\src\hotspot\share\interpreter\linkResolver.cpp, line 759]
Event: 2.357 Thread 0x000001df9301c580 Exception <a 'java/lang/NoSuchMethodError'{0x00000000ff41f3b8}: 'java.lang.Object java.lang.invoke.DirectMethodHandle$Holder.invokeStaticInit(java.lang.Object, int, int, int, int)'> (0x00000000ff41f3b8) 
thrown [s\open\src\hotspot\share\interpreter\linkResolver.cpp, line 759]
Event: 2.670 Thread 0x000001df9301c580 Exception <a 'java/lang/NoSuchMethodError'{0x00000000ff307cb0}: 'java.lang.Object java.lang.invoke.DirectMethodHandle$Holder.invokeStaticInit(java.lang.Object, java.lang.Object, int, int, int, int)'> (0x00000000ff307cb0) 
thrown [s\open\src\hotspot\share\interpreter\linkResolver.cpp, line 759]
Event: 2.932 Thread 0x000001df9301c580 Exception <a 'java/lang/NoSuchMethodError'{0x00000000ff336070}: 'void java.lang.invoke.DirectMethodHandle$Holder.invokeStatic(java.lang.Object, java.lang.Object, java.lang.Object)'> (0x00000000ff336070) 
thrown [s\open\src\hotspot\share\interpreter\linkResolver.cpp, line 759]
Event: 2.976 Thread 0x000001df9301c580 Implicit null exception at 0x000001dfa23b5ef2 to 0x000001dfa23b64c0
Event: 2.976 Thread 0x000001df9301c580 Implicit null exception at 0x000001dfa23c89f2 to 0x000001dfa23c8fd0

VM Operations (20 events):
Event: 1.128 Executing VM operation: Cleanup
Event: 1.128 Executing VM operation: Cleanup done
Event: 1.665 Executing VM operation: HandshakeAllThreads
Event: 1.665 Executing VM operation: HandshakeAllThreads done
Event: 1.689 Executing VM operation: G1CollectForAllocation
Event: 1.702 Executing VM operation: G1CollectForAllocation done
Event: 1.725 Executing VM operation: HandshakeAllThreads
Event: 1.725 Executing VM operation: HandshakeAllThreads done
Event: 2.276 Executing VM operation: HandshakeAllThreads
Event: 2.276 Executing VM operation: HandshakeAllThreads done
Event: 2.520 Executing VM operation: HandshakeAllThreads
Event: 2.520 Executing VM operation: HandshakeAllThreads done
Event: 3.527 Executing VM operation: Cleanup
Event: 3.527 Executing VM operation: Cleanup done
Event: 7.572 Executing VM operation: Cleanup
Event: 7.572 Executing VM operation: Cleanup done
Event: 25.774 Executing VM operation: Cleanup
Event: 25.774 Executing VM operation: Cleanup done
Event: 32.849 Executing VM operation: Cleanup
Event: 32.849 Executing VM operation: Cleanup done

Events (20 events):
Event: 24.944 loading class jdk/internal/reflect/ByteVectorFactory
Event: 24.945 loading class jdk/internal/reflect/ByteVectorFactory done
Event: 24.945 loading class jdk/internal/reflect/ByteVectorImpl
Event: 24.946 loading class jdk/internal/reflect/ByteVector
Event: 24.946 loading class jdk/internal/reflect/ByteVector done
Event: 24.946 loading class jdk/internal/reflect/ByteVectorImpl done
Event: 24.946 loading class jdk/internal/reflect/ClassFileAssembler
Event: 24.947 loading class jdk/internal/reflect/ClassFileAssembler done
Event: 24.949 loading class jdk/internal/reflect/UTF8
Event: 24.949 loading class jdk/internal/reflect/UTF8 done
Event: 24.954 loading class jdk/internal/reflect/Label
Event: 24.955 loading class jdk/internal/reflect/Label done
Event: 24.955 loading class jdk/internal/reflect/Label$PatchInfo
Event: 24.956 loading class jdk/internal/reflect/Label$PatchInfo done
Event: 24.957 loading class jdk/internal/reflect/MethodAccessorGenerator$1
Event: 24.958 loading class jdk/internal/reflect/MethodAccessorGenerator$1 done
Event: 24.958 loading class jdk/internal/reflect/ClassDefiner
Event: 24.958 loading class jdk/internal/reflect/ClassDefiner done
Event: 24.958 loading class jdk/internal/reflect/ClassDefiner$1
Event: 24.959 loading class jdk/internal/reflect/ClassDefiner$1 done


Dynamic libraries:
0x00007ff772870000 - 0x00007ff772880000 	C:\Program Files\Java\jdk-17\bin\java.exe
0x00007ffad6b70000 - 0x00007ffad6d87000 	C:\WINDOWS\SYSTEM32\ntdll.dll
0x00007ffad58e0000 - 0x00007ffad59a4000 	C:\WINDOWS\System32\KERNEL32.DLL
0x00007ffad3eb0000 - 0x00007ffad4256000 	C:\WINDOWS\System32\KERNELBASE.dll
0x00007ffad4290000 - 0x00007ffad43a1000 	C:\WINDOWS\System32\ucrtbase.dll
0x00007ffacf150000 - 0x00007ffacf16b000 	C:\Program Files\Java\jdk-17\bin\VCRUNTIME140.dll
0x00007ffacf170000 - 0x00007ffacf189000 	C:\Program Files\Java\jdk-17\bin\jli.dll
0x00007ffad6a70000 - 0x00007ffad6b23000 	C:\WINDOWS\System32\ADVAPI32.dll
0x00007ffad5060000 - 0x00007ffad5107000 	C:\WINDOWS\System32\msvcrt.dll
0x00007ffad6920000 - 0x00007ffad69c8000 	C:\WINDOWS\System32\sechost.dll
0x00007ffad4260000 - 0x00007ffad4288000 	C:\WINDOWS\System32\bcrypt.dll
0x00007ffad4c80000 - 0x00007ffad4d97000 	C:\WINDOWS\System32\RPCRT4.dll
0x00007ffad6770000 - 0x00007ffad691e000 	C:\WINDOWS\System32\USER32.dll
0x00007ffad46a0000 - 0x00007ffad46c6000 	C:\WINDOWS\System32\win32u.dll
0x00007ffab9530000 - 0x00007ffab97c3000 	C:\WINDOWS\WinSxS\amd64_microsoft.windows.common-controls_6595b64144ccf1df_6.0.22621.2506_none_270c5ae97388e100\COMCTL32.dll
0x00007ffad4c50000 - 0x00007ffad4c79000 	C:\WINDOWS\System32\GDI32.dll
0x00007ffad4450000 - 0x00007ffad4568000 	C:\WINDOWS\System32\gdi32full.dll
0x00007ffad43b0000 - 0x00007ffad444a000 	C:\WINDOWS\System32\msvcp_win.dll
0x00007ffacb010000 - 0x00007ffacb01a000 	C:\WINDOWS\SYSTEM32\VERSION.dll
0x00007ffad5a50000 - 0x00007ffad5a81000 	C:\WINDOWS\System32\IMM32.DLL
0x00007ffacf140000 - 0x00007ffacf14c000 	C:\Program Files\Java\jdk-17\bin\vcruntime140_1.dll
0x00007ffa24a20000 - 0x00007ffa24aae000 	C:\Program Files\Java\jdk-17\bin\msvcp140.dll
0x00007ff9f8e10000 - 0x00007ff9f99f1000 	C:\Program Files\Java\jdk-17\bin\server\jvm.dll
0x00007ffad65b0000 - 0x00007ffad65b8000 	C:\WINDOWS\System32\PSAPI.DLL
0x00007ffacd3a0000 - 0x00007ffacd3d4000 	C:\WINDOWS\SYSTEM32\WINMM.dll
0x00007ffa535d0000 - 0x00007ffa535d9000 	C:\WINDOWS\SYSTEM32\WSOCK32.dll
0x00007ffad6670000 - 0x00007ffad66e1000 	C:\WINDOWS\System32\WS2_32.dll
0x00007ffad2ec0000 - 0x00007ffad2ed8000 	C:\WINDOWS\SYSTEM32\kernel.appcore.dll
0x00007ffacf130000 - 0x00007ffacf13a000 	C:\Program Files\Java\jdk-17\bin\jimage.dll
0x00007ffad1890000 - 0x00007ffad1ac3000 	C:\WINDOWS\SYSTEM32\DBGHELP.DLL
0x00007ffad48c0000 - 0x00007ffad4c49000 	C:\WINDOWS\System32\combase.dll
0x00007ffad5c70000 - 0x00007ffad5d47000 	C:\WINDOWS\System32\OLEAUT32.dll
0x00007ffac2600000 - 0x00007ffac2632000 	C:\WINDOWS\SYSTEM32\dbgcore.DLL
0x00007ffad46d0000 - 0x00007ffad474a000 	C:\WINDOWS\System32\bcryptPrimitives.dll
0x00007ffacf100000 - 0x00007ffacf125000 	C:\Program Files\Java\jdk-17\bin\java.dll
0x00007ffa15c60000 - 0x00007ffa15d37000 	C:\Program Files\Java\jdk-17\bin\jsvml.dll
0x00007ffad5d50000 - 0x00007ffad65ab000 	C:\WINDOWS\System32\SHELL32.dll
0x00007ffad1dc0000 - 0x00007ffad26b6000 	C:\WINDOWS\SYSTEM32\windows.storage.dll
0x00007ffad1c80000 - 0x00007ffad1dbe000 	C:\WINDOWS\SYSTEM32\wintypes.dll
0x00007ffad5110000 - 0x00007ffad5203000 	C:\WINDOWS\System32\SHCORE.dll
0x00007ffad69d0000 - 0x00007ffad6a2e000 	C:\WINDOWS\System32\shlwapi.dll
0x00007ffad3de0000 - 0x00007ffad3e06000 	C:\WINDOWS\SYSTEM32\profapi.dll
0x00007ffacf0e0000 - 0x00007ffacf0f9000 	C:\Program Files\Java\jdk-17\bin\net.dll
0x00007ffacd830000 - 0x00007ffacd967000 	C:\WINDOWS\SYSTEM32\WINHTTP.dll
0x00007ffad3350000 - 0x00007ffad33b9000 	C:\WINDOWS\system32\mswsock.dll
0x00007ffa53b20000 - 0x00007ffa53b36000 	C:\Program Files\Java\jdk-17\bin\nio.dll
0x00007ffa53060000 - 0x00007ffa53078000 	C:\Program Files\Java\jdk-17\bin\zip.dll
0x00007ffacf0d0000 - 0x00007ffacf0e0000 	C:\Program Files\Java\jdk-17\bin\verify.dll
0x00007ffa46e60000 - 0x00007ffa46e87000 	C:\Users\asepr\.gradle\native\68d5fa5c4cc2d200863cafc0d521ce42e7d3e7ee720ec0a83991735586a16f82\windows-amd64\native-platform.dll
0x00007ffaceb70000 - 0x00007ffaceb7a000 	C:\Program Files\Java\jdk-17\bin\management.dll
0x00007ffa546e0000 - 0x00007ffa546eb000 	C:\Program Files\Java\jdk-17\bin\management_ext.dll
0x00007ffad35d0000 - 0x00007ffad35eb000 	C:\WINDOWS\SYSTEM32\CRYPTSP.dll
0x00007ffad2e20000 - 0x00007ffad2e55000 	C:\WINDOWS\system32\rsaenh.dll
0x00007ffad3460000 - 0x00007ffad348c000 	C:\WINDOWS\SYSTEM32\USERENV.dll
0x00007ffad35c0000 - 0x00007ffad35cc000 	C:\WINDOWS\SYSTEM32\CRYPTBASE.dll
0x00007ffad2960000 - 0x00007ffad298d000 	C:\WINDOWS\SYSTEM32\IPHLPAPI.DLL
0x00007ffad5a40000 - 0x00007ffad5a49000 	C:\WINDOWS\System32\NSI.dll
0x00007ffacd5a0000 - 0x00007ffacd5b9000 	C:\WINDOWS\SYSTEM32\dhcpcsvc6.DLL
0x00007ffacd3e0000 - 0x00007ffacd3ff000 	C:\WINDOWS\SYSTEM32\dhcpcsvc.DLL
0x00007ffad29e0000 - 0x00007ffad2ad9000 	C:\WINDOWS\SYSTEM32\DNSAPI.dll
0x00007ffa53b10000 - 0x00007ffa53b1e000 	C:\Program Files\Java\jdk-17\bin\sunmscapi.dll
0x00007ffad4750000 - 0x00007ffad48b6000 	C:\WINDOWS\System32\CRYPT32.dll
0x00007ffad37f0000 - 0x00007ffad381e000 	C:\WINDOWS\SYSTEM32\ncrypt.dll
0x00007ffad37b0000 - 0x00007ffad37e7000 	C:\WINDOWS\SYSTEM32\NTASN1.dll
0x00007ffa53470000 - 0x00007ffa53478000 	C:\WINDOWS\system32\wshunix.dll

dbghelp: loaded successfully - version: 4.0.5 - missing functions: none
symbol engine: initialized successfully - sym options: 0x614 - pdb path: .;C:\Program Files\Java\jdk-17\bin;C:\WINDOWS\SYSTEM32;C:\WINDOWS\WinSxS\amd64_microsoft.windows.common-controls_6595b64144ccf1df_6.0.22621.2506_none_270c5ae97388e100;C:\Program Files\Java\jdk-17\bin\server;C:\Users\asepr\.gradle\native\68d5fa5c4cc2d200863cafc0d521ce42e7d3e7ee720ec0a83991735586a16f82\windows-amd64

VM Arguments:
jvm_args: -Xmx64m -Xms64m -Dorg.gradle.appname=gradlew 
java_command: org.gradle.wrapper.GradleWrapperMain app:installDebug -PreactNativeDevServerPort=8081
java_class_path (initial): C:\Users\asepr\GreetInc\android\\gradle\wrapper\gradle-wrapper.jar
Launcher Type: SUN_STANDARD

[Global flags]
     intx CICompilerCount                          = 4                                         {product} {ergonomic}
     uint ConcGCThreads                            = 3                                         {product} {ergonomic}
     uint G1ConcRefinementThreads                  = 10                                        {product} {ergonomic}
   size_t G1HeapRegionSize                         = 1048576                                   {product} {ergonomic}
    uintx GCDrainStackTargetSize                   = 64                                        {product} {ergonomic}
   size_t InitialHeapSize                          = 67108864                                  {product} {command line}
   size_t MarkStackSize                            = 4194304                                   {product} {ergonomic}
   size_t MaxHeapSize                              = 67108864                                  {product} {command line}
   size_t MaxNewSize                               = 39845888                                  {product} {ergonomic}
   size_t MinHeapDeltaBytes                        = 1048576                                   {product} {ergonomic}
   size_t MinHeapSize                              = 67108864                                  {product} {command line}
    uintx NonNMethodCodeHeapSize                   = 5839372                                {pd product} {ergonomic}
    uintx NonProfiledCodeHeapSize                  = 122909434                              {pd product} {ergonomic}
    uintx ProfiledCodeHeapSize                     = 122909434                              {pd product} {ergonomic}
    uintx ReservedCodeCacheSize                    = 251658240                              {pd product} {ergonomic}
     bool SegmentedCodeCache                       = true                                      {product} {ergonomic}
   size_t SoftMaxHeapSize                          = 67108864                               {manageable} {ergonomic}
     bool UseCompressedClassPointers               = true                           {product lp64_product} {ergonomic}
     bool UseCompressedOops                        = true                           {product lp64_product} {ergonomic}
     bool UseG1GC                                  = true                                      {product} {ergonomic}
     bool UseLargePagesIndividualAllocation        = false                                  {pd product} {ergonomic}

Logging:
Log output configuration:
 #0: stdout all=warning uptime,level,tags
 #1: stderr all=off uptime,level,tags

Environment Variables:
JAVA_HOME=C:\Program Files\Java\jdk-17
CLASSPATH=C:\Users\asepr\GreetInc\android\\gradle\wrapper\gradle-wrapper.jar
PATH=C:\Users\asepr\GreetInc\node_modules\.bin;C:\Users\asepr\GreetInc\node_modules\.bin;C:\Users\asepr\node_modules\.bin;C:\Users\node_modules\.bin;C:\node_modules\.bin;C:\Users\asepr\AppData\Roaming\npm\node_modules\npm\node_modules\@npmcli\run-script\lib\node-gyp-bin;C:\Users\asepr\GreetInc\node_modules\.bin;C:\Users\asepr\node_modules\.bin;C:\Users\node_modules\.bin;C:\node_modules\.bin;C:\Users\asepr\AppData\Roaming\npm\node_modules\npm\node_modules\@npmcli\run-script\lib\node-gyp-bin;C:\Users\asepr\bin;C:\Program Files\Git\mingw64\bin;C:\Program Files\Git\usr\local\bin;C:\Program Files\Git\usr\bin;C:\Program Files\Git\usr\bin;C:\Program Files\Git\mingw64\bin;C:\Program Files\Git\usr\bin;C:\Users\asepr\bin;C:\Program Files\Common Files\Oracle\Java\javapath;C:\WINDOWS\system32;C:\WINDOWS;C:\WINDOWS\System32\Wbem;C:\WINDOWS\System32\WindowsPowerShell\v1.0;C:\WINDOWS\System32\OpenSSH;C:\Program Files\Git\cmd;C:\Program Files\Redis;C:\xampp\php;C:\Program Files\apache-maven-3.8.3\bin;C:\Program Files\PuTTY;C:\instantclient_21_3;C:\curl-7.81.0-win64-mingw\bin;C:\Program Files\Go\bin;C:\ProgramData\ComposerSetup\bin;C:\Program Files\Docker\Docker\resources\bin;C:\Program Files\nodejs;C:\Users\asepr\scoop\shims;C:\Users\asepr\AppData\Local\Microsoft\WindowsApps;C:\Users\asepr\Downloads\apache-maven-3.8.3;C:\flutter\bin;C:\Users\asepr\go\bin;C:\Program Files\heroku\bin;C:\Users\asepr\apps\gsudo;C:\instantclient_21_3;C:\curl-7.81.0-win64-mingw\bin;C:\Users\asepr\AppData\Local\Microsoft\WindowsApps;C:\Users\asepr\AppData\Local\Programs\Microsoft VS Code\bin;C:\Users\asepr\go\bin;C:\Users\asepr\AppData\Roaming\Composer\vendor\bin;C:\Program Files\nodejs;C:\Users\asepr\AppData\Roaming\npm;C:\Program Files\Git\usr\bin\vendor_perl;C:\Program Files\Git\usr\bin\core_perl
USERNAME=asepr
SHELL=C:\Program Files\Git\usr\bin\bash.exe
DISPLAY=needs-to-be-defined
LANG=en_US.UTF-8
OS=Windows_NT
PROCESSOR_IDENTIFIER=AMD64 Family 23 Model 104 Stepping 1, AuthenticAMD



---------------  S Y S T E M  ---------------

OS:
 Windows 11 , 64 bit Build 22621 (10.0.22621.3085)
OS uptime: 0 days 1:47 hours
Hyper-V role detected

CPU: total 12 (initial active 12) (12 cores per cpu, 2 threads per core) family 23 model 104 stepping 1 microcode 0x0, cx8, cmov, fxsr, ht, mmx, 3dnowpref, sse, sse2, sse3, ssse3, sse4a, sse4.1, sse4.2, popcnt, lzcnt, tsc, tscinvbit, avx, avx2, aes, clmul, bmi1, bmi2, adx, sha, fma, vzeroupper, clflush, clflushopt, hv

Memory: 4k page, system-wide physical 6005M (372M free)
TotalPageFile size 24437M (AvailPageFile size 0M)
current process WorkingSet (physical memory assigned to process): 20M, peak: 89M
current process commit charge ("private bytes"): 164M, peak: 167M

vm_info: Java HotSpot(TM) 64-Bit Server VM (17.0.9+11-LTS-201) for windows-amd64 JRE (17.0.9+11-LTS-201), built on Oct 10 2023 23:16:06 by "mach5one" with MS VC++ 17.1 (VS2022)

END.
